number,value,params_alpha,user_attrs_mae_valid,user_attrs_rmse_valid,user_attrs_smape_valid,state,nivel,familia,params_l1_ratio,params_max_depth,params_max_features,params_min_samples_leaf,params_min_samples_split,params_n_estimators,params_l2_regularization,params_learning_rate,params_max_iter,params_max_leaf_nodes,params_colsample_bytree,params_min_child_weight,params_reg_alpha,params_reg_lambda,params_subsample
3,-0.37603841130164883,,1.6614708001393783,1.985977497071047,7.510011383651182,COMPLETE,rango,hist_gradient_boosting,,,,24.0,,,0.00010929592787219404,0.01024634005770867,282.0,37.0,,,,,
4,0.19460435063252046,,1.2102122901696886,1.519370480368886,5.540481434930559,COMPLETE,rango,hist_gradient_boosting,,,,21.0,,,0.0015577217702693043,0.05476331374316277,183.0,24.0,,,,,
5,-0.1520466162577787,,1.641659837931178,1.8171637766563455,7.354486312607614,COMPLETE,rango,hist_gradient_boosting,,,,32.0,,,2.1142332035497158e-06,0.10788483727948411,220.0,37.0,,,,,
6,-7.073361635537012,,4.50268925502465,4.8104560146698105,18.819183388051474,COMPLETE,rango,hist_gradient_boosting,,,,48.0,,,5.746775499181867,0.053848112391315636,202.0,11.0,,,,,
7,-0.2260090626747564,,1.7122067065087883,1.874588225805339,7.6185232168801535,COMPLETE,rango,hist_gradient_boosting,,,,36.0,,,0.0012052231254145623,0.11814432092118202,283.0,13.0,,,,,
8,-7.073361635537012,,4.50268925502465,4.8104560146698105,18.819183388051474,COMPLETE,rango,hist_gradient_boosting,,,,46.0,,,6.478282331897332e-05,0.008059522363804595,397.0,9.0,,,,,
9,-0.4870028408354956,,1.7412062675876858,2.0645002688822935,7.779417122614284,COMPLETE,rango,hist_gradient_boosting,,,,30.0,,,1.967801053211497e-05,0.0667690954439529,287.0,37.0,,,,,
10,0.671026814018886,,0.7655519259036486,0.9710448629415793,3.574041816927938,COMPLETE,rango,hist_gradient_boosting,,,,6.0,,,0.036565023379591846,0.022639291620412304,660.0,63.0,,,,,
11,0.6724183413906741,,0.7642924434047194,0.9689889697939083,3.5670814600743848,COMPLETE,rango,hist_gradient_boosting,,,,6.0,,,0.1475158931424759,0.022687615652227402,691.0,63.0,,,,,
12,0.6784971350694602,,0.7584800074753498,0.959956311432226,3.538832338803641,COMPLETE,rango,hist_gradient_boosting,,,,6.0,,,0.14174738765779735,0.02256508822740643,566.0,63.0,,,,,
13,0.6949456576214821,,0.7619206417678638,0.9350775933157196,3.537168186073362,COMPLETE,rango,hist_gradient_boosting,,,,5.0,,,1.331411893520304,0.026059578182190117,544.0,64.0,,,,,
14,0.10777911380117655,,1.238389110812391,1.5991722221758005,5.682816371734887,COMPLETE,rango,hist_gradient_boosting,,,,14.0,,,5.937513315185792,0.03362649631348126,543.0,47.0,,,,,
15,0.06637606226598636,,1.2772041384671344,1.6358558590386938,5.8469144444624,COMPLETE,rango,hist_gradient_boosting,,,,13.0,,,0.7403373814704578,0.21860300184408024,538.0,47.0,,,,,
16,0.39071864052266847,,1.0173980689396047,1.3215025039706192,4.7127317737035455,COMPLETE,rango,hist_gradient_boosting,,,,10.0,,,0.010807884533589544,0.017975715859247992,529.0,55.0,,,,,
17,0.15131994739293542,,1.2469388821775849,1.559663978633224,5.708671013764309,COMPLETE,rango,hist_gradient_boosting,,,,20.0,,,0.6748425178197053,0.012925848253551865,468.0,25.0,,,,,
18,-0.46384860250793447,,1.8082532072174378,2.048363959372086,8.081740451295582,COMPLETE,rango,hist_gradient_boosting,,,,41.0,,,0.5537398418146185,0.03427798594801205,607.0,64.0,,,,,
19,0.7087632542721061,,0.7600232995998231,0.9136547774613528,3.518552810806947,COMPLETE,rango,hist_gradient_boosting,,,,5.0,,,0.01069145270287861,0.015227869901959866,437.0,51.0,,,,,
20,0.15006428433557362,,1.2444635124408043,1.5608173512015064,5.69546047456031,COMPLETE,rango,hist_gradient_boosting,,,,17.0,,,0.0037686440305281003,0.014204680611021026,403.0,43.0,,,,,
21,0.7228784888225062,,0.7377106470393738,0.8912389616173222,3.4098617961987867,COMPLETE,rango,hist_gradient_boosting,,,,5.0,,,0.017152443186983425,0.03265182566698616,464.0,57.0,,,,,
22,0.45763768952793815,,0.9816124691088959,1.2468201023563998,4.551366525798993,COMPLETE,rango,hist_gradient_boosting,,,,9.0,,,0.0005044914293252812,0.03220600008050103,425.0,57.0,,,,,
23,0.3394346965593852,,1.0755039337384456,1.3759952156717095,4.965465337586187,COMPLETE,rango,hist_gradient_boosting,,,,10.0,,,0.01332806756981508,0.042364408140842004,476.0,51.0,,,,,
24,0.7143037651072459,,0.7572653332301531,0.904922326026844,3.5010413743679645,COMPLETE,rango,hist_gradient_boosting,,,,5.0,,,0.009023554816470498,0.013649206162351771,469.0,43.0,,,,,
25,0.17885800296709753,,1.1467183115075525,1.534151245330184,5.309108487470195,COMPLETE,rango,hist_gradient_boosting,,,,10.0,,,0.007166490516422402,0.005918649368572037,330.0,42.0,,,,,
26,0.1551263438897441,,1.2303225148731487,1.5561624405114598,5.640296671034281,COMPLETE,rango,hist_gradient_boosting,,,,17.0,,,0.03635155355037702,0.014188765517787402,353.0,29.0,,,,,
27,-0.39339827117713555,,1.6798346549612455,1.9984656059091694,7.583386461385255,COMPLETE,rango,hist_gradient_boosting,,,,25.0,,,0.0004039154262746653,0.0069990013847804925,477.0,42.0,,,,,
28,0.31831263890563355,,1.0591957993940537,1.3978213376243953,4.896925717168825,COMPLETE,rango,hist_gradient_boosting,,,,12.0,,,0.02879986549572515,0.017142375935206434,462.0,52.0,,,,,
29,0.10151146372007902,,1.2660432157556043,1.604779304009772,5.808732520991126,COMPLETE,rango,hist_gradient_boosting,,,,17.0,,,0.0029181016415674474,0.010542407507493145,352.0,45.0,,,,,
30,0.49241393623720786,,0.9427008026887764,1.2061849060102006,4.3735790827262075,COMPLETE,rango,hist_gradient_boosting,,,,8.0,,,0.0004633511518345447,0.017273681666061882,627.0,32.0,,,,,
31,0.698152664674911,,0.737716124803828,0.9301494161878623,3.4441900596249595,COMPLETE,rango,hist_gradient_boosting,,,,6.0,,,0.3468204150270406,0.025123232986421187,585.0,58.0,,,,,
32,0.7254534338459241,,0.7318342097281153,0.8870887115659752,3.3878390143292774,COMPLETE,rango,hist_gradient_boosting,,,,5.0,,,0.08023375402124876,0.02746991187491571,439.0,51.0,,,,,
33,0.4825976937172336,,0.9511758889491316,1.2177923029605877,4.409082323519215,COMPLETE,rango,hist_gradient_boosting,,,,8.0,,,0.04726330973539398,0.04152244710971765,431.0,52.0,,,,,
34,0.346757856834395,,1.0408569024231145,1.3683466779451894,4.814982071796013,COMPLETE,rango,hist_gradient_boosting,,,,12.0,,,0.013952622982943799,0.011238755876616924,501.0,49.0,,,,,
35,0.7039934711433143,,0.7621284317202474,0.9211061664484095,3.5274899625451286,COMPLETE,rango,hist_gradient_boosting,,,,5.0,,,0.08244886213367818,0.0295063517462706,386.0,59.0,,,,,
36,0.08310522741880721,,1.2473958994282919,1.6211335472164186,5.718144575019313,COMPLETE,rango,hist_gradient_boosting,,,,15.0,,,0.004700247749568423,0.07133939277014681,439.0,54.0,,,,,
37,-1.6638329248629735,,2.318593855239099,2.7632013722670905,10.280208255042846,COMPLETE,rango,hist_gradient_boosting,,,,21.0,,,0.0012394430390095766,0.00864641825931768,105.0,40.0,,,,,
38,0.46459968336833224,,0.9745439852655507,1.2387918985896842,4.518763846507085,COMPLETE,rango,hist_gradient_boosting,,,,9.0,,,0.22366174030438585,0.01732793729062941,351.0,60.0,,,,,
39,0.1647343615275444,,1.1651636487451205,1.54728869500509,5.367107163840963,COMPLETE,rango,hist_gradient_boosting,,,,12.0,,,0.021395202363943943,0.05139956955505314,500.0,34.0,,,,,
40,0.4819560449526995,,0.9714784491649399,1.2185471824890015,4.495018916719648,COMPLETE,rango,hist_gradient_boosting,,,,8.0,,,0.0001515038718876533,0.039860073299944086,499.0,49.0,,,,,
41,0.5912523174447069,,0.8509238094198043,1.08239729028042,3.9566013685824712,COMPLETE,rango,hist_gradient_boosting,,,,7.0,,,0.06858074085823913,0.02894424611612586,400.0,59.0,,,,,
42,0.6502805960739799,,0.7995612686691407,1.0011955471689458,3.721726826856378,COMPLETE,rango,hist_gradient_boosting,,,,5.0,,,2.0816377088656033,0.020651194221950726,380.0,54.0,,,,,
43,0.7065210801150126,,0.7677231203184721,0.9171650579731918,3.5551516379527865,COMPLETE,rango,hist_gradient_boosting,,,,5.0,,,0.08599001076905563,0.013415774673383818,446.0,60.0,,,,,
44,0.4484465831065563,,0.9693539706379918,1.2573402961682396,4.4975684703154135,COMPLETE,rango,hist_gradient_boosting,,,,10.0,,,0.11775096878048069,0.012162250677000832,445.0,56.0,,,,,
45,-1.0820340457094528,,2.1535676920147253,2.4428846359088667,9.579765121007606,COMPLETE,rango,hist_gradient_boosting,,,,37.0,,,0.0024093124377656174,0.009708386465274579,243.0,46.0,,,,,
46,0.6607211730178046,,0.8008986222856849,0.9861373854055098,3.7238933080569137,COMPLETE,rango,hist_gradient_boosting,,,,5.0,,,0.006099463030962559,0.007136028634974732,415.0,61.0,,,,,
47,0.3201590303533298,,1.0788492104633727,1.3959270122125362,4.981860168917508,COMPLETE,rango,hist_gradient_boosting,,,,15.0,,,0.021428070815638883,0.014826493166299675,318.0,50.0,,,,,
48,0.605550651462281,,0.8257714371783552,1.0632971901710242,3.847033106724814,COMPLETE,rango,hist_gradient_boosting,,,,7.0,,,0.22354972975089082,0.020917006621894912,515.0,19.0,,,,,
49,0.13288479556033972,,1.2121426996308682,1.5765125973133052,5.56555499107718,COMPLETE,rango,hist_gradient_boosting,,,,11.0,,,2.383072924997366,0.07213395518997487,453.0,53.0,,,,,
50,-7.073361635537012,,4.50268925502465,4.8104560146698105,18.819183388051474,COMPLETE,rango,hist_gradient_boosting,,,,50.0,,,0.009254686788475942,0.020130954099819968,378.0,39.0,,,,,
51,0.7202899957480148,,0.7548290248693689,0.8953916593774156,3.4897298630176663,COMPLETE,rango,hist_gradient_boosting,,,,5.0,,,0.08554961862034892,0.029832898567246153,386.0,61.0,,,,,
52,0.6069834439771984,,0.8292388512952646,1.0613642800899608,3.861072481855679,COMPLETE,rango,hist_gradient_boosting,,,,7.0,,,2.199056981490425e-06,0.027995039472484638,418.0,61.0,,,,,
53,0.7240567083545596,,0.7456374626293731,0.8893423321190532,3.4451751908052475,COMPLETE,rango,hist_gradient_boosting,,,,5.0,,,0.060712487590148384,0.024631216970533897,567.0,56.0,,,,,
54,0.49022683692996993,,0.937812611941994,1.2087807323603688,4.348660863869005,COMPLETE,rango,hist_gradient_boosting,,,,8.0,,,0.0494531820521738,0.047785398322755177,584.0,57.0,,,,,
55,0.597979188230408,,0.8353603762441628,1.0734536888352009,3.8881490718427196,COMPLETE,rango,hist_gradient_boosting,,,,7.0,,,0.01699653483084087,0.06029380939945699,566.0,55.0,,,,,
56,-0.23483883215037094,,1.6832474982916001,1.8813265472652794,7.5540638705533985,COMPLETE,rango,hist_gradient_boosting,,,,31.0,,,0.21460948932683196,0.024215493635734567,650.0,45.0,,,,,
57,0.1702477343152019,,1.2058650583775286,1.5421736136386595,5.540253839611886,COMPLETE,rango,hist_gradient_boosting,,,,14.0,,,0.030711850614066113,0.03367337025939963,527.0,48.0,,,,,
58,0.4184544287955947,,1.0196348218911828,1.2910733630227011,4.716174643575935,COMPLETE,rango,hist_gradient_boosting,,,,9.0,,,0.002188267369406276,0.0377338884217919,483.0,52.0,,,,,
59,-0.4278863772825874,,1.6855790587209987,2.0230465213389532,7.530174352173905,COMPLETE,rango,hist_gradient_boosting,,,,27.0,,,0.37947250139350175,0.09962374529453596,552.0,56.0,,,,,
60,0.36227309453914014,,1.063630064627909,1.3519991380066472,4.904416300072967,COMPLETE,rango,hist_gradient_boosting,,,,11.0,,,0.0007729283569710403,0.015746514486070496,315.0,63.0,,,,,
61,0.7109786437565029,,0.7599427906223447,0.9101731337871762,3.520599063463255,COMPLETE,rango,hist_gradient_boosting,,,,5.0,,,0.07404586834767614,0.013112230575814772,454.0,61.0,,,,,
62,0.7058379495779542,,0.7600421751321847,0.9182318795382228,3.516571739417558,COMPLETE,rango,hist_gradient_boosting,,,,5.0,,,0.061586387257412334,0.01877596199626502,483.0,62.0,,,,,
63,0.5854735942617522,,0.8578928269321606,1.090021702860551,3.9877896044884933,COMPLETE,rango,hist_gradient_boosting,,,,7.0,,,0.007766589863539751,0.02616089930834782,416.0,51.0,,,,,
64,0.4588719215974999,,0.9764374340514073,1.2454006251853065,4.529121900017322,COMPLETE,rango,hist_gradient_boosting,,,,9.0,,,0.16116942871380388,0.011897210775406683,374.0,58.0,,,,,
65,0.7116773412654129,,0.6968031278201833,0.9090723146089067,3.267670243286903,COMPLETE,rango,hist_gradient_boosting,,,,6.0,,,1.093918392147622,0.03065675552636515,458.0,44.0,,,,,
66,0.6966860708478221,,0.7177503393297242,0.9324063491404881,3.3593617413505896,COMPLETE,rango,hist_gradient_boosting,,,,6.0,,,1.191330406174007,0.04752740994469917,509.0,44.0,,,,,
67,-0.598648780154913,,1.8528795869856676,2.140600265595822,8.282787633186906,COMPLETE,rango,hist_gradient_boosting,,,,44.0,,,3.927224405671465,0.03094672409380426,462.0,41.0,,,,,
68,0.28500371854908335,,1.11704099315689,1.4315645528467573,5.146237359486063,COMPLETE,rango,hist_gradient_boosting,,,,11.0,,,0.5047360427588319,0.03551589557648939,400.0,38.0,,,,,
69,0.5873559233101877,,0.8519320802719693,1.0875440391596165,3.959017092197502,COMPLETE,rango,hist_gradient_boosting,,,,7.0,,,1.1606110610215945,0.023638264528749214,698.0,36.0,,,,,
70,0.4417158863381897,,0.9923109955671569,1.2649887978260106,4.595470991792029,COMPLETE,rango,hist_gradient_boosting,,,,9.0,,,0.13218047892188445,0.02645431085717552,613.0,64.0,,,,,
71,0.7110837931869216,,0.7529845971069842,0.9100075527830416,3.483532563816987,COMPLETE,rango,hist_gradient_boosting,,,,5.0,,,0.03198939546981804,0.022506293022697358,429.0,48.0,,,,,
72,0.6989794988568087,,0.7688206447266134,0.928874588421453,3.5595339595399254,COMPLETE,rango,hist_gradient_boosting,,,,5.0,,,0.03226310596145263,0.023126871436200958,360.0,48.0,,,,,
73,-0.16095337394363907,,1.6543250741652185,1.824174723487326,7.412330746888069,COMPLETE,rango,hist_gradient_boosting,,,,34.0,,,0.051822881282949707,0.03082566233938262,466.0,43.0,,,,,
74,0.6742559438206692,,0.760468929071685,0.9662673268014841,3.5517263996670665,COMPLETE,rango,hist_gradient_boosting,,,,6.0,,,0.019212714908518023,0.03739392583732837,432.0,54.0,,,,,
75,0.4547870363058344,,0.9751137215826513,1.2500924478210511,4.51127472850973,COMPLETE,rango,hist_gradient_boosting,,,,8.0,,,0.36798146817596494,0.04389849757143327,492.0,47.0,,,,,
76,0.604977749963615,,0.8321305649736628,1.0640690808175755,3.8811792541599672,COMPLETE,rango,hist_gradient_boosting,,,,6.0,,,8.94549521369562,0.01591471637101599,523.0,58.0,,,,,
77,0.0682034265550101,,1.298008100875844,1.6342541602077525,5.93920474395332,COMPLETE,rango,hist_gradient_boosting,,,,13.0,,,0.10388531568692996,0.24806688657750392,449.0,50.0,,,,,
78,0.4095692080694364,,0.9961538346470983,1.300898892474923,4.619198609106124,COMPLETE,rango,hist_gradient_boosting,,,,10.0,,,0.0045907997819016055,0.018458373805612355,407.0,56.0,,,,,
79,0.5144049658282221,,0.9315783562248657,1.1797667800209475,4.323460325673296,COMPLETE,rango,hist_gradient_boosting,,,,8.0,,,0.012444157691355378,0.021855038353695656,336.0,60.0,,,,,
0,0.731625729408837,,0.689093236988771,0.8770603606405917,3.195637504269868,COMPLETE,rango,xgboost,,10.0,,,,431.0,,0.08762050559064072,,,0.6202083881990965,3.96389588638785,3.3323645788192616e-08,0.6245760287469893,0.8193963178886665
1,0.5919263697093128,,0.8748458616214088,1.0815044492800003,4.066375888097864,COMPLETE,rango,xgboost,,8.0,,,,601.0,,0.005419290634672375,,,0.9245991883601898,5.034443102887247,4.329370014459266e-07,4.4734294104626844e-07,0.9864594334728974
2,0.7450468001050372,,0.6745433466674471,0.8548487445771931,3.1302315251548363,COMPLETE,rango,xgboost,,6.0,,,,378.0,,0.027091411597666194,,,0.8253338026250707,3.6503833523887947,4.258943089524393e-06,1.9826980964985924e-05,0.6810531130891189
3,0.817017773902447,,0.5559633559533118,0.7242083002991406,2.5519043806053645,COMPLETE,rango,xgboost,,9.0,,,,492.0,,0.010919676461591487,,,0.8165865559879191,1.8825578416799567,0.0029369981104377003,3.425445902633376e-07,0.7814054972861253
4,0.7528979385864489,,0.6737459842121097,0.8415835324255312,3.066784966810662,COMPLETE,rango,xgboost,,10.0,,,,198.0,,0.21854952340652511,,,0.6870761961280168,2.8557701661212933,0.014391207615728067,9.148975058772307e-05,0.9137788066524075
5,-0.49110165571473674,,1.6405062986205912,2.067343633059691,7.4466611235801325,COMPLETE,rango,xgboost,,6.0,,,,241.0,,0.005719987374645638,,,0.6664509917200077,13.587923402725657,6.388511557344611e-06,0.0004793052550782129,0.959194180935452
6,-0.5769166190927997,,1.8125571389834885,2.126000732270535,8.094023574796966,COMPLETE,rango,xgboost,,3.0,,,,560.0,,0.22195513835256983,,,0.9727745237038852,18.001719658125328,0.002404915432737351,1.9809253750493907,0.8988097705125015
7,-0.33070210702333647,,1.5182322406060909,1.9529875149190348,6.922177973356043,COMPLETE,rango,xgboost,,3.0,,,,216.0,,0.0059677388712406935,,,0.724904780360267,6.155631603704022,0.28749982347407854,1.6247252885719427e-05,0.696398648843469
8,-0.13902748263907005,,1.48326626349045,1.806866833473521,6.749627941359175,COMPLETE,rango,xgboost,,6.0,,,,360.0,,0.008677528234927538,,,0.5835477896558969,19.75085179540983,0.08916674715636537,6.143857495033091e-07,0.9109886413393178
9,0.7959804381200881,,0.5985546646106618,0.7647067962796216,2.745208683402838,COMPLETE,rango,xgboost,,9.0,,,,154.0,,0.07941443105985017,,,0.8970716560086756,2.4068483829477167,1.683416412018213e-05,1.1036250149900698e-07,0.8780532256184443
10,0.02093428354005844,,1.3430516555381231,1.675193450300332,6.125175635432471,COMPLETE,rango,xgboost,,8.0,,,,842.0,,0.01666223441452634,,,0.8045258908066315,9.109445012282968,4.3444691085504035,1.2784194237583953e-08,0.5580828440266691
11,0.8190622032055915,,0.5566230467805535,0.7201512080593099,2.5357623947801673,COMPLETE,rango,xgboost,,8.0,,,,738.0,,0.0641266484362419,,,0.8724120340085176,1.700174644128054,0.00013730750409712947,1.3830977828403221e-08,0.8013361288506806
12,0.8189379042683563,,0.5414448404550637,0.7203985269260661,2.480292030438001,COMPLETE,rango,xgboost,,8.0,,,,723.0,,0.04582685433760387,,,0.8616757017023947,1.142695885108246,0.0001653282123997987,0.007483948702276168,0.7585243287729058
13,0.2655290713663978,,1.1563921337724887,1.450929630735444,5.312710399707562,COMPLETE,rango,xgboost,,7.0,,,,754.0,,0.05170822542517191,,,0.8526095478857014,8.23676295467294,8.773472263092467e-05,0.016756638283609265,0.7042596797198424
14,0.051746700063828976,,1.2989040699945569,1.648622512660844,5.938996074029341,COMPLETE,rango,xgboost,,5.0,,,,710.0,,0.03516781498692268,,,0.9893238931248386,11.432143796819684,0.00026906735625575645,0.008587026492761683,0.7576321777690994
15,0.7976430929287492,,0.5703268581328382,0.761584437735656,2.6084759728150573,COMPLETE,rango,xgboost,,8.0,,,,900.0,,0.11100498439487774,,,0.7535468407949238,1.2561931888925701,3.30735195092643e-07,0.016846643362048847,0.6245003266234201
16,0.5177047815203315,,0.933063531636142,1.175751449469902,4.322007044923597,COMPLETE,rango,xgboost,,4.0,,,,660.0,,0.05092426011725823,,,0.8924774135489815,6.638601070961663,0.0008219962609564758,0.0012574242824552632,0.8239309470546955
17,-0.08321375570713507,,1.427661232609739,1.7620414801285205,6.482912107916833,COMPLETE,rango,xgboost,,7.0,,,,787.0,,0.022124815668891486,,,0.9396951116399332,14.436695092760667,5.4972035730472314e-05,0.3416092846276225,0.7437155226434784
18,0.3880044989965291,,1.0709803994787064,1.3244426556812503,4.9357470282927665,COMPLETE,rango,xgboost,,9.0,,,,607.0,,0.13202992936876992,,,0.861425836123269,7.086454969900423,0.0259294208202731,0.1473357711352491,0.8319155110982274
19,-0.04119503971640537,,1.378563122972639,1.7275279788572067,6.277617205258884,COMPLETE,rango,xgboost,,7.0,,,,698.0,,0.052531846174940534,,,0.7713098365427533,10.527683293024964,6.650686475389145e-07,1.4068825781447074e-05,0.6270074155387303
20,0.6825440525894576,,0.7706150044846541,0.9538954529216316,3.5730681187499327,COMPLETE,rango,xgboost,,5.0,,,,810.0,,0.06520129468652852,,,0.8799037092767243,4.359699188860153,2.1310274386675965e-08,0.0017377542249006636,0.8530060170944956
21,0.814723559527602,,0.5561424347971703,0.7287341868380771,2.550802988672183,COMPLETE,rango,xgboost,,9.0,,,,490.0,,0.013070415277139385,,,0.8273231167075481,1.0317270682738446,0.004367183543512937,3.0072008521202734e-08,0.7830178244494111
22,0.8350952851086182,,0.5372980704897331,0.6875045570165662,2.456478890128301,COMPLETE,rango,xgboost,,9.0,,,,508.0,,0.03538128057524096,,,0.7868325761098303,1.1402961734418142,0.0004987910643562356,1.156870800143468e-06,0.7816025294449773
23,0.6139264076679449,,0.8583153461195685,1.0519475657530715,3.9736323464215046,COMPLETE,rango,xgboost,,8.0,,,,650.0,,0.03316044866311025,,,0.7396952818693636,5.471963938527071,0.00024515739632927883,3.888361917517534e-06,0.7412829290494943
24,0.7679212847135902,,0.6583549169858623,0.8155990298344471,3.04365476692505,COMPLETE,rango,xgboost,,10.0,,,,886.0,,0.02144444740660871,,,0.9381912295791619,3.127264277019827,3.117187213042728e-05,2.290255904499173e-06,0.7841665256293018
25,0.7419933561161289,,0.6473869919248338,0.8599525515876933,3.039039955663231,COMPLETE,rango,xgboost,,7.0,,,,533.0,,0.041176183586177556,,,0.776391004690734,1.4451498655044477,0.0008849299239384577,9.879192474391058,0.7183270315143238
26,0.7677095812952448,,0.6581659572590552,0.8159709418899087,3.036961820284337,COMPLETE,rango,xgboost,,9.0,,,,732.0,,0.13621693618926758,,,0.7049033496863267,3.015201318513548,0.00018411750012166804,3.4926537484711143e-08,0.802202296576123
27,0.5553677230978071,,0.8890910176571892,1.128910565542477,4.113145484526503,COMPLETE,rango,xgboost,,2.0,,,,428.0,,0.07127371301402596,,,0.8527756030672369,4.59147575623286,3.4883831316707584e-06,1.25731568610511e-07,0.6627094934342062
28,0.47795850662662065,,0.9661962973450439,1.2232396683727618,4.469220247695221,COMPLETE,rango,xgboost,,8.0,,,,644.0,,0.027881321990767018,,,0.7832856642117179,7.792942722269246,0.31401540424524044,0.00011048985888633225,0.8635445685396056
29,0.7336613382834367,,0.7069133742361554,0.8737277941335871,3.2398984403738575,COMPLETE,rango,xgboost,,10.0,,,,317.0,,0.0934788807315691,,,0.6127218038790063,3.9552013338012832,0.0006943540854738456,0.05637957284461835,0.8156960449548122
30,-0.054673076673912746,,1.4214163876424388,1.7386732582330482,6.466442230431937,COMPLETE,rango,xgboost,,9.0,,,,472.0,,0.0490389474885562,,,0.9046533638954077,12.381751914154101,1.292139886896667e-07,2.412430431608682e-06,0.7241550200165027
