number,value,params_alpha,user_attrs_mae_valid,user_attrs_rmse_valid,user_attrs_smape_valid,state,nivel,familia,params_l1_ratio,params_max_depth,params_max_features,params_min_samples_leaf,params_min_samples_split,params_n_estimators,params_l2_regularization,params_learning_rate,params_max_iter,params_max_leaf_nodes,params_colsample_bytree,params_min_child_weight,params_reg_alpha,params_reg_lambda,params_subsample
77,0.8310562566798261,0.0003215193790648679,1.2811156512641897,1.4869993998852495,7.025030737924426,COMPLETE,banco,elasticnet,0.8523897817182626,,,,,,,,,,,,,,
78,0.8181823976384052,0.0006117843388229988,1.3466691781750153,1.54261553310028,7.309404317586574,COMPLETE,banco,elasticnet,0.9243317795882418,,,,,,,,,,,,,,
79,0.8400908479576638,0.00014581547785557581,1.2326137720255437,1.446693056577021,6.814436075245692,COMPLETE,banco,elasticnet,0.8214792378320461,,,,,,,,,,,,,,
0,0.4080794517198686,,1.5111850009635546,2.7833732251390586,8.351789010203396,COMPLETE,banco,random_forest,,16.0,0.4514121162875837,9.0,15.0,462.0,,,,,,,,,
1,0.2610974946761869,,1.754781400807914,3.1098060665758966,9.526502951715823,COMPLETE,banco,random_forest,,2.0,0.8102471755674295,11.0,15.0,309.0,,,,,,,,,
2,0.39750799202647924,,1.5227531471221114,2.8081181859266904,8.413617655325503,COMPLETE,banco,random_forest,,16.0,0.4681862286846154,10.0,6.0,214.0,,,,,,,,,
3,0.4630606256879549,,1.4511978625147177,2.650955045501568,8.069464163329766,COMPLETE,banco,random_forest,,6.0,0.5392989411287272,7.0,11.0,328.0,,,,,,,,,
4,0.5267329449827264,,1.4550072367925317,2.488816478862802,8.10634525863449,COMPLETE,banco,random_forest,,4.0,0.6464454897410734,4.0,10.0,628.0,,,,,,,,,
5,0.40078222407295494,,1.531582396488687,2.8004774568931685,8.452325468586276,COMPLETE,banco,random_forest,,4.0,0.3801927682679985,7.0,15.0,750.0,,,,,,,,,
6,0.7973880991195836,,1.2652170232919087,1.6284416905305625,6.8802293843463955,COMPLETE,banco,random_forest,,4.0,0.9776608214984636,1.0,23.0,625.0,,,,,,,,,
7,0.6625247884894967,,1.353666889444633,2.101651373739817,7.59725208488552,COMPLETE,banco,random_forest,,6.0,0.6360991209307408,2.0,17.0,766.0,,,,,,,,,
8,0.708830175787575,,1.331644959900728,1.952148804084765,7.4934500077716555,COMPLETE,banco,random_forest,,9.0,0.518206988040011,1.0,22.0,285.0,,,,,,,,,
9,0.4392076971219737,,1.467558356210011,2.7091980787977366,8.146359320098254,COMPLETE,banco,random_forest,,6.0,0.47015539609159257,7.0,14.0,664.0,,,,,,,,,
10,0.6312844220883451,,1.3233560731643952,2.196774507669067,7.4762501986427825,COMPLETE,banco,random_forest,,11.0,0.9895325530232119,4.0,23.0,869.0,,,,,,,,,
11,0.7876389334970013,,1.2288619848244118,1.667159631540598,6.797798962642168,COMPLETE,banco,random_forest,,11.0,0.8299636040712635,1.0,24.0,514.0,,,,,,,,,
12,0.6509186833500583,,1.367851393612571,2.1374848221637333,7.721773026954761,COMPLETE,banco,random_forest,,12.0,0.9190393590779812,3.0,20.0,506.0,,,,,,,,,
13,0.7949827928532375,,1.227336003858891,1.6380791911216628,6.7564521906888855,COMPLETE,banco,random_forest,,13.0,0.8106635468244433,1.0,24.0,434.0,,,,,,,,,
14,0.5568684206495895,,1.3562633247264833,2.408275055016453,7.623200023890004,COMPLETE,banco,random_forest,,14.0,0.8057556870059438,5.0,20.0,427.0,,,,,,,,,
15,0.8221023641114951,,1.1667551358481747,1.5258956159620596,6.375963663255963,COMPLETE,banco,random_forest,,9.0,0.9968802769593583,1.0,3.0,575.0,,,,,,,,,
16,0.6675361052026504,,1.3767238207354309,2.0859888420478296,7.795733725186181,COMPLETE,banco,random_forest,,8.0,0.9983783494459986,3.0,6.0,595.0,,,,,,,,,
17,0.28647433093094066,,1.8043653966713509,3.0559379913260187,9.773752981434235,COMPLETE,banco,random_forest,,2.0,0.902830606702781,3.0,2.0,699.0,,,,,,,,,
18,0.5865768139208609,,1.3320641703419374,2.326146975107308,7.514589093394247,COMPLETE,banco,random_forest,,8.0,0.8995271302998005,5.0,4.0,565.0,,,,,,,,,
19,0.4406720945077669,,1.446472575544649,2.7056585010145158,8.054553143494669,COMPLETE,banco,random_forest,,4.0,0.7319931848356129,12.0,10.0,872.0,,,,,,,,,
20,0.7632198480224572,,1.2190562767732125,1.7604041527783907,6.822500509329292,COMPLETE,banco,random_forest,,10.0,0.9389732061886613,2.0,8.0,766.0,,,,,,,,,
21,0.7813716753149573,,1.2099969692113284,1.691581591520593,6.765079935284827,COMPLETE,banco,random_forest,,13.0,0.727659451155175,1.0,19.0,404.0,,,,,,,,,
22,0.7348363108447948,,1.2654002662148904,1.8629309725097059,7.1089555523526275,COMPLETE,banco,random_forest,,14.0,0.851570207186132,2.0,22.0,550.0,,,,,,,,,
23,0.7850550263765739,,1.2373407588793,1.6772715627613783,6.857092738864125,COMPLETE,banco,random_forest,,8.0,0.7578228872997288,1.0,24.0,365.0,,,,,,,,,
24,0.5919916117719632,,1.3211388403908215,2.310863445951853,7.463109516780286,COMPLETE,banco,random_forest,,14.0,0.9397919314372384,5.0,18.0,478.0,,,,,,,,,
25,0.7378625197482052,,1.2493711684581683,1.8522700186299836,7.023404842346402,COMPLETE,banco,random_forest,,10.0,0.8714090781741404,2.0,12.0,635.0,,,,,,,,,
26,0.6174267840718144,,1.352451213868117,2.237675040732648,7.611450015721237,COMPLETE,banco,random_forest,,5.0,0.9744442285606535,4.0,21.0,570.0,,,,,,,,,
27,0.7814965638685745,,1.2331721825253978,1.6910983756404658,6.85366666432409,COMPLETE,banco,random_forest,,7.0,0.7705792000513225,1.0,17.0,686.0,,,,,,,,,
28,0.6052978218741011,,1.3706404641998868,2.2728694874169064,7.702645852371676,COMPLETE,banco,random_forest,,15.0,0.6862791673891433,3.0,2.0,451.0,,,,,,,,,
29,0.5579821788866892,,1.3404680067229768,2.4052466952740055,7.549100990811068,COMPLETE,banco,random_forest,,12.0,0.8659102710933347,6.0,7.0,508.0,,,,,,,,,
30,0.5165585339255377,,1.3409144162930202,2.515426813600942,7.557374391600466,COMPLETE,banco,random_forest,,3.0,0.957819777339975,9.0,4.0,385.0,,,,,,,,,
31,0.7883595327901367,,1.2339924392624277,1.664328663191548,6.813149000776707,COMPLETE,banco,random_forest,,11.0,0.8124038419584526,1.0,23.0,510.0,,,,,,,,,
32,0.7124636879847583,,1.2957457642848265,1.9399301193902092,7.282853901684097,COMPLETE,banco,random_forest,,12.0,0.7943424523221237,2.0,22.0,610.0,,,,,,,,,
33,0.808099205170203,,1.2091907044632655,1.5848133600470948,6.632089773552165,COMPLETE,banco,random_forest,,16.0,0.9132305438212845,1.0,24.0,469.0,,,,,,,,,
34,0.7566292117081987,,1.2442831020212168,1.7847359071152284,6.969275306379768,COMPLETE,banco,random_forest,,16.0,0.9007020696966317,2.0,24.0,244.0,,,,,,,,,
35,0.6604376066229296,,1.3660253493601504,2.1081403943299746,7.720810293585918,COMPLETE,banco,random_forest,,16.0,0.9490753586735635,3.0,20.0,342.0,,,,,,,,,
36,0.5367766066880961,,1.3658335628026341,2.4622660595948465,7.679445374750468,COMPLETE,banco,random_forest,,15.0,0.9956860770372005,9.0,21.0,475.0,,,,,,,,,
37,0.8046553102503671,,1.1881564695203775,1.5989708330899781,6.557042321185308,COMPLETE,banco,random_forest,,15.0,0.8750215689438166,1.0,16.0,415.0,,,,,,,,,
38,0.6056898167077693,,1.3642350162224144,2.271740567352059,7.667420923630354,COMPLETE,banco,random_forest,,5.0,0.8786375319339366,4.0,13.0,717.0,,,,,,,,,
39,0.7586111633946031,,1.2368352526890627,1.7774538263772763,6.927544018301436,COMPLETE,banco,random_forest,,15.0,0.9266045703902158,2.0,16.0,315.0,,,,,,,,,
40,0.23707923408556575,,1.784615164813264,3.1599445002991864,9.656353138444915,COMPLETE,banco,random_forest,,2.0,0.55246791796834,10.0,15.0,834.0,,,,,,,,,
41,0.814716821718686,,1.1939265381021005,1.5572478244711898,6.529603396774811,COMPLETE,banco,random_forest,,13.0,0.9650264901071258,1.0,23.0,429.0,,,,,,,,,
42,0.8184541780560907,,1.1690799270787688,1.5414621533391957,6.407736248555898,COMPLETE,banco,random_forest,,15.0,0.9725167453038691,1.0,9.0,648.0,,,,,,,,,
43,0.8176318957567309,,1.168128092542427,1.5449491105667104,6.4080626502065,COMPLETE,banco,random_forest,,15.0,0.9702035687560722,1.0,9.0,540.0,,,,,,,,,
44,0.7635475327685712,,1.2232917335294313,1.7591856019361298,6.8442247558580585,COMPLETE,banco,random_forest,,16.0,0.9654305170509396,2.0,9.0,544.0,,,,,,,,,
45,0.8192745422935722,,1.1684949695000209,1.5379754517107451,6.4000687655910475,COMPLETE,banco,random_forest,,13.0,0.9994029209626808,1.0,11.0,580.0,,,,,,,,,
46,0.6604837010164641,,1.365967415678793,2.1079973031737986,7.724852635204718,COMPLETE,banco,random_forest,,13.0,0.9728537109063077,3.0,11.0,656.0,,,,,,,,,
47,0.772186885150395,,1.2100548745208817,1.7267485419478668,6.7565393399734,COMPLETE,banco,random_forest,,14.0,0.9983613207592639,2.0,9.0,593.0,,,,,,,,,
48,0.539567686989562,,1.3689225719499638,2.45483685176808,7.689073833260389,COMPLETE,banco,random_forest,,10.0,0.9554437128019642,8.0,5.0,532.0,,,,,,,,,
49,0.8001297207142141,,1.1793284471531997,1.6173866219310322,6.535741020676306,COMPLETE,banco,random_forest,,13.0,0.842081177915494,1.0,13.0,656.0,,,,,,,,,
50,0.8143874919956544,,1.1780376568263267,1.5586311672890758,6.474430072799096,COMPLETE,banco,random_forest,,9.0,0.9325515984285565,1.0,11.0,725.0,,,,,,,,,
51,0.8140196949448768,,1.178549115717891,1.560174641515508,6.479956966456525,COMPLETE,banco,random_forest,,9.0,0.9250702676078809,1.0,11.0,794.0,,,,,,,,,
52,0.6453491899351167,,1.335955305171237,2.1544688285816775,7.559144181401277,COMPLETE,banco,random_forest,,9.0,0.38177910197907494,1.0,8.0,737.0,,,,,,,,,
53,0.7620454419857543,,1.2411963100007561,1.7647644676606256,6.920197714110021,COMPLETE,banco,random_forest,,7.0,0.9758362653512339,2.0,12.0,685.0,,,,,,,,,
54,0.6482349882369974,,1.3634837625969374,2.145685453892215,7.696713830723629,COMPLETE,banco,random_forest,,12.0,0.8961172745175452,3.0,10.0,582.0,,,,,,,,,
55,0.7454141865309363,,1.2413755407252447,1.8253949158785434,7.01297471333527,COMPLETE,banco,random_forest,,11.0,0.6111837929051127,1.0,7.0,614.0,,,,,,,,,
56,0.7627485199489994,,1.220061839211227,1.7621553878227236,6.832989804920804,COMPLETE,banco,random_forest,,10.0,0.9425852550975737,2.0,14.0,813.0,,,,,,,,,
57,0.821575779586059,,1.167907648683656,1.5281523049986092,6.3878950502322285,COMPLETE,banco,random_forest,,14.0,0.9999010044405816,1.0,9.0,720.0,,,,,,,,,
58,0.6666913423313721,,1.3723879054211248,2.0886373220664693,7.767649347197255,COMPLETE,banco,random_forest,,14.0,0.9979542985595724,3.0,9.0,638.0,,,,,,,,,
59,0.7649520628647108,,1.2245745932877719,1.7539530296619983,6.830022891269653,COMPLETE,banco,random_forest,,15.0,0.9762110252526459,2.0,3.0,531.0,,,,,,,,,
60,0.819417293766463,,1.1634424059383544,1.5373679234877464,6.3920787562692105,COMPLETE,banco,random_forest,,13.0,0.9503846817623841,1.0,7.0,565.0,,,,,,,,,
61,0.8193699036896329,,1.1641448478479757,1.5375696349535954,6.395790025806973,COMPLETE,banco,random_forest,,13.0,0.9558890647696651,1.0,6.0,558.0,,,,,,,,,
62,0.819498120420104,,1.163965720233262,1.5370238312578461,6.393255471670248,COMPLETE,banco,random_forest,,14.0,0.9524624332319716,1.0,6.0,561.0,,,,,,,,,
63,0.7522398035100313,,1.233397327009843,1.800758632113241,6.913661139806498,COMPLETE,banco,random_forest,,14.0,0.9119814293423271,2.0,6.0,567.0,,,,,,,,,
64,0.8179845747480897,,1.1688673340654352,1.5434545104532382,6.416717191418177,COMPLETE,banco,random_forest,,13.0,0.9466510939136787,1.0,7.0,603.0,,,,,,,,,
65,0.7674849939681692,,1.214252440821913,1.744476928957962,6.781396377194318,COMPLETE,banco,random_forest,,14.0,0.9846186732312882,2.0,5.0,668.0,,,,,,,,,
66,0.8177722705142365,,1.1553546048439414,1.5443543969047928,6.378027517611945,COMPLETE,banco,random_forest,,12.0,0.8973929661012263,1.0,5.0,629.0,,,,,,,,,
67,0.4808212767148825,,1.4108351363267613,2.6067427837874644,7.888354115447727,COMPLETE,banco,random_forest,,13.0,0.9251578927954804,12.0,8.0,573.0,,,,,,,,,
68,0.5752207167187269,,1.3253325278605717,2.357878382685736,7.477854227930292,COMPLETE,banco,random_forest,,11.0,0.9525124668901445,6.0,6.0,484.0,,,,,,,,,
69,0.7409493811357661,,1.2493856445937543,1.8413318018414666,7.008821099887255,COMPLETE,banco,random_forest,,14.0,0.8841438152700946,2.0,3.0,702.0,,,,,,,,,
70,0.8093773050974322,,1.1685469863350508,1.5795269469087327,6.459317097209658,COMPLETE,banco,random_forest,,12.0,0.8552987636659621,1.0,4.0,596.0,,,,,,,,,
71,0.8183235454009028,,1.1676983576704991,1.5420166389267926,6.409966797304876,COMPLETE,banco,random_forest,,13.0,0.9445187896949282,1.0,7.0,612.0,,,,,,,,,
72,0.8224129972615887,,1.1684315829231762,1.5245628246223615,6.384712457639455,COMPLETE,banco,random_forest,,15.0,0.9860520422618335,1.0,7.0,640.0,,,,,,,,,
73,0.8229335653717509,,1.167102835315737,1.5223266777289166,6.378073789963805,COMPLETE,banco,random_forest,,15.0,0.9887523544622622,1.0,8.0,495.0,,,,,,,,,
74,0.768669913312084,,1.218352175498385,1.740026238406572,6.794031308490939,COMPLETE,banco,random_forest,,16.0,0.9870397753973699,2.0,6.0,489.0,,,,,,,,,
75,0.8212047816058199,,1.1663252379794316,1.529740225664921,6.386224411685837,COMPLETE,banco,random_forest,,15.0,0.993958679121851,1.0,8.0,556.0,,,,,,,,,
76,0.7590884286517329,,1.2222472812396965,1.7756957983345498,6.852156243315764,COMPLETE,banco,random_forest,,15.0,0.916534636257121,2.0,8.0,512.0,,,,,,,,,
77,0.6578978299449831,,1.3745521506553642,2.116009686403875,7.774437561869929,COMPLETE,banco,random_forest,,14.0,0.9563557965628366,3.0,5.0,554.0,,,,,,,,,
78,0.8183224258207217,,1.1705128863282017,1.5420213902541235,6.421241472772008,COMPLETE,banco,random_forest,,16.0,0.9320905417437344,1.0,7.0,449.0,,,,,,,,,
79,0.8231917829256062,,1.1645816618628326,1.5212162614930416,6.373037290052356,COMPLETE,banco,random_forest,,15.0,0.9858903380816372,1.0,3.0,518.0,,,,,,,,,
0,0.3222392544794177,,1.5770017847227287,2.978365158672784,8.670364977210603,COMPLETE,banco,extra_trees,,18.0,0.4514121162875837,9.0,15.0,500.0,,,,,,,,,
1,0.1861733079913992,,1.7691122262455925,3.2636659599356492,9.577077175546833,COMPLETE,banco,extra_trees,,2.0,0.8102471755674295,11.0,15.0,324.0,,,,,,,,,
2,0.31490491143623967,,1.5834153641141087,2.9944368865896878,8.688699067799945,COMPLETE,banco,extra_trees,,18.0,0.4681862286846154,10.0,6.0,216.0,,,,,,,,,
3,0.3315418387676633,,1.5693490832708268,2.957854807219678,8.618676344107786,COMPLETE,banco,extra_trees,,7.0,0.5392989411287272,7.0,11.0,346.0,,,,,,,,,
4,0.3399654875176822,,1.5487170705443227,2.939158855014007,8.524568315765086,COMPLETE,banco,extra_trees,,4.0,0.6464454897410734,4.0,10.0,690.0,,,,,,,,,
5,0.32380873797693166,,1.5439793444107994,2.974914675368233,8.526029340924925,COMPLETE,banco,extra_trees,,5.0,0.3801927682679985,7.0,15.0,828.0,,,,,,,,,
6,0.7194441922758026,,1.3013518318662536,1.9162376487043646,7.358546616444905,COMPLETE,banco,extra_trees,,4.0,0.9776608214984636,1.0,23.0,686.0,,,,,,,,,
7,0.6335526920773616,,1.3288054178992046,2.1900070084288643,7.516619331284977,COMPLETE,banco,extra_trees,,7.0,0.6360991209307408,2.0,17.0,847.0,,,,,,,,,
8,0.6968911785251051,,1.2779577540971685,1.9917692576469728,7.251207073358092,COMPLETE,banco,extra_trees,,10.0,0.518206988040011,1.0,22.0,297.0,,,,,,,,,
9,0.3382498086140483,,1.5434327528963145,2.9429763676281984,8.502441046223641,COMPLETE,banco,extra_trees,,7.0,0.47015539609159257,7.0,14.0,730.0,,,,,,,,,
10,0.3797878633881613,,1.512701570386083,2.84911426481918,8.324703609985775,COMPLETE,banco,extra_trees,,12.0,0.9895325530232119,4.0,23.0,964.0,,,,,,,,,
11,0.7071014685868982,,1.2613844525702937,1.957935288890176,7.162538776265352,COMPLETE,banco,extra_trees,,12.0,0.8299636040712635,1.0,24.0,559.0,,,,,,,,,
12,0.3713759743487244,,1.5135016577481182,2.8683703502679934,8.323919831244437,COMPLETE,banco,extra_trees,,14.0,0.9190393590779812,3.0,20.0,550.0,,,,,,,,,
13,0.7261875173471142,,1.2418028974601316,1.8930686280114264,7.052558556875149,COMPLETE,banco,extra_trees,,14.0,0.8106635468244433,1.0,24.0,468.0,,,,,,,,,
14,0.35225453288566566,,1.5181296837879408,2.911668500655827,8.351583809253961,COMPLETE,banco,extra_trees,,15.0,0.8057556870059438,5.0,20.0,460.0,,,,,,,,,
15,0.7132871961923112,,1.245794674235106,1.937150133350156,7.059255158804545,COMPLETE,banco,extra_trees,,15.0,0.9968802769593583,1.0,3.0,628.0,,,,,,,,,
16,0.3542132721281612,,1.510803027849172,2.907262821497641,8.309597426140522,COMPLETE,banco,extra_trees,,9.0,0.7240835508252964,3.0,20.0,429.0,,,,,,,,,
17,0.19842508574796147,,1.7923384103421678,3.2390063208018445,9.694905450187239,COMPLETE,banco,extra_trees,,2.0,0.8905210993578582,3.0,18.0,749.0,,,,,,,,,
18,0.35463353733180947,,1.527457558779628,2.9063166730263337,8.403543787513758,COMPLETE,banco,extra_trees,,13.0,0.7296072312871754,5.0,24.0,642.0,,,,,,,,,
19,0.3373213788045907,,1.59121050067293,2.945040129249031,8.717964807771546,COMPLETE,banco,extra_trees,,16.0,0.9143807025239895,12.0,21.0,968.0,,,,,,,,,
20,0.6175959557252533,,1.3356288870503086,2.2371802425760126,7.548572773407894,COMPLETE,banco,extra_trees,,9.0,0.8597314414985994,2.0,18.0,413.0,,,,,,,,,
21,0.7188277359970399,,1.243791093576897,1.9183417372924327,7.048822158859425,COMPLETE,banco,extra_trees,,16.0,0.9821273725037089,1.0,2.0,597.0,,,,,,,,,
22,0.6312040006817423,,1.3309118152503068,2.197014066388822,7.506273084332193,COMPLETE,banco,extra_trees,,17.0,0.9478672248875001,2.0,7.0,564.0,,,,,,,,,
23,0.7192892049455721,,1.2465011313357826,1.9167668688159083,7.053963500436054,COMPLETE,banco,extra_trees,,12.0,0.7578228872997288,1.0,3.0,823.0,,,,,,,,,
24,0.37027670340176644,,1.5276122764954332,2.8708772055644785,8.393957146821036,COMPLETE,banco,extra_trees,,11.0,0.7495209600138248,5.0,5.0,843.0,,,,,,,,,
25,0.6234709620342078,,1.3401498950994275,2.219928435715286,7.556386294245135,COMPLETE,banco,extra_trees,,13.0,0.6022370346594107,2.0,9.0,794.0,,,,,,,,,
26,0.3630536497372656,,1.5349419960606718,2.887295032147322,8.413382154289101,COMPLETE,banco,extra_trees,,10.0,0.7767070554728582,4.0,12.0,904.0,,,,,,,,,
27,0.7053605655424366,,1.2888447489470671,1.963745365150719,7.310047245137162,COMPLETE,banco,extra_trees,,5.0,0.8685925315776503,1.0,22.0,691.0,,,,,,,,,
28,0.3661855854299886,,1.5251996806850823,2.8801877099086663,8.376741426256862,COMPLETE,banco,extra_trees,,14.0,0.6862791673891433,3.0,17.0,904.0,,,,,,,,,
29,0.36365759881460635,,1.541318802398577,2.885925848756495,8.472404455195282,COMPLETE,banco,extra_trees,,8.0,0.6891994902459244,6.0,4.0,504.0,,,,,,,,,
30,0.35005515867159787,,1.5621982885710994,2.9166074945969434,8.583062334066021,COMPLETE,banco,extra_trees,,11.0,0.7601360599098254,9.0,8.0,765.0,,,,,,,,,
31,0.7151597271634496,,1.2423402581246,1.9308139746283808,7.04169993794045,COMPLETE,banco,extra_trees,,16.0,0.9581785021507332,1.0,2.0,676.0,,,,,,,,,
32,0.6203948063255665,,1.3334487918686353,2.2289781423823163,7.523376566785221,COMPLETE,banco,extra_trees,,16.0,0.8368215554287698,2.0,2.0,604.0,,,,,,,,,
33,0.6989203284806458,,1.2658530382494901,1.9850911522438783,7.1692983142925275,COMPLETE,banco,extra_trees,,18.0,0.952210343933681,1.0,5.0,508.0,,,,,,,,,
34,0.6218837171979513,,1.3281392307809987,2.2246025299107677,7.500653432927903,COMPLETE,banco,extra_trees,,14.0,0.9103598111409275,2.0,4.0,391.0,,,,,,,,,
35,0.36141250243050016,,1.5432349875843556,2.8910123217717025,8.443937378590878,COMPLETE,banco,extra_trees,,17.0,0.8051548931481591,3.0,6.0,659.0,,,,,,,,,
36,0.18882492652694416,,1.7804851548637939,3.2583447669339973,9.633176140664697,COMPLETE,banco,extra_trees,,2.0,0.8705813636496471,9.0,13.0,731.0,,,,,,,,,
37,0.7241458805120229,,1.2445538943695298,1.9001131950385683,7.046795082570998,COMPLETE,banco,extra_trees,,13.0,0.5852152741079575,1.0,10.0,244.0,,,,,,,,,
38,0.3468762147349135,,1.5167867565549646,2.9237315007632385,8.332282682087692,COMPLETE,banco,extra_trees,,12.0,0.580220691940925,4.0,10.0,273.0,,,,,,,,,
39,0.6249550563603072,,1.332966622892091,2.215549177161387,7.5323703758420955,COMPLETE,banco,extra_trees,,13.0,0.6419238131688147,2.0,16.0,200.0,,,,,,,,,
40,0.31051867324685534,,1.5581020472115423,3.004007352036079,8.587783413803418,COMPLETE,banco,extra_trees,,4.0,0.5274314364673024,10.0,11.0,344.0,,,,,,,,,
41,0.7124285351798311,,1.2594409452903754,1.940048699023581,7.120197637300479,COMPLETE,banco,extra_trees,,15.0,0.5805457242217753,1.0,3.0,235.0,,,,,,,,,
42,0.7192212632961115,,1.257295190220204,1.9169988164752367,7.118486587273725,COMPLETE,banco,extra_trees,,11.0,0.47793587717056535,1.0,7.0,365.0,,,,,,,,,
43,0.6459802896011597,,1.2983919853412864,2.1525510407933965,7.3626760160265,COMPLETE,banco,extra_trees,,11.0,0.39228416534751076,2.0,8.0,280.0,,,,,,,,,
44,0.7333098456742411,,1.2352546138172844,1.8682854356671044,7.0131572335435655,COMPLETE,banco,extra_trees,,9.0,0.43497410136147535,1.0,7.0,368.0,,,,,,,,,
45,0.3368965855759397,,1.5408796917141387,2.9459838994594465,8.508057935187907,COMPLETE,banco,extra_trees,,6.0,0.41742302225452915,8.0,11.0,315.0,,,,,,,,,
46,0.718992971943881,,1.249965088421411,1.917777980412382,7.086301608407111,COMPLETE,banco,extra_trees,,9.0,0.3642638145510214,1.0,9.0,251.0,,,,,,,,,
47,0.2788520087744166,,1.6472734187779652,3.072217339404423,9.020384439599068,COMPLETE,banco,extra_trees,,3.0,0.4415377009152166,3.0,23.0,454.0,,,,,,,,,
48,0.6308344862542751,,1.3344522885190204,2.198114437794319,7.5446307050531995,COMPLETE,banco,extra_trees,,6.0,0.72546653072541,2.0,14.0,893.0,,,,,,,,,
49,0.7252480312992826,,1.2583894541154388,1.8963135286496344,7.118591078549502,COMPLETE,banco,extra_trees,,12.0,0.6127085466201991,1.0,23.0,473.0,,,,,,,,,
50,0.3608271725946638,,1.5368752362445914,2.8923369704570745,8.444555389940122,COMPLETE,banco,extra_trees,,8.0,0.6115820712881218,3.0,24.0,470.0,,,,,,,,,
51,0.6957851577646914,,1.2856213527241593,1.9953998550811534,7.272992495602882,COMPLETE,banco,extra_trees,,12.0,0.49776066024440196,1.0,19.0,405.0,,,,,,,,,
52,0.6169895904362884,,1.3454084336115597,2.2389532509059804,7.6020642710458235,COMPLETE,banco,extra_trees,,13.0,0.5543119524839559,2.0,22.0,526.0,,,,,,,,,
53,0.7201362369295978,,1.2501963460330368,1.9138728058151195,7.094325975238361,COMPLETE,banco,extra_trees,,12.0,0.6645085026434224,1.0,23.0,363.0,,,,,,,,,
54,0.7182773698858651,,1.2563366532037366,1.9202182988731107,7.124387702291799,COMPLETE,banco,extra_trees,,14.0,0.6650014992116589,1.0,23.0,372.0,,,,,,,,,
55,0.6489809711202019,,1.3010904453536105,2.143409084604934,7.3796594638974655,COMPLETE,banco,extra_trees,,10.0,0.7003459653808668,2.0,21.0,322.0,,,,,,,,,
