number,value,params_alpha,user_attrs_mae_valid,user_attrs_rmse_valid,user_attrs_smape_valid,state,nivel,familia,params_l1_ratio,params_max_depth,params_max_features,params_min_samples_leaf,params_min_samples_split,params_n_estimators,params_l2_regularization,params_learning_rate,params_max_iter,params_max_leaf_nodes,params_colsample_bytree,params_min_child_weight,params_reg_alpha,params_reg_lambda,params_subsample
36,0.5827754984344498,,1.292434902869451,2.310504975764413,7.330801820781546,COMPLETE,banco_rango,extra_trees,,9.0,0.9579198785087695,8.0,16.0,868.0,,,,,,,,,
37,0.6938113747595165,,1.2058707393386257,1.9793223666728803,6.969409419552837,COMPLETE,banco_rango,extra_trees,,6.0,0.866190455659282,5.0,14.0,730.0,,,,,,,,,
38,0.6819391835233334,,1.2458985170071304,2.0173306669394044,7.196406457700262,COMPLETE,banco_rango,extra_trees,,4.0,0.812100953658125,1.0,16.0,683.0,,,,,,,,,
39,0.7107602270032197,,1.2050705276168059,1.9237605382272245,6.969651631004743,COMPLETE,banco_rango,extra_trees,,7.0,0.9660863609995155,3.0,13.0,200.0,,,,,,,,,
40,0.6976634758862332,,1.2290329479559396,1.9668322182996523,7.065486943051521,COMPLETE,banco_rango,extra_trees,,9.0,0.8303653728578155,2.0,15.0,809.0,,,,,,,,,
41,0.7181625147124521,,1.203915757680823,1.898984340534695,6.938671657889629,COMPLETE,banco_rango,extra_trees,,8.0,0.94532620434528,1.0,12.0,779.0,,,,,,,,,
42,0.6982659273918004,,1.2126235479998138,1.964871634960809,6.977047367411887,COMPLETE,banco_rango,extra_trees,,7.0,0.3631571405882865,1.0,11.0,848.0,,,,,,,,,
43,0.7022547410251088,,1.2031852460083057,1.951840985862381,6.9865120666462115,COMPLETE,banco_rango,extra_trees,,5.0,0.9626604896958859,2.0,9.0,775.0,,,,,,,,,
44,0.7090324366107563,,1.2310881915738079,1.9294978299938499,7.054512402669768,COMPLETE,banco_rango,extra_trees,,11.0,0.9031491519255457,1.0,16.0,694.0,,,,,,,,,
45,0.7142126306130783,,1.204585065950741,1.912244943965678,6.948949901873003,COMPLETE,banco_rango,extra_trees,,8.0,0.9993022030046221,1.0,12.0,641.0,,,,,,,,,
46,0.5701188423236428,,1.2856300367378997,2.345288158345621,7.313093520772315,COMPLETE,banco_rango,extra_trees,,6.0,0.966442996875045,10.0,12.0,640.0,,,,,,,,,
47,0.7182676425569441,,1.188907438359641,1.8986301386260684,6.8872773605673485,COMPLETE,banco_rango,extra_trees,,7.0,0.9983599131112907,1.0,10.0,464.0,,,,,,,,,
48,0.6003012783516019,,1.3671172231695712,2.2614572663270383,7.818540197607026,COMPLETE,banco_rango,extra_trees,,3.0,0.8749493519314728,2.0,8.0,327.0,,,,,,,,,
49,0.6918644873253988,,1.202859264192147,1.9856051141635644,6.920908367332311,COMPLETE,banco_rango,extra_trees,,5.0,0.9241830265802461,1.0,6.0,273.0,,,,,,,,,
50,0.7138901704701532,,1.2039472269182576,1.913323453733407,6.968504372521195,COMPLETE,banco_rango,extra_trees,,7.0,0.9816267416359129,2.0,19.0,463.0,,,,,,,,,
51,0.7107981034809797,,1.2120518058257725,1.9236345741212109,6.98691633573133,COMPLETE,banco_rango,extra_trees,,8.0,0.9982351697867403,1.0,10.0,394.0,,,,,,,,,
52,0.7222614834198487,,1.1844245923747219,1.8851246037235925,6.86388634397571,COMPLETE,banco_rango,extra_trees,,7.0,0.9996015518578079,1.0,10.0,552.0,,,,,,,,,
53,0.6811002236755093,,1.2233407992101317,2.019989505668946,7.03933970162068,COMPLETE,banco_rango,extra_trees,,7.0,0.42221795103669085,2.0,10.0,494.0,,,,,,,,,
54,0.7273412840869187,,1.1853364801898831,1.8678057085969275,6.873307984361627,COMPLETE,banco_rango,extra_trees,,6.0,0.9453564601425812,1.0,7.0,572.0,,,,,,,,,
55,0.7221237931629878,,1.1885648963411617,1.885591825792968,6.890739388387168,COMPLETE,banco_rango,extra_trees,,6.0,0.9789967212621297,3.0,6.0,554.0,,,,,,,,,
56,0.7030232892729396,,1.2033679620041775,1.9493202853804588,6.9795449340960865,COMPLETE,banco_rango,extra_trees,,5.0,0.9168173099414115,3.0,3.0,569.0,,,,,,,,,
57,0.7151614208144303,,1.1883903754672365,1.909068058259933,6.897683967120962,COMPLETE,banco_rango,extra_trees,,6.0,0.9759008684608355,4.0,5.0,543.0,,,,,,,,,
58,0.585489369900365,,1.3708757355618066,2.3029782804165375,7.832731204199141,COMPLETE,banco_rango,extra_trees,,3.0,0.8938302737818083,5.0,6.0,614.0,,,,,,,,,
59,0.683164698814093,,1.2388049013854254,2.0134404429385193,7.084815702592335,COMPLETE,banco_rango,extra_trees,,17.0,0.5601975745269343,2.0,7.0,391.0,,,,,,,,,
60,0.6810054886829219,,1.2170639543270427,2.020289520744441,7.01929680121194,COMPLETE,banco_rango,extra_trees,,6.0,0.6694727593633727,3.0,4.0,557.0,,,,,,,,,
61,0.7256479586969861,,1.1885573538747498,1.8735966612619002,6.874645479349651,COMPLETE,banco_rango,extra_trees,,7.0,0.9726102319255798,1.0,7.0,489.0,,,,,,,,,
62,0.7100376987647041,,1.1964185527120161,1.926161840674829,6.916387757871773,COMPLETE,banco_rango,extra_trees,,7.0,0.9309008515652799,1.0,7.0,493.0,,,,,,,,,
63,0.6907240052662915,,1.2121319456268793,1.989276316247691,6.986284595961845,COMPLETE,banco_rango,extra_trees,,5.0,0.9748706601331096,2.0,5.0,599.0,,,,,,,,,
64,0.719986729886174,,1.193148180333285,1.8928287012925564,6.91637623722753,COMPLETE,banco_rango,extra_trees,,6.0,0.9510674191370808,1.0,7.0,513.0,,,,,,,,,
65,0.7156888699215955,,1.2141887903260695,1.9072996832987157,6.988328102941965,COMPLETE,banco_rango,extra_trees,,9.0,0.9096702075880516,2.0,8.0,580.0,,,,,,,,,
66,0.6889994658699949,,1.2308206989623252,1.9948147615862124,6.984134286459634,COMPLETE,banco_rango,extra_trees,,10.0,0.9809779059555774,1.0,4.0,665.0,,,,,,,,,
67,0.6888947255749509,,1.2319698999160147,1.9951506450895697,7.143510251254616,COMPLETE,banco_rango,extra_trees,,4.0,0.935724790400536,2.0,21.0,552.0,,,,,,,,,
68,0.6961563723180535,,1.2158431363983706,1.9717283104776022,7.009065774134893,COMPLETE,banco_rango,extra_trees,,8.0,0.8744608449622742,4.0,18.0,951.0,,,,,,,,,
69,0.7045917936856201,,1.2019828603836644,1.9441657308627005,6.9376853037040025,COMPLETE,banco_rango,extra_trees,,7.0,0.7449215607924615,1.0,13.0,620.0,,,,,,,,,
70,0.7073109589653397,,1.2178873845049685,1.9351972434796,7.005329782522499,COMPLETE,banco_rango,extra_trees,,10.0,0.8975449003793906,3.0,9.0,483.0,,,,,,,,,
71,0.719986729886174,,1.193148180333285,1.8928287012925564,6.916376237227528,COMPLETE,banco_rango,extra_trees,,6.0,0.9530424002194362,1.0,7.0,513.0,,,,,,,,,
72,0.7166387222683173,,1.1970668742653954,1.9041109781183907,6.937936777688053,COMPLETE,banco_rango,extra_trees,,6.0,0.9512766389356693,1.0,7.0,404.0,,,,,,,,,
73,0.7049319952543747,,1.2147074529641742,1.9430459265514446,6.967310487906076,COMPLETE,banco_rango,extra_trees,,8.0,0.9228803298473989,2.0,6.0,516.0,,,,,,,,,
74,0.6806031484022143,,1.2290269222830736,2.0215631911060843,6.990135840594334,COMPLETE,banco_rango,extra_trees,,9.0,0.8576295539527186,1.0,5.0,538.0,,,,,,,,,
75,0.6870058019024963,,1.236037257394403,2.001198411476616,7.163599171040038,COMPLETE,banco_rango,extra_trees,,4.0,0.9800240982262498,2.0,8.0,464.0,,,,,,,,,
76,0.7291421303582435,,1.1908809083164673,1.8616272826687246,6.897329707737564,COMPLETE,banco_rango,extra_trees,,7.0,0.9455898927812165,1.0,19.0,366.0,,,,,,,,,
77,0.7109717875353732,,1.2093944985875702,1.9230568551749556,6.969221094843416,COMPLETE,banco_rango,extra_trees,,8.0,0.9369018549596783,1.0,19.0,276.0,,,,,,,,,
78,0.7004737380271462,,1.2100663913341636,1.9576698809361675,6.993485803241412,COMPLETE,banco_rango,extra_trees,,7.0,0.8342414107157651,2.0,18.0,233.0,,,,,,,,,
79,0.7058557859187964,,1.2079729194283375,1.9400019252181808,7.009424571613912,COMPLETE,banco_rango,extra_trees,,5.0,0.9695731613022507,1.0,17.0,372.0,,,,,,,,,
0,0.6032623373529964,,1.3585944137791026,2.2530649996932763,7.616934946498863,COMPLETE,banco_rango,hist_gradient_boosting,,,,32.0,,,1.2363188277052228e-05,0.021642251106469404,671.0,49.0,,,,,
1,0.387328489241627,,1.6870790001109492,2.799856988300631,9.295379332975722,COMPLETE,banco_rango,hist_gradient_boosting,,,,32.0,,,0.090470719575684,0.009204496040276266,134.0,57.0,,,,,
2,0.6248020172020956,,1.3245088523762643,2.191049823146698,7.4736070296531025,COMPLETE,banco_rango,hist_gradient_boosting,,,,14.0,,,1.8740223688836324e-05,0.005419290634672375,682.0,55.0,,,,,
3,0.5949980690614672,,1.2823516872569907,2.276410356624502,7.2814338553698965,COMPLETE,banco_rango,hist_gradient_boosting,,,,24.0,,,0.00010929592787219404,0.01024634005770867,282.0,37.0,,,,,
4,0.6343341993957552,,1.2768030382788138,2.1630381437255912,7.230209462193447,COMPLETE,banco_rango,hist_gradient_boosting,,,,21.0,,,0.0015577217702693043,0.05476331374316277,183.0,24.0,,,,,
5,0.6058775824444183,,1.3998788617035427,2.245626759984023,7.797096984101327,COMPLETE,banco_rango,hist_gradient_boosting,,,,32.0,,,2.1142332035497158e-06,0.10788483727948411,220.0,37.0,,,,,
6,0.6241229983119283,,1.2798662638731129,2.193031565814805,7.2983088512672465,COMPLETE,banco_rango,hist_gradient_boosting,,,,48.0,,,5.746775499181867,0.053848112391315636,202.0,11.0,,,,,
7,0.6159399798069389,,1.3341311732333656,2.2167746993407715,7.567441711413121,COMPLETE,banco_rango,hist_gradient_boosting,,,,36.0,,,0.0012052231254145623,0.11814432092118202,283.0,13.0,,,,,
8,0.5723294312017062,,1.2985097007624955,2.339250268484986,7.369152915564163,COMPLETE,banco_rango,hist_gradient_boosting,,,,46.0,,,6.478282331897332e-05,0.008059522363804595,397.0,9.0,,,,,
9,0.6084866666369717,,1.3560584923698804,2.238181410620313,7.605766860417837,COMPLETE,banco_rango,hist_gradient_boosting,,,,30.0,,,1.967801053211497e-05,0.0667690954439529,287.0,37.0,,,,,
10,0.7430596383884716,,1.2930633026962028,1.8131685245394638,7.117776507348853,COMPLETE,banco_rango,hist_gradient_boosting,,,,5.0,,,0.030242627291456402,0.21021079400676004,520.0,22.0,,,,,
11,0.6553878836823934,,1.369140557456535,2.099845187719223,7.722483036783921,COMPLETE,banco_rango,hist_gradient_boosting,,,,7.0,,,0.03206189270127576,0.17553789876843576,536.0,23.0,,,,,
12,0.7314369579966749,,1.3240644655435376,1.8537242427967469,7.370083152665548,COMPLETE,banco_rango,hist_gradient_boosting,,,,6.0,,,0.12286981681283343,0.2426100457893513,540.0,24.0,,,,,
13,0.7235914684909914,,1.3414768283619383,1.8806056116995897,7.4176916885092705,COMPLETE,banco_rango,hist_gradient_boosting,,,,5.0,,,0.5814106609537328,0.2222716062404665,534.0,24.0,,,,,
14,0.6061110817016315,,1.3344829681803294,2.244961446564033,7.522338169470142,COMPLETE,banco_rango,hist_gradient_boosting,,,,14.0,,,0.024745749757604303,0.22260595293617796,537.0,30.0,,,,,
15,0.6536517916133413,,1.2579250718116854,2.1051278585303135,7.164748150737584,COMPLETE,banco_rango,hist_gradient_boosting,,,,12.0,,,1.834175678068388,0.025142801594178636,437.0,18.0,,,,,
16,0.6087388581058637,,1.3687942667932276,2.237460437494031,7.668111508052311,COMPLETE,banco_rango,hist_gradient_boosting,,,,20.0,,,0.14850671456402326,0.11887161410009103,614.0,44.0,,,,,
17,0.6208740353939768,,1.3541743243096982,2.202489111305538,7.589452900688301,COMPLETE,banco_rango,hist_gradient_boosting,,,,9.0,,,0.013112853930871641,0.15704564395839496,433.0,29.0,,,,,
18,0.6358813118540001,,1.2993586354159008,2.1584574440279023,7.336709163589352,COMPLETE,banco_rango,hist_gradient_boosting,,,,18.0,,,0.5537398418146185,0.07730780981326382,605.0,31.0,,,,,
19,0.758661441809748,,1.2522702512576038,1.7572573269120315,7.0264406384812,COMPLETE,banco_rango,hist_gradient_boosting,,,,5.0,,,0.006170920125370025,0.036710515596362694,497.0,17.0,,,,,
20,0.6157620659160372,,1.2973305309770062,2.2172880948082416,7.3615605259975085,COMPLETE,banco_rango,hist_gradient_boosting,,,,41.0,,,0.0005380608886790094,0.01751658628947316,378.0,16.0,,,,,
21,0.7512879057572734,,1.276160334536331,1.7838998052664594,7.12748919320091,COMPLETE,banco_rango,hist_gradient_boosting,,,,5.0,,,0.004310774175787374,0.03994995506526812,483.0,19.0,,,,,
22,0.667569609765978,,1.2683329109029062,2.0623974620606664,7.209207002195586,COMPLETE,banco_rango,hist_gradient_boosting,,,,11.0,,,0.008728028264845667,0.03828359702183984,479.0,18.0,,,,,
23,0.6101723518161113,,1.3221438064405564,2.2333578979099284,7.478797240670487,COMPLETE,banco_rango,hist_gradient_boosting,,,,16.0,,,0.004498343360461217,0.03419275757544174,479.0,8.0,,,,,
24,0.7695247996893994,,1.212435193743165,1.7172522988283094,6.837730559133845,COMPLETE,banco_rango,hist_gradient_boosting,,,,5.0,,,0.0004354835909068466,0.013649206162351771,585.0,19.0,,,,,
25,0.6600602682437445,,1.253458234960453,2.0855613488060176,7.141401476442244,COMPLETE,banco_rango,hist_gradient_boosting,,,,10.0,,,0.0003242382274929873,0.016750902592822872,604.0,14.0,,,,,
26,0.6103450434085151,,1.3024002493349354,2.2328631602266906,7.368212747064009,COMPLETE,banco_rango,hist_gradient_boosting,,,,25.0,,,0.0020666322772957806,0.033539058970567207,342.0,18.0,,,,,
27,0.6655314824728124,,1.2663872733232804,2.0687100699942285,7.161610908584231,COMPLETE,banco_rango,hist_gradient_boosting,,,,9.0,,,0.00028861566164785845,0.013115488558004536,458.0,31.0,,,,,
28,0.6278179779524803,,1.3353190038141782,2.1822258771797185,7.478407171181144,COMPLETE,banco_rango,hist_gradient_boosting,,,,14.0,,,0.004182808255452205,0.043025798745392294,590.0,64.0,,,,,
29,0.6831252006895525,,1.2343675260157223,2.0135659413325966,7.027933096848845,COMPLETE,banco_rango,hist_gradient_boosting,,,,9.0,,,1.027837096401361e-06,0.024871376607019997,650.0,20.0,,,,,
30,0.6182710641481918,,1.342384707709202,2.210037010528404,7.519360317248474,COMPLETE,banco_rango,hist_gradient_boosting,,,,18.0,,,7.334206004538989e-05,0.020268620247774486,576.0,44.0,,,,,
31,0.7694479763069464,,1.205591404347253,1.717538477424218,6.854045068993493,COMPLETE,banco_rango,hist_gradient_boosting,,,,6.0,,,0.04213485311414672,0.005212731499743881,506.0,27.0,,,,,
32,0.7619410522378663,,1.219743686434114,1.7452765792199942,6.935614573184519,COMPLETE,banco_rango,hist_gradient_boosting,,,,5.0,,,0.007043582468843293,0.0053551146437010606,499.0,27.0,,,,,
33,0.6592269093045086,,1.2635879878785576,2.0881161506565156,7.165237301364287,COMPLETE,banco_rango,hist_gradient_boosting,,,,8.0,,,0.05713632277325425,0.005155562230750256,683.0,27.0,,,,,
34,0.6612987645815266,,1.258053867751754,2.0817587379905307,7.160209507844809,COMPLETE,banco_rango,hist_gradient_boosting,,,,12.0,,,0.011627783837313943,0.006753206687849728,651.0,33.0,,,,,
35,0.6863953773465921,,1.265616995262426,2.0031489039054855,7.226267155675907,COMPLETE,banco_rango,hist_gradient_boosting,,,,7.0,,,0.0007673298143574986,0.010037577174432774,570.0,26.0,,,,,
36,0.6586041480621008,,1.2561071138295534,2.0900232910209966,7.160583048488009,COMPLETE,banco_rango,hist_gradient_boosting,,,,13.0,,,0.2587494383786169,0.007325842907424679,505.0,42.0,,,,,
37,0.4014482741500076,,1.6245642103831206,2.767405817531261,8.97563363837662,COMPLETE,banco_rango,hist_gradient_boosting,,,,16.0,,,0.00019045850228917977,0.012957248285457227,105.0,35.0,,,,,
38,0.5713515167728582,,1.3368792321023353,2.341923214143684,7.596289363290499,COMPLETE,banco_rango,hist_gradient_boosting,,,,22.0,,,0.001622733114868771,0.006419212815565756,341.0,13.0,,,,,
39,0.6761144738953085,,1.2546680896577593,2.035718747297862,7.141096945162315,COMPLETE,banco_rango,hist_gradient_boosting,,,,11.0,,,2.4306640882787158e-05,0.012875578667806078,416.0,27.0,,,,,
40,0.6819846225234228,,1.3390528552603955,2.0171865612248157,7.538152085285593,COMPLETE,banco_rango,hist_gradient_boosting,,,,7.0,,,0.0608521670223402,0.008758018269189542,568.0,40.0,,,,,
41,0.770103342659233,,1.2069237268502797,1.7150956058188842,6.880283409024135,COMPLETE,banco_rango,hist_gradient_boosting,,,,6.0,,,0.006145733326957175,0.005047693316037963,495.0,21.0,,,,,
42,0.7594897934601839,,1.241712433939814,1.7542389981972866,7.070577987570309,COMPLETE,banco_rango,hist_gradient_boosting,,,,5.0,,,0.007075858433184971,0.00501993598390545,459.0,21.0,,,,,
43,0.6581546948863795,,1.245951498047716,2.0913986132903313,7.1108433747205755,COMPLETE,banco_rango,hist_gradient_boosting,,,,8.0,,,0.014180404737662538,0.0058692516943010635,449.0,21.0,,,,,
44,0.6064293667145317,,1.333529177750579,2.244054233952754,7.599637609313495,COMPLETE,banco_rango,hist_gradient_boosting,,,,10.0,,,0.002607239629100232,0.005250757273567252,394.0,15.0,,,,,
45,0.6151288470859979,,1.29072898198206,2.219114372838037,7.326508404662051,COMPLETE,banco_rango,hist_gradient_boosting,,,,36.0,,,0.0008551798093406286,0.007871922786475919,555.0,26.0,,,,,
46,0.7771157285862427,,1.1473577701430455,1.6887358260865568,6.552241354097902,COMPLETE,banco_rango,hist_gradient_boosting,,,,5.0,,,0.025599811673059136,0.011050586139032127,510.0,11.0,,,,,
47,0.6185109050468577,,1.2666169207649685,2.2093426165513943,7.214946967732545,COMPLETE,banco_rango,hist_gradient_boosting,,,,29.0,,,0.03925782191562682,0.009835193963283117,510.0,10.0,,,,,
48,0.6678250461563242,,1.2536973733658459,2.0616049463690023,7.201193635649951,COMPLETE,banco_rango,hist_gradient_boosting,,,,7.0,,,0.016785994394572724,0.006486498841898795,636.0,12.0,,,,,
49,0.6205934632490571,,1.2956477478263615,2.2033039365408293,7.321046577305074,COMPLETE,banco_rango,hist_gradient_boosting,,,,16.0,,,8.7871901623894e-06,0.008196579091599494,516.0,49.0,,,,,
50,0.6615718850074905,,1.2460898353023353,2.0809192289476632,7.103182548179442,COMPLETE,banco_rango,hist_gradient_boosting,,,,13.0,,,0.2587081906922398,0.010882884504995948,533.0,23.0,,,,,
51,0.7598537338153977,,1.241089283315215,1.7529112373557192,7.062455212683329,COMPLETE,banco_rango,hist_gradient_boosting,,,,5.0,,,0.02423552436212763,0.005107918511279017,465.0,21.0,,,,,
52,0.7750045117431548,,1.1860988870088034,1.6967150442235326,6.754520016299168,COMPLETE,banco_rango,hist_gradient_boosting,,,,6.0,,,0.02335906046755484,0.005920255854347985,474.0,25.0,,,,,
53,0.6707341167984429,,1.31469868246146,2.0525576915326167,7.457452617031532,COMPLETE,banco_rango,hist_gradient_boosting,,,,7.0,,,0.09034023408341318,0.006045282184846037,429.0,34.0,,,,,
54,0.6835817574598044,,1.2399874102297663,2.012114834238162,7.065762002498856,COMPLETE,banco_rango,hist_gradient_boosting,,,,9.0,,,0.17611492693563438,0.01135307488061395,550.0,24.0,,,,,
55,0.7733451677959641,,1.2003040586893843,1.702960195962678,6.787053938725994,COMPLETE,banco_rango,hist_gradient_boosting,,,,6.0,,,0.6264333062553931,0.007091226614679248,500.0,29.0,,,,,
56,0.6359719533444379,,1.2803484533708247,2.15818877067581,7.300563037138372,COMPLETE,banco_rango,hist_gradient_boosting,,,,11.0,,,1.660869452188578,0.007029102172822717,369.0,32.0,,,,,
57,0.6881551968948514,,1.2530650668358794,1.9975205748995197,7.152679530042006,COMPLETE,banco_rango,hist_gradient_boosting,,,,7.0,,,9.667003517588068,0.009150329343937065,480.0,28.0,,,,,
58,0.6143690770491427,,1.2912280170917583,2.2213036579137344,7.3436211332544215,COMPLETE,banco_rango,hist_gradient_boosting,,,,47.0,,,0.4822072777758852,0.01712370055539834,528.0,16.0,,,,,
59,0.6649621328028865,,1.2765077173016859,2.070470054153669,7.246230960330194,COMPLETE,banco_rango,hist_gradient_boosting,,,,9.0,,,1.8208403646030111,0.007544249852799556,627.0,30.0,,,,,
60,0.6515797470383254,,1.269545335351251,2.1114154821544995,7.228638389107515,COMPLETE,banco_rango,hist_gradient_boosting,,,,14.0,,,1.0433938796197837,0.014748567711695306,251.0,37.0,,,,,
61,0.7659639011571125,,1.2133757680568686,1.7304674353992417,6.86044322471087,COMPLETE,banco_rango,hist_gradient_boosting,,,,5.0,,,0.05211318300368633,0.006346108585692382,501.0,26.0,,,,,
62,0.7770196628283612,,1.1782536728010637,1.6890997194402768,6.702177185682998,COMPLETE,banco_rango,hist_gradient_boosting,,,,6.0,,,0.09368894057468866,0.006145629158357029,490.0,25.0,,,,,
63,0.7756111431959793,,1.1827512731262146,1.6944261640281166,6.720450433504004,COMPLETE,banco_rango,hist_gradient_boosting,,,,6.0,,,0.0806083916252732,0.008909971075251563,421.0,24.0,,,,,
64,0.6658722404029982,,1.2577470367384413,2.0676559961989023,7.154814338160137,COMPLETE,banco_rango,hist_gradient_boosting,,,,8.0,,,0.0829399721991971,0.011495741785658566,409.0,23.0,,,,,
65,0.652170431352229,,1.2232723968984875,2.1096249590202683,6.998345795450289,COMPLETE,banco_rango,hist_gradient_boosting,,,,10.0,,,3.2646754539688976,0.008760879384810415,442.0,19.0,,,,,
66,0.7867285972462418,,1.1471554123552588,1.6519173653138486,6.560620648981863,COMPLETE,banco_rango,hist_gradient_boosting,,,,6.0,,,0.30282276235811023,0.007780336664224592,467.0,8.0,,,,,
67,0.5596742334321272,,1.3184871364189616,2.373608321019973,7.487916600576673,COMPLETE,banco_rango,hist_gradient_boosting,,,,44.0,,,0.3203304796698394,0.005864323776353004,470.0,8.0,,,,,
68,0.6241116192914478,,1.2732050074124077,2.193064760665952,7.270365333051922,COMPLETE,banco_rango,hist_gradient_boosting,,,,12.0,,,0.8585230071093912,0.00744898280096025,384.0,11.0,,,,,
69,0.7831943282988256,,1.1449184394654617,1.6655486605060241,6.5690540758546145,COMPLETE,banco_rango,hist_gradient_boosting,,,,6.0,,,0.142383912572658,0.008436210730419629,426.0,10.0,,,,,
70,0.5810847140794473,,1.2847119266462947,2.315181853383454,7.295026911124587,COMPLETE,banco_rango,hist_gradient_boosting,,,,50.0,,,0.147404026727907,0.009817208420638712,357.0,9.0,,,,,
71,0.786195550029104,,1.1367283317033097,1.6539804652453751,6.51254765297565,COMPLETE,banco_rango,hist_gradient_boosting,,,,6.0,,,0.022047833227195807,0.008471457619455754,424.0,13.0,,,,,
72,0.664339920490054,,1.2318695507431419,2.072391739008494,7.0487728824248554,COMPLETE,banco_rango,hist_gradient_boosting,,,,8.0,,,0.023479521968998572,0.00800926416928123,426.0,14.0,,,,,
73,0.7715233005762985,,1.1768228030962544,1.709790753239349,6.751393221878235,COMPLETE,banco_rango,hist_gradient_boosting,,,,6.0,,,0.3777050954225648,0.008795575624754342,327.0,11.0,,,,,
74,0.6548700476831433,,1.233336210416328,2.101422275692054,7.055176407273955,COMPLETE,banco_rango,hist_gradient_boosting,,,,10.0,,,0.1182962239142897,0.011134670726695408,401.0,8.0,,,,,
75,0.7775241653497084,,1.1599804372621076,1.6871878073106477,6.65320637193375,COMPLETE,banco_rango,hist_gradient_boosting,,,,6.0,,,0.19168180934138,0.006952232701425978,419.0,13.0,,,,,
76,0.5895098624555131,,1.367734864756774,2.2917823450342505,7.779263518783496,COMPLETE,banco_rango,hist_gradient_boosting,,,,8.0,,,0.20553431560463334,0.005883048616399495,312.0,13.0,,,,,
