number,value,params_alpha,user_attrs_mae_valid,user_attrs_rmse_valid,user_attrs_smape_valid,state,nivel,familia,params_l1_ratio,params_max_depth,params_max_features,params_min_samples_leaf,params_min_samples_split,params_n_estimators,params_l2_regularization,params_learning_rate,params_max_iter,params_max_leaf_nodes,params_colsample_bytree,params_min_child_weight,params_reg_alpha,params_reg_lambda,params_subsample
52,-8.917850258524814,,1.9299770716782099,2.0217834557057865,8.178859226463207,COMPLETE,total,random_forest,,6.0,0.6089722896196247,2.0,2.0,449.0,,,,,,,,,
53,-9.127264979410045,,1.951294698374425,2.043016864498175,8.264812350968121,COMPLETE,total,random_forest,,7.0,0.6370597789010408,1.0,5.0,528.0,,,,,,,,,
54,-13.182216060343524,,2.3412396197084777,2.4176749661303534,9.828487281889577,COMPLETE,total,random_forest,,8.0,0.6875106186789421,2.0,6.0,605.0,,,,,,,,,
55,-7.535883834943586,,1.7722737536894873,1.8756427079930071,7.538743907443925,COMPLETE,total,random_forest,,6.0,0.5839372024529477,1.0,3.0,495.0,,,,,,,,,
56,-8.975693261622961,,1.9393388737527448,2.0276706190315035,8.216683450452356,COMPLETE,total,random_forest,,6.0,0.5839773289628368,2.0,3.0,506.0,,,,,,,,,
57,-13.587366254049366,,2.3771868709026465,2.4519652362710045,9.97148480120832,COMPLETE,total,random_forest,,5.0,0.5682958880320887,3.0,2.0,452.0,,,,,,,,,
58,-10.22415278289646,,2.056358714232824,2.1508129849161204,8.688007940390632,COMPLETE,total,random_forest,,4.0,0.4620270982271583,1.0,5.0,505.0,,,,,,,,,
59,-54.069799010478164,,4.720665657754256,4.764119106425229,18.842078126948692,COMPLETE,total,random_forest,,10.0,0.5314208617685638,4.0,13.0,554.0,,,,,,,,,
60,-15.657905178243716,,2.549571851548579,2.6202097461891323,10.65357948528624,COMPLETE,total,random_forest,,6.0,0.7468538287371079,1.0,7.0,472.0,,,,,,,,,
61,-7.718876076146591,,1.79848740902307,1.8956411051494382,7.644520484089284,COMPLETE,total,random_forest,,7.0,0.6216609148038411,1.0,4.0,558.0,,,,,,,,,
62,-8.097952462814558,,1.838369101957105,1.9364116934253566,7.8066024944266,COMPLETE,total,random_forest,,8.0,0.6243381403976896,1.0,4.0,611.0,,,,,,,,,
63,-8.66636269108064,,1.9077208128857137,1.995985619665911,8.088545338605222,COMPLETE,total,random_forest,,9.0,0.6684020025259628,2.0,3.0,550.0,,,,,,,,,
64,-12.505315327341428,,2.2807489298087265,2.3592731721565965,9.587895303122632,COMPLETE,total,random_forest,,7.0,0.5928337892917894,2.0,6.0,499.0,,,,,,,,,
65,-9.143083886700426,,1.9530139877061927,2.044611850108587,8.271751459808767,COMPLETE,total,random_forest,,7.0,0.6439590145850523,1.0,5.0,525.0,,,,,,,,,
66,-10.063551094753532,,2.0468011631518475,2.135370004259633,8.649771183795291,COMPLETE,total,random_forest,,5.0,0.6969210887468821,2.0,4.0,638.0,,,,,,,,,
67,-7.871465817034959,,1.8133721563135243,1.9121570394819831,7.704293381550407,COMPLETE,total,random_forest,,6.0,0.5707916182502167,1.0,2.0,445.0,,,,,,,,,
68,-54.36022784585781,,4.733326896765116,4.776665167200396,18.887753150655573,COMPLETE,total,random_forest,,9.0,0.5447713794061356,3.0,24.0,682.0,,,,,,,,,
69,-23.475076215701424,,3.1120420353015614,3.176054099118871,12.845350481926374,COMPLETE,total,random_forest,,16.0,0.9552526139447688,1.0,9.0,742.0,,,,,,,,,
70,-9.080765074547037,,1.9519428234207084,2.038321154913214,8.267144600634499,COMPLETE,total,random_forest,,6.0,0.6206116828890336,2.0,3.0,594.0,,,,,,,,,
71,-9.314587614579308,,1.971233754468092,2.0618249919168417,8.34560071837927,COMPLETE,total,random_forest,,7.0,0.59839333542782,1.0,5.0,558.0,,,,,,,,,
72,-8.076690410410832,,1.8395090934181113,1.9341476581841297,7.811264526764476,COMPLETE,total,random_forest,,8.0,0.6489271718712096,1.0,4.0,476.0,,,,,,,,,
73,-8.982312892498072,,1.9374735373470635,2.028343264266274,8.208983200829701,COMPLETE,total,random_forest,,7.0,0.5962983649920177,2.0,4.0,566.0,,,,,,,,,
74,-7.549027829368706,,1.7772522432066882,1.877086258210843,7.557731230668001,COMPLETE,total,random_forest,,8.0,0.6199623041442328,1.0,3.0,623.0,,,,,,,,,
75,-7.5255124400833555,,1.7748771948172066,1.8745028761878304,7.548053427459167,COMPLETE,total,random_forest,,8.0,0.6283207528171436,1.0,3.0,617.0,,,,,,,,,
76,-9.929832199912433,,2.0342008712468527,2.1224262687241118,8.599021750220494,COMPLETE,total,random_forest,,8.0,0.6781781900109214,2.0,2.0,662.0,,,,,,,,,
77,-8.090308657307377,,1.8343297843886586,1.935598067245156,7.789335530634632,COMPLETE,total,random_forest,,8.0,0.5683875482516123,1.0,3.0,625.0,,,,,,,,,
78,-30.51824672541025,,3.547850286095958,3.6041834685551577,14.508801528958108,COMPLETE,total,random_forest,,6.0,0.7249048969901969,5.0,3.0,707.0,,,,,,,,,
79,-13.32650325047632,,2.352818414689114,2.4299423280874084,9.874797671436069,COMPLETE,total,random_forest,,9.0,0.6346685371471887,3.0,2.0,606.0,,,,,,,,,
0,-55.546594004855386,,4.7846985589277,4.8275756760210715,19.0728387121197,COMPLETE,total,extra_trees,,18.0,0.4514121162875837,9.0,15.0,500.0,,,,,,,,,
1,-55.54659400486208,,4.784698558927988,4.8275756760213575,19.072838712120735,COMPLETE,total,extra_trees,,2.0,0.8102471755674295,11.0,15.0,324.0,,,,,,,,,
2,-55.54659400486364,,4.7846985589280555,4.827575676021424,19.072838712120976,COMPLETE,total,extra_trees,,18.0,0.4681862286846154,10.0,6.0,216.0,,,,,,,,,
3,-46.30811258376834,,4.373907500753009,4.4156401719129414,17.58204050577474,COMPLETE,total,extra_trees,,7.0,0.5392989411287272,7.0,11.0,346.0,,,,,,,,,
4,-14.519204979101845,,2.43897614536144,2.529068541879971,10.216515366001905,COMPLETE,total,extra_trees,,4.0,0.6464454897410734,4.0,10.0,690.0,,,,,,,,,
5,-48.060232649851095,,4.4544116561925025,4.496666372957917,17.87620371775157,COMPLETE,total,extra_trees,,5.0,0.3801927682679985,7.0,15.0,828.0,,,,,,,,,
6,-55.546594004857525,,4.784698558927793,4.827575676021163,19.07283871212003,COMPLETE,total,extra_trees,,4.0,0.9776608214984636,1.0,23.0,686.0,,,,,,,,,
7,-55.54659400486281,,4.78469855892802,4.827575676021389,19.072838712120852,COMPLETE,total,extra_trees,,7.0,0.6360991209307408,2.0,17.0,847.0,,,,,,,,,
8,-55.546594004863806,,4.784698558928063,4.827575676021431,19.072838712121,COMPLETE,total,extra_trees,,10.0,0.518206988040011,1.0,22.0,297.0,,,,,,,,,
9,-46.54469567357506,,4.384648505570354,4.426667487598656,17.621393032225463,COMPLETE,total,extra_trees,,7.0,0.47015539609159257,7.0,14.0,730.0,,,,,,,,,
10,-12.596018193848183,,2.268074344899905,2.3671824559200996,9.53695557153675,COMPLETE,total,extra_trees,,12.0,0.7660575266039114,4.0,2.0,965.0,,,,,,,,,
11,-12.52902977701685,,2.2617295991942825,2.3613436282866416,9.511652661744876,COMPLETE,total,extra_trees,,13.0,0.7684132788054852,4.0,3.0,928.0,,,,,,,,,
12,-11.904496783625538,,2.2003390528104583,2.306196994209,9.266218796467934,COMPLETE,total,extra_trees,,14.0,0.8225913410012512,4.0,2.0,994.0,,,,,,,,,
13,-12.093763063156336,,2.2160632065673913,2.323047574028164,9.328936141786388,COMPLETE,total,extra_trees,,14.0,0.8866946102188805,4.0,2.0,976.0,,,,,,,,,
14,-16.100029678617283,,2.5692965729459303,2.6547540803481953,10.731180103570342,COMPLETE,total,extra_trees,,15.0,0.9617044516578511,5.0,6.0,988.0,,,,,,,,,
15,-7.493193109547356,,1.750505386357655,1.870946479829463,7.449371766377211,COMPLETE,total,extra_trees,,15.0,0.8802173542995665,3.0,6.0,530.0,,,,,,,,,
16,-6.38588242066421,,1.6332350374432612,1.7447253038990336,6.96936668110209,COMPLETE,total,extra_trees,,16.0,0.868696664901361,2.0,6.0,526.0,,,,,,,,,
17,-7.923881179911788,,1.8124051252353777,1.91779752780431,7.701604799639913,COMPLETE,total,extra_trees,,16.0,0.8897907194483015,2.0,8.0,508.0,,,,,,,,,
18,-6.888053887067303,,1.6900855337364338,1.8030625758776477,7.2020240144753656,COMPLETE,total,extra_trees,,11.0,0.7003404691564686,2.0,5.0,531.0,,,,,,,,,
19,-12.435537729817119,,2.2648483162462854,2.3531704784673826,9.52381529418217,COMPLETE,total,extra_trees,,11.0,0.7292462577943154,2.0,9.0,423.0,,,,,,,,,
20,-31.076068223984045,,3.579771060038876,3.6359376663331613,14.629540082468875,COMPLETE,total,extra_trees,,9.0,0.5991478421489688,6.0,5.0,590.0,,,,,,,,,
21,-7.578997607714159,,1.757547346832742,1.880373570131409,7.477952208305454,COMPLETE,total,extra_trees,,16.0,0.8830215167705324,3.0,5.0,573.0,,,,,,,,,
22,-9.31057422882579,,1.9541804906245528,2.0614238268653917,8.275946023958786,COMPLETE,total,extra_trees,,16.0,0.6989823520436955,1.0,8.0,464.0,,,,,,,,,
23,-18.039357486328473,,2.7235449925769175,2.8012508999892103,11.337007856892809,COMPLETE,total,extra_trees,,12.0,0.9210755888888223,3.0,12.0,556.0,,,,,,,,,
24,-8.763077123063741,,1.9003622892600938,2.0059459411934446,8.058155017908748,COMPLETE,total,extra_trees,,17.0,0.838108550510388,3.0,7.0,405.0,,,,,,,,,
25,-6.040288310189538,,1.5920768394968288,1.7034174314363824,6.8000211503437535,COMPLETE,total,extra_trees,,9.0,0.7486860009780489,2.0,4.0,646.0,,,,,,,,,
26,-27.9365777845297,,3.3924133202102156,3.4534203882943935,13.91890844465651,COMPLETE,total,extra_trees,,9.0,0.733878155941551,6.0,4.0,666.0,,,,,,,,,
27,-55.54659400485482,,4.784698558927675,4.8275756760210475,19.072838712119612,COMPLETE,total,extra_trees,,9.0,0.6684897203004844,2.0,18.0,624.0,,,,,,,,,
28,-17.718780205414003,,2.6989926538628612,2.7775675987795316,11.240857556642673,COMPLETE,total,extra_trees,,11.0,0.7814402827710408,5.0,4.0,775.0,,,,,,,,,
29,-55.54659400485655,,4.78469855892775,4.827575676021121,19.07283871211988,COMPLETE,total,extra_trees,,6.0,0.5979971705242768,12.0,10.0,455.0,,,,,,,,,
30,-55.546594004855805,,4.784698558927718,4.827575676021089,19.072838712119765,COMPLETE,total,extra_trees,,8.0,0.7080576332315376,9.0,4.0,645.0,,,,,,,,,
31,-7.302704998029483,,1.742940543998581,1.8498463994012706,7.417667828916931,COMPLETE,total,extra_trees,,18.0,0.8547354272962969,1.0,7.0,523.0,,,,,,,,,
32,-8.178164430194391,,1.8429917667273006,1.9449291341083565,7.825012470192945,COMPLETE,total,extra_trees,,18.0,0.8397682284977371,1.0,8.0,511.0,,,,,,,,,
33,-5.968539817241948,,1.568360407873649,1.694715329408052,6.703072095469692,COMPLETE,total,extra_trees,,17.0,0.9379051163575547,2.0,5.0,601.0,,,,,,,,,
34,-5.677917449879829,,1.5299372973085898,1.6590000074867028,6.545636221815188,COMPLETE,total,extra_trees,,17.0,0.9911109675399877,2.0,5.0,602.0,,,,,,,,,
35,-6.4985540972870135,,1.632643369341612,1.7579828313702863,6.967920450058705,COMPLETE,total,extra_trees,,17.0,0.9979599057682162,3.0,3.0,750.0,,,,,,,,,
36,-55.54659400485473,,4.784698558927672,4.827575676021044,19.072838712119598,COMPLETE,total,extra_trees,,17.0,0.9300996702984027,9.0,11.0,623.0,,,,,,,,,
37,-16.173674989668555,,2.575598228031305,2.6604646008288326,10.75604760103843,COMPLETE,total,extra_trees,,2.0,0.9401039775562671,5.0,7.0,710.0,,,,,,,,,
38,-11.81168401020029,,2.2075707479643003,2.2978886192244197,9.295630541587856,COMPLETE,total,extra_trees,,15.0,0.9901498196881103,2.0,9.0,594.0,,,,,,,,,
39,-55.54659400485977,,4.7846985589278885,4.827575676021259,19.072838712120376,COMPLETE,total,extra_trees,,18.0,0.952276247962084,8.0,3.0,368.0,,,,,,,,,
40,-7.828412388027694,,1.789500076919693,1.9075115252381722,7.606018075527878,COMPLETE,total,extra_trees,,14.0,0.7961836884734331,1.0,6.0,811.0,,,,,,,,,
41,-6.5792201166788224,,1.6426009021312076,1.7674133250765824,7.008656769662842,COMPLETE,total,extra_trees,,17.0,0.9958183243302713,3.0,3.0,731.0,,,,,,,,,
42,-6.457942552010088,,1.6274387150193703,1.7532158237835418,6.946613842658207,COMPLETE,total,extra_trees,,17.0,0.9982883866926079,3.0,4.0,764.0,,,,,,,,,
43,-6.067654298643086,,1.5806337732311644,1.706724859206789,6.75370489970651,COMPLETE,total,extra_trees,,16.0,0.9151590245655306,2.0,5.0,899.0,,,,,,,,,
44,-55.54659400486372,,4.784698558928059,4.827575676021428,19.07283871212099,COMPLETE,total,extra_trees,,16.0,0.9046177480239822,2.0,20.0,250.0,,,,,,,,,
45,-6.46713826092792,,1.6340093889948968,1.754296356093455,6.971562306106044,COMPLETE,total,extra_trees,,13.0,0.8636896425787992,1.0,5.0,854.0,,,,,,,,,
46,-18.745230679487566,,2.776072838384264,2.8527057063185293,11.54233179973894,COMPLETE,total,extra_trees,,15.0,0.8099898070853726,2.0,13.0,472.0,,,,,,,,,
47,-11.580679436505006,,2.1685823530993695,2.2770780300424365,9.138978318638618,COMPLETE,total,extra_trees,,13.0,0.9546912706000363,4.0,2.0,905.0,,,,,,,,,
48,-6.918543372766615,,1.683620103905979,1.8065438800755138,7.1755003673042435,COMPLETE,total,extra_trees,,14.0,0.9156119262108879,1.0,6.0,685.0,,,,,,,,,
49,-13.97391101325503,,2.3859545320921214,2.484239648502492,10.005749085954807,COMPLETE,total,extra_trees,,18.0,0.9675223757663024,4.0,10.0,646.0,,,,,,,,,
50,-7.309957054331363,,1.7356697540669845,1.8506541037652078,7.388466111083482,COMPLETE,total,extra_trees,,10.0,0.9095793821249013,2.0,7.0,552.0,,,,,,,,,
51,-6.507824837696135,,1.6336971511303677,1.759069225358991,6.972268775943659,COMPLETE,total,extra_trees,,17.0,0.9723804896630457,3.0,4.0,790.0,,,,,,,,,
52,-7.196578208741874,,1.7361056232082426,1.837985828336295,7.390131489255077,COMPLETE,total,extra_trees,,16.0,0.38177910197907494,2.0,5.0,872.0,,,,,,,,,
53,-6.879919844260683,,1.6783112059939438,1.8021326905583925,7.154390083062347,COMPLETE,total,extra_trees,,15.0,0.9389360013839047,3.0,2.0,896.0,,,,,,,,,
54,-6.2273050801921555,,1.5991738779991753,1.7258937606641211,6.830032892339267,COMPLETE,total,extra_trees,,17.0,0.9736285694415245,1.0,6.0,934.0,,,,,,,,,
55,-12.575825599919254,,2.275392928677491,2.3654239515408846,9.565957878372243,COMPLETE,total,extra_trees,,16.0,0.8653537560627195,1.0,9.0,936.0,,,,,,,,,
56,-6.891798509934424,,1.682677813867792,1.8034905007077546,7.171851853441419,COMPLETE,total,extra_trees,,18.0,0.8947766752205958,2.0,6.0,943.0,,,,,,,,,
57,-55.54659400485564,,4.784698558927711,4.827575676021083,19.07283871211974,COMPLETE,total,extra_trees,,8.0,0.9700110142211757,1.0,16.0,489.0,,,,,,,,,
58,-7.897385242629973,,1.8153434052311397,1.9149483405508219,7.712830720651849,COMPLETE,total,extra_trees,,16.0,0.7483575423470882,2.0,7.0,614.0,,,,,,,,,
59,-17.249049540509375,,2.6629424594104854,2.742495918979691,11.099516592370344,COMPLETE,total,extra_trees,,17.0,0.8200196416607417,5.0,3.0,567.0,,,,,,,,,
60,-6.141280619859979,,1.5897960304489498,1.715591613285789,6.791066022070807,COMPLETE,total,extra_trees,,12.0,0.9318409893692255,1.0,5.0,969.0,,,,,,,,,
61,-6.250061241064256,,1.6063256310571372,1.7286087317874255,6.858341433467108,COMPLETE,total,extra_trees,,12.0,0.9373742408709671,1.0,5.0,963.0,,,,,,,,,
62,-6.1397776573270235,,1.5890275488327206,1.715411071045879,6.787969429252544,COMPLETE,total,extra_trees,,12.0,0.9344211111049548,1.0,5.0,998.0,,,,,,,,,
63,-6.290719740446728,,1.6100232410885347,1.7334489926775305,6.872930529744887,COMPLETE,total,extra_trees,,12.0,0.9486554737253159,1.0,4.0,906.0,,,,,,,,,
64,-8.400865836254543,,1.8639329807827376,1.9683838461506833,7.910619843230014,COMPLETE,total,extra_trees,,11.0,0.9190455929638477,1.0,8.0,994.0,,,,,,,,,
65,-5.662693024001758,,1.5279208551899484,1.6571078206797303,6.537459449045959,COMPLETE,total,extra_trees,,10.0,0.971826444323715,2.0,5.0,954.0,,,,,,,,,
66,-6.2938473428691175,,1.6170381214467053,1.733820763788463,6.903450052133331,COMPLETE,total,extra_trees,,10.0,0.559115887117502,2.0,5.0,974.0,,,,,,,,,
67,-55.54659400486364,,4.7846985589280555,4.827575676021424,19.072838712120976,COMPLETE,total,extra_trees,,9.0,0.8898195611307927,10.0,3.0,880.0,,,,,,,,,
68,-55.546594004865284,,4.784698558928127,4.827575676021494,19.072838712121236,COMPLETE,total,extra_trees,,8.0,0.8403318903809505,3.0,24.0,953.0,,,,,,,,,
69,-5.862400450833017,,1.5520931673906955,1.6817595154777518,6.636153211068853,COMPLETE,total,extra_trees,,7.0,0.9218421988185223,2.0,4.0,822.0,,,,,,,,,
70,-5.826385036049934,,1.5485514715839532,1.6773405846353344,6.621509134988257,COMPLETE,total,extra_trees,,6.0,0.9051823568522099,2.0,2.0,925.0,,,,,,,,,
71,-6.093151634235212,,1.586621611883146,1.7098006858722907,6.7772293464753375,COMPLETE,total,extra_trees,,5.0,0.9613977390535005,2.0,2.0,831.0,,,,,,,,,
72,-5.49594247489651,,1.5049529089606277,1.6362397917719205,6.442663624661941,COMPLETE,total,extra_trees,,4.0,0.9765055902548163,2.0,2.0,840.0,,,,,,,,,
73,-5.68296726303062,,1.5323832638990253,1.659627153369556,6.555477624236689,COMPLETE,total,extra_trees,,3.0,0.9760218006903163,2.0,2.0,861.0,,,,,,,,,
74,-6.512966628337818,,1.6339106804833563,1.7596714781960325,6.973122859386684,COMPLETE,total,extra_trees,,3.0,0.9768062921136857,3.0,2.0,811.0,,,,,,,,,
75,-6.498391554644705,,1.632394253879929,1.7579637777821309,6.96693302761235,COMPLETE,total,extra_trees,,4.0,0.9856533643758267,3.0,3.0,854.0,,,,,,,,,
76,-6.22086480477002,,1.6028710081574975,1.7251246144641648,6.844161675709712,COMPLETE,total,extra_trees,,6.0,0.6417372990591204,2.0,2.0,833.0,,,,,,,,,
77,-11.776905313674911,,2.1867559160862062,2.294767566565468,9.211672056187542,COMPLETE,total,extra_trees,,5.0,0.9562650834547879,4.0,4.0,799.0,,,,,,,,,
78,-5.692433837817163,,1.5358298683347307,1.6608021871638694,6.569692239339926,COMPLETE,total,extra_trees,,3.0,0.9990898566447366,2.0,3.0,713.0,,,,,,,,,
79,-6.582058865929096,,1.6438790459491248,1.7677442808654356,7.013863707483482,COMPLETE,total,extra_trees,,3.0,0.9965771377883587,3.0,3.0,718.0,,,,,,,,,
0,-55.54659400486208,,4.784698558927988,4.8275756760213575,19.072838712120735,COMPLETE,total,hist_gradient_boosting,,,,32.0,,,1.2363188277052228e-05,0.021642251106469404,671.0,49.0,,,,,
1,-55.54659400486208,,4.784698558927988,4.8275756760213575,19.072838712120735,COMPLETE,total,hist_gradient_boosting,,,,32.0,,,0.090470719575684,0.009204496040276266,134.0,57.0,,,,,
2,-55.54659400486208,,4.784698558927988,4.8275756760213575,19.072838712120735,COMPLETE,total,hist_gradient_boosting,,,,14.0,,,1.8740223688836324e-05,0.005419290634672375,682.0,55.0,,,,,
3,-55.54659400486208,,4.784698558927988,4.8275756760213575,19.072838712120735,COMPLETE,total,hist_gradient_boosting,,,,24.0,,,0.00010929592787219404,0.01024634005770867,282.0,37.0,,,,,
4,-55.54659400486208,,4.784698558927988,4.8275756760213575,19.072838712120735,COMPLETE,total,hist_gradient_boosting,,,,21.0,,,0.0015577217702693043,0.05476331374316277,183.0,24.0,,,,,
5,-55.54659400486208,,4.784698558927988,4.8275756760213575,19.072838712120735,COMPLETE,total,hist_gradient_boosting,,,,32.0,,,2.1142332035497158e-06,0.10788483727948411,220.0,37.0,,,,,
6,-55.54659400486208,,4.784698558927988,4.8275756760213575,19.072838712120735,COMPLETE,total,hist_gradient_boosting,,,,48.0,,,5.746775499181867,0.053848112391315636,202.0,11.0,,,,,
7,-55.54659400486208,,4.784698558927988,4.8275756760213575,19.072838712120735,COMPLETE,total,hist_gradient_boosting,,,,36.0,,,0.0012052231254145623,0.11814432092118202,283.0,13.0,,,,,
8,-55.54659400486208,,4.784698558927988,4.8275756760213575,19.072838712120735,COMPLETE,total,hist_gradient_boosting,,,,46.0,,,6.478282331897332e-05,0.008059522363804595,397.0,9.0,,,,,
9,-55.54659400486208,,4.784698558927988,4.8275756760213575,19.072838712120735,COMPLETE,total,hist_gradient_boosting,,,,30.0,,,1.967801053211497e-05,0.0667690954439529,287.0,37.0,,,,,
10,-3.7047136501651803,,1.3142102970882075,1.39249121077379,5.633589455510433,COMPLETE,total,hist_gradient_boosting,,,,5.0,,,1.2810738354816964e-06,0.021636876497585254,660.0,47.0,,,,,
11,-55.54659400486208,,4.784698558927988,4.8275756760213575,19.072838712120735,COMPLETE,total,hist_gradient_boosting,,,,8.0,,,1.0620839470034807e-06,0.021565519171785102,691.0,48.0,,,,,
12,-15.245770265492872,,2.480909810547416,2.5875933041602246,10.294111226939869,COMPLETE,total,hist_gradient_boosting,,,,7.0,,,1.3161166796288862e-06,0.021713355659755452,566.0,46.0,,,,,
13,-2.8649022634805372,,1.1841096593932914,1.2621039409572297,5.091759117936291,COMPLETE,total,hist_gradient_boosting,,,,5.0,,,0.03318907013969237,0.025243783215688355,558.0,64.0,,,,,
14,-55.54659400486208,,4.784698558927988,4.8275756760213575,19.072838712120735,COMPLETE,total,hist_gradient_boosting,,,,14.0,,,0.0490576211723977,0.03272494102650988,514.0,64.0,,,,,
15,-55.54659400486208,,4.784698558927988,4.8275756760213575,19.072838712120735,COMPLETE,total,hist_gradient_boosting,,,,15.0,,,0.04226589570549423,0.21860300184408024,563.0,64.0,,,,,
16,-5.790052115855921,,1.5869286339929911,1.672870869807811,6.765485093285537,COMPLETE,total,hist_gradient_boosting,,,,5.0,,,0.8088364455093929,0.017525459322236543,454.0,24.0,,,,,
17,-55.54659400486208,,4.784698558927988,4.8275756760213575,19.072838712120735,COMPLETE,total,hist_gradient_boosting,,,,19.0,,,0.008159062947844789,0.03702043252647541,616.0,57.0,,,,,
18,-55.54659400486208,,4.784698558927988,4.8275756760213575,19.072838712120735,COMPLETE,total,hist_gradient_boosting,,,,10.0,,,0.00038999009809454523,0.013318837199336016,427.0,29.0,,,,,
19,-55.54659400486208,,4.784698558927988,4.8275756760213575,19.072838712120735,COMPLETE,total,hist_gradient_boosting,,,,11.0,,,0.5036523918506888,0.038183733989021765,609.0,43.0,,,,,
20,-55.54659400486208,,4.784698558927988,4.8275756760213575,19.072838712120735,COMPLETE,total,hist_gradient_boosting,,,,41.0,,,0.007853200846148468,0.014204680611021026,486.0,53.0,,,,,
21,-6.7921503886394445,,1.6972554998038956,1.792068176986363,7.218942593732159,COMPLETE,total,hist_gradient_boosting,,,,5.0,,,1.6384051176954206,0.0167723428325338,421.0,23.0,,,,,
22,-2.965999964426135,,1.2041267949207708,1.278504373200007,5.177995840912535,COMPLETE,total,hist_gradient_boosting,,,,5.0,,,0.19867593537554198,0.0268182395349874,470.0,30.0,,,,,
23,-55.54659400486208,,4.784698558927988,4.8275756760213575,19.072838712120735,COMPLETE,total,hist_gradient_boosting,,,,12.0,,,0.16108633142340598,0.028491358308937426,542.0,31.0,,,,,
24,-55.54659400486208,,4.784698558927988,4.8275756760213575,19.072838712120735,COMPLETE,total,hist_gradient_boosting,,,,18.0,,,0.013669397886911168,0.028687491005903985,627.0,43.0,,,,,
25,-55.54659400486208,,4.784698558927988,4.8275756760213575,19.072838712120735,COMPLETE,total,hist_gradient_boosting,,,,9.0,,,0.3568519000077805,0.04692775908086157,485.0,17.0,,,,,
26,-55.54659400486208,,4.784698558927988,4.8275756760213575,19.072838712120735,COMPLETE,total,hist_gradient_boosting,,,,25.0,,,8.688411324855705,0.08679096160477431,342.0,32.0,,,,,
