number,value,params_alpha,user_attrs_mae_valid,user_attrs_rmse_valid,user_attrs_smape_valid,state,nivel,familia,params_l1_ratio,params_max_depth,params_max_features,params_min_samples_leaf,params_min_samples_split,params_n_estimators,params_l2_regularization,params_learning_rate,params_max_iter,params_max_leaf_nodes,params_colsample_bytree,params_min_child_weight,params_reg_alpha,params_reg_lambda,params_subsample
49,-23.764985841840012,,3.1459289460897932,3.194809056820447,12.97426478752113,COMPLETE,total,xgboost,,8.0,,,,723.0,,0.005266264527557061,,,0.7883846790741869,5.887635605940922,0.005021384526445145,0.0023195190565561533,0.6812006924204852
50,-3.08514045395113,,1.2059493928671372,1.2975657135241625,5.198913631846568,COMPLETE,total,xgboost,,6.0,,,,677.0,,0.014069675790884167,,,0.6044013851427775,2.7087713774384525,0.0002757656584989927,6.636157183683609e-08,0.7644963639258542
51,-2.5057498671596155,,1.0454692114909978,1.2020328264714624,4.5323973350530515,COMPLETE,total,xgboost,,8.0,,,,655.0,,0.011477142751815671,,,0.7017225472009783,1.679694568268559,0.0005210887510150392,2.1799671581719032e-08,0.7225973586314792
52,-2.6343460143556268,,1.0732332139730942,1.223880460572651,4.648856885137934,COMPLETE,total,xgboost,,8.0,,,,767.0,,0.013335561395268576,,,0.6930614620855668,1.7468155272606163,0.02528991744204048,1.105603843948482e-08,0.7061709642765822
53,-2.3023378115895383,,1.0239743460735173,1.1666393303865088,4.441686900492762,COMPLETE,total,xgboost,,9.0,,,,871.0,,0.03005985412055477,,,0.7152576287501159,1.1292138922148773,0.001457459084728418,1.533522117824355e-07,0.645663489214853
54,-2.177307996294529,,0.9790667761882634,1.1443411698194699,4.252204591445688,COMPLETE,total,xgboost,,10.0,,,,845.0,,0.033232110840849545,,,0.7225360485140502,1.0125976920817292,0.0014194381669351453,1.437487173640918e-07,0.6325538492355832
55,-3.853351098950668,,1.379124250960399,1.4143168642164037,5.90053136279807,COMPLETE,total,xgboost,,10.0,,,,869.0,,0.02988327972844787,,,0.719747266956503,3.3307364978367078,0.0014843887074793617,1.5487412265449953e-07,0.637358862861948
56,-59.873000292444054,,4.9675400326173,5.008852222172359,19.72853462590489,COMPLETE,total,xgboost,,9.0,,,,882.0,,0.040239650462656644,,,0.6569775303819616,11.096452026255752,0.18891541336828896,1.348838280350551e-06,0.6052199821758484
57,-2.632476616604409,,1.159513083052684,1.2235656565258497,5.000343843022895,COMPLETE,total,xgboost,,10.0,,,,837.0,,0.05303194325998604,,,0.6366590652459,2.4888552069560763,0.005949913215726496,5.121261244814884e-07,0.6344937973327899
58,-4.027816580055909,,1.4226795106649888,1.4395129553571395,6.079411911850264,COMPLETE,total,xgboost,,9.0,,,,856.0,,0.023015753980441797,,,0.7507409280652767,4.594299176791813,1.7237477430854218e-05,6.051282333308634e-08,0.6124492208217547
59,-55.54657587244559,,4.784697777978628,4.827574902008162,19.072835901335385,COMPLETE,total,xgboost,,9.0,,,,817.0,,0.037353116587517714,,,0.6887426408183221,18.458450583766844,0.8980992068116245,1.2014822300896588e-07,0.5864482190449206
60,-2.282361528865626,,1.0096698671103013,1.1631053993690597,4.380551162061557,COMPLETE,total,xgboost,,10.0,,,,730.0,,0.033326262712634315,,,0.7280675499660088,1.8529068677321354,0.019687194490700843,3.890959816720237e-06,0.6498365766914701
61,-2.142004982670177,,0.9699455171347152,1.137966034479797,4.214497570834892,COMPLETE,total,xgboost,,10.0,,,,735.0,,0.03212194757818572,,,0.7290353010013434,1.8337293283029092,0.016349476596474483,3.6078483528020246e-06,0.6550469355581932
62,-2.1586663556826258,,0.9747758775473129,1.1409792390748412,4.234490615077459,COMPLETE,total,xgboost,,10.0,,,,726.0,,0.03175743545855725,,,0.7195207758327476,1.8604394958397008,0.025037313103028664,3.1741340840267686e-06,0.6586463930033639
63,-1.9114296847034495,,0.9560806820313624,1.0954158428222085,4.154298840331083,COMPLETE,total,xgboost,,10.0,,,,753.0,,0.03264670215701825,,,0.7300061252557303,1.7987165846217945,0.017592883633539315,4.74096114906331e-06,0.562483931425359
64,-2.2989300894985174,,1.1217958996216943,1.166037240444825,4.82989771652305,COMPLETE,total,xgboost,,10.0,,,,734.0,,0.036843087782274166,,,0.7585566967280192,3.578004004664985,0.017163924633607486,3.989526900385171e-06,0.5618667751673792
65,-2.183360587111609,,1.0146636237224431,1.1454306036238477,4.4013733214908415,COMPLETE,total,xgboost,,10.0,,,,634.0,,0.04724036222859589,,,0.7333835234134519,1.9275239912497453,0.38446454725588985,7.416305042272703e-05,0.6660777866688795
66,-2.460754131595099,,1.123343395145783,1.1942939655427571,4.843928557245284,COMPLETE,total,xgboost,,10.0,,,,624.0,,0.04773291225823981,,,0.6772831214641967,2.873726360798194,0.45856044715743954,6.062363434424252e-05,0.5662477593271067
67,-2.9457918973199706,,1.2085481553793442,1.2752430144805382,5.206433132940509,COMPLETE,total,xgboost,,10.0,,,,702.0,,0.06307494221819075,,,0.7686781131750021,2.2705776371615185,0.07749709758857451,3.174430801248004e-05,0.5768566241082023
68,-7.4720485006311765,,1.8232357571046045,1.8686160792270756,7.6999071219927,COMPLETE,total,xgboost,,10.0,,,,775.0,,0.08788876766950873,,,0.7443904692937656,5.212532555876276,0.1861153290587562,6.409383523948667e-06,0.6641888683200772
69,-12.282656620688671,,2.2809075583537908,2.3397439753507845,9.587617538670427,COMPLETE,total,xgboost,,10.0,,,,745.0,,0.0472131033950528,,,0.6619694976344475,1.8863554194389458,3.416319038144136,0.00012433111100620075,0.6233757734292025
70,-68.10034143926734,,5.297860390893667,5.3366160934908455,20.901138829314156,COMPLETE,total,xgboost,,10.0,,,,599.0,,0.16370303916978884,,,0.802396666892492,9.185101264899918,0.012226388229005257,1.779719697689671e-06,0.6004798259780251
71,-2.2099250344727124,,0.9909838904460759,1.1501998585414863,4.302963957997713,COMPLETE,total,xgboost,,10.0,,,,725.0,,0.03358537073643332,,,0.7306213403963978,1.6838278891464589,0.053142375988728306,2.708770215306724e-06,0.6647681369945841
72,-2.015544278662411,,1.0245157151937974,1.1148301868174961,4.438524378566897,COMPLETE,total,xgboost,,9.0,,,,683.0,,0.026526448523512304,,,0.7328514477209365,2.955243479339158,0.06329124987144687,2.5272778748645194e-05,0.689552526041982
73,-2.284429986575869,,1.0743604570150864,1.1634718208320873,4.648913837372626,COMPLETE,total,xgboost,,9.0,,,,681.0,,0.025876834985222134,,,0.6829553794488977,2.78154842230327,0.13898783504243256,0.00022078308458942453,0.6864211398509819
74,-3.09061679512973,,1.225480960758576,1.29843514907521,5.275336614312373,COMPLETE,total,xgboost,,9.0,,,,545.0,,0.06035639813303129,,,0.7057778426016109,2.647675370766343,0.311481408239712,1.8315585490492443e-05,0.6267344366814193
75,-4.662196023003817,,1.4971029827515772,1.527630480246124,6.399139460921099,COMPLETE,total,xgboost,,10.0,,,,636.0,,0.042121416696252724,,,0.7409407752044143,3.7779748791805767,1.1222690896088303,7.197554082475892e-05,0.6704855936688733
76,-7.150738385839045,,1.7680771419922998,1.8328391030444178,7.520185225178198,COMPLETE,total,xgboost,,9.0,,,,762.0,,0.027407614153590495,,,0.7681375623553339,1.564356424173675,1.9443710883094174,7.198622184509146e-06,0.6901136197250446
77,-2.421111930358115,,1.0549916495403142,1.1874340728487265,4.568528617744269,COMPLETE,total,xgboost,,3.0,,,,799.0,,0.06909051948664595,,,0.6189421649187654,2.3424227670450617,0.008734513341174597,0.0005116063703652148,0.7400792368514333
78,-3.1094796274841716,,1.258452660791128,1.3014254065156157,5.391160787466873,COMPLETE,total,xgboost,,10.0,,,,660.0,,0.056324238477836894,,,0.7196212318853971,3.2462936560394384,0.0029268156968958086,3.0179958321663056e-05,0.6098341855875503
79,-5.5344269664599555,,1.6203342347860825,1.641079494976602,6.8963646202501225,COMPLETE,total,xgboost,,10.0,,,,597.0,,0.01921751587005537,,,0.642063505442531,4.5552846927325215,0.376323163620627,7.13644348060711e-07,0.6524625738737937
