number,value,params_alpha,user_attrs_mae_valid,user_attrs_rmse_valid,user_attrs_smape_valid,state,nivel,familia,params_l1_ratio,params_max_depth,params_max_features,params_min_samples_leaf,params_min_samples_split,params_n_estimators,params_l2_regularization,params_learning_rate,params_max_iter,params_max_leaf_nodes,params_colsample_bytree,params_min_child_weight,params_reg_alpha,params_reg_lambda,params_subsample
43,0.9387456786916039,2.2955168895497065,0.32901600049725527,0.41901291656414974,1.5056860031008954,COMPLETE,rango,ridge,,,,,,,,,,,,,,,
44,0.7108083549745563,28.934275467632563,0.6960124375542474,0.9104412272129305,3.108013357099642,COMPLETE,rango,ridge,,,,,,,,,,,,,,,
45,0.9391229884981216,2.056298136152453,0.32300776999171255,0.41772042085610045,1.4827079998150154,COMPLETE,rango,ridge,,,,,,,,,,,,,,,
46,0.9293643331029643,0.6642804177828425,0.3589990498875031,0.4499570591050245,1.6555904270631323,COMPLETE,rango,ridge,,,,,,,,,,,,,,,
47,0.9267489768272941,0.2630457514892724,0.376046561911906,0.4582114024986031,1.7406679542221706,COMPLETE,rango,ridge,,,,,,,,,,,,,,,
48,0.8829779723779807,6.672446291879871,0.4529790039841413,0.5791523915533905,2.027761456823324,COMPLETE,rango,ridge,,,,,,,,,,,,,,,
49,0.9355832464464574,2.889256010185423,0.34508672637297155,0.4296931807775859,1.5695119395123733,COMPLETE,rango,ridge,,,,,,,,,,,,,,,
50,0.7378380421479573,20.06815322981648,0.6590790452810883,0.8668498543189568,2.943664670079789,COMPLETE,rango,ridge,,,,,,,,,,,,,,,
51,0.9383460690491391,2.4155859696605115,0.33234227475790007,0.4203774684633471,1.51882638785597,COMPLETE,rango,ridge,,,,,,,,,,,,,,,
52,0.9389506240583206,2.2079783573869465,0.32657285141412057,0.41831136029354105,1.4960623046554833,COMPLETE,rango,ridge,,,,,,,,,,,,,,,
53,0.9303158889126357,0.7513696558357768,0.3557556205118777,0.4469160244867117,1.6402825819466431,COMPLETE,rango,ridge,,,,,,,,,,,,,,,
54,0.8527383379280808,8.599824295938781,0.5017486269612519,0.6496865763559476,2.2406880311824846,COMPLETE,rango,ridge,,,,,,,,,,,,,,,
55,0.9162499818374438,0.07057592598084977,0.41061533720719035,0.489949703981118,1.9259160746459787,COMPLETE,rango,ridge,,,,,,,,,,,,,,,
56,0.9262638734076752,0.20398668743000647,0.3832124144438118,0.4597261466696419,1.7765555738629972,COMPLETE,rango,ridge,,,,,,,,,,,,,,,
57,0.9389899938353162,2.186121589853573,0.3259667592677752,0.4181764573506929,1.4936841700294883,COMPLETE,rango,ridge,,,,,,,,,,,,,,,
58,0.8455762827345953,0.00011937800715915961,0.5075265669875648,0.665297736572867,2.4058078003755234,COMPLETE,rango,ridge,,,,,,,,,,,,,,,
59,0.7326937814166642,50.36523918506912,0.6622130897135518,0.8753133974706382,2.94198692041603,COMPLETE,rango,ridge,,,,,,,,,,,,,,,
60,0.9315256676560698,0.8570687356392266,0.35110397908117785,0.44301960736516394,1.6187056080408015,COMPLETE,rango,ridge,,,,,,,,,,,,,,,
61,0.9390538611500097,1.9075151038569413,0.3198768853456541,0.41795751948790805,1.4713320066286681,COMPLETE,rango,ridge,,,,,,,,,,,,,,,
62,0.9028385912112012,5.4295076668723325,0.4133539292749639,0.5277229071923486,1.8559690111179534,COMPLETE,rango,ridge,,,,,,,,,,,,,,,
63,0.9391233407106364,1.9932772014993603,0.321560609069208,0.4177192124642208,1.4773554515466463,COMPLETE,rango,ridge,,,,,,,,,,,,,,,
64,0.7985129699999373,12.674595792098726,0.5788774707297905,0.759945753036212,2.5826515493223354,COMPLETE,rango,ridge,,,,,,,,,,,,,,,
65,0.9277654136516608,0.486452963981666,0.36410333859146043,0.4550212086857877,1.6807020056198951,COMPLETE,rango,ridge,,,,,,,,,,,,,,,
66,0.9341879979943398,1.0966410559344937,0.3391469350441915,0.43432176725900884,1.5639911164980258,COMPLETE,rango,ridge,,,,,,,,,,,,,,,
67,0.9155443725266823,4.593315887217984,0.3898369887822596,0.4920093330885779,1.7540162725261024,COMPLETE,rango,ridge,,,,,,,,,,,,,,,
68,0.9390100879109683,2.1737882454106066,0.32568706247904244,0.4181075869973016,1.4926448908059768,COMPLETE,rango,ridge,,,,,,,,,,,,,,,
69,0.9271880588515405,0.383690025236013,0.36754507363583616,0.45683603062119726,1.6987529707698876,COMPLETE,rango,ridge,,,,,,,,,,,,,,,
70,0.8429349266018699,9.25994377504815,0.5171259697672803,0.6709634382070612,2.308548069550019,COMPLETE,rango,ridge,,,,,,,,,,,,,,,
71,0.9390872320978471,1.9372639757657848,0.3203628301470437,0.41784307787915126,1.472993519005174,COMPLETE,rango,ridge,,,,,,,,,,,,,,,
72,0.9379305444212513,1.5649643128042576,0.3248601740040773,0.42179168375525133,1.4968393906152007,COMPLETE,rango,ridge,,,,,,,,,,,,,,,
73,0.9253456725343306,3.875713599855844,0.3696672725968053,0.4625796661717925,1.6684084879699246,COMPLETE,rango,ridge,,,,,,,,,,,,,,,
74,0.9267587851638672,0.26513953889782277,0.3757777146800126,0.4581807241413626,1.7393574733072057,COMPLETE,rango,ridge,,,,,,,,,,,,,,,
75,0.9351804187193287,1.1963789796708413,0.3357282905880605,0.43103462189410985,1.5478946143556291,COMPLETE,rango,ridge,,,,,,,,,,,,,,,
76,0.9390950208695014,2.1033783083842295,0.3240845056987389,0.41781636272175915,1.4866972390408566,COMPLETE,rango,ridge,,,,,,,,,,,,,,,
77,0.7691820574495357,15.594490303315288,0.6165215541071505,0.8133806330060742,2.751477091063043,COMPLETE,rango,ridge,,,,,,,,,,,,,,,
78,0.928479553982927,0.5744679904234739,0.36185803938723876,0.4527663599195982,1.6693609384945483,COMPLETE,rango,ridge,,,,,,,,,,,,,,,
79,0.8922007214262375,6.098606925394252,0.4357048618342816,0.5558619823251698,1.9527568256231915,COMPLETE,rango,ridge,,,,,,,,,,,,,,,
0,0.9038258980168681,0.0074593432857265485,0.45253344172408483,0.5250348297388877,2.062309652718731,COMPLETE,rango,elasticnet,0.9056428757689245,,,,,,,,,,,,,,
1,0.8395725802087479,0.4570563099801455,0.5651563848339759,0.6781071817954097,2.5777333186213958,COMPLETE,rango,elasticnet,0.588792635777333,,,,,,,,,,,,,,
2,0.9081034611610015,0.0006026889128682511,0.42211438568299087,0.5132259673311771,1.9877902741866145,COMPLETE,rango,elasticnet,0.19039506830258235,,,,,,,,,,,,,,
3,0.8776130480498203,0.00019517224641449495,0.45726453690638036,0.5922793676907271,2.1682072941196515,COMPLETE,rango,elasticnet,0.8295585311974416,,,,,,,,,,,,,,
4,0.5872643050349955,0.10129197956845731,0.9384312287142801,1.0876647647251396,4.338613167639773,COMPLETE,rango,elasticnet,0.6872653200164409,,,,,,,,,,,,,,
5,0.8669019437669843,0.00012674255898937226,0.47427274523098867,0.6176534921251151,2.248764466407856,COMPLETE,rango,elasticnet,0.9229188669457948,,,,,,,,,,,,,,
6,0.638816000275608,1.452824663751602,0.8219809428599689,1.0174739434838327,3.8123903000948864,COMPLETE,rango,elasticnet,0.24110519961044852,,,,,,,,,,,,,,
7,0.9139434086119926,0.0008111941985431928,0.4155558283293223,0.49665077182980805,1.9506506152266192,COMPLETE,rango,elasticnet,0.21506405886809044,,,,,,,,,,,,,,
8,0.9153076881592805,0.0033205591037519565,0.3962455128078291,0.4926982714566306,1.8214674106782254,COMPLETE,rango,elasticnet,0.522280788469014,,,,,,,,,,,,,,
9,0.937130485381548,0.01444525102276306,0.3531310856035917,0.4245013721327807,1.6145653497162102,COMPLETE,rango,elasticnet,0.3121062261782377,,,,,,,,,,,,,,
10,0.8732826654253005,0.04053834553028507,0.492511240407064,0.6026665110370968,2.2377370031047077,COMPLETE,rango,elasticnet,0.3744314479323736,,,,,,,,,,,,,,
11,0.915911658091548,0.0052825740499845295,0.38946987197812416,0.4909383279471732,1.7857739693887695,COMPLETE,rango,elasticnet,0.4300724940583087,,,,,,,,,,,,,,
12,0.9214759145676216,0.007301619300638306,0.38015599493075786,0.47441726785380445,1.7417197548907568,COMPLETE,rango,elasticnet,0.3731482393643766,,,,,,,,,,,,,,
13,0.8064048025114997,0.10957167999707249,0.5718077557301068,0.7449143394769608,2.5584614185460164,COMPLETE,rango,elasticnet,0.0669852646682049,,,,,,,,,,,,,,
14,-4.413112709033363,5.430119434848277,3.6187075959918653,3.9389691514147773,15.460391470215917,COMPLETE,rango,elasticnet,0.33041354917591537,,,,,,,,,,,,,,
15,0.939673488463167,0.017345044543360406,0.3228079147118243,0.4158274460207614,1.4856349723103488,COMPLETE,rango,elasticnet,0.06367129610498015,,,,,,,,,,,,,,
16,0.9417514007028255,0.020498540113047532,0.3166929545463504,0.4086032228896187,1.4551367410953335,COMPLETE,rango,elasticnet,0.07825734773498816,,,,,,,,,,,,,,
17,0.6985539156567775,0.29528602960338457,0.7308997351310711,0.9295309785897077,3.285685298627075,COMPLETE,rango,elasticnet,0.06800484961023476,,,,,,,,,,,,,,
18,0.9299198331484483,0.03411421986546115,0.3725305781998414,0.44818426823029595,1.688223065548762,COMPLETE,rango,elasticnet,0.15267870268188402,,,,,,,,,,,,,,
19,0.9244912528476321,0.0016848420082640938,0.3912022390811185,0.4652192500965624,1.8182029095429368,COMPLETE,rango,elasticnet,0.055908156934446056,,,,,,,,,,,,,,
20,0.8965301595409764,0.021088350619298,0.46578645659465295,0.5445853252587664,2.1249314659880905,COMPLETE,rango,elasticnet,0.6705829410085778,,,,,,,,,,,,,,
21,0.9361284385094267,0.019171093488580516,0.36162307955680983,0.4278709599703129,1.6526108555171306,COMPLETE,rango,elasticnet,0.29703647595423277,,,,,,,,,,,,,,
22,0.796908636755859,0.09656874387046745,0.6016132170240804,0.7629652746360349,2.704520775329896,COMPLETE,rango,elasticnet,0.14045084051207082,,,,,,,,,,,,,,
23,0.9380930727029083,0.01772456540082889,0.35103416440837587,0.42123909301488643,1.6050614527997114,COMPLETE,rango,elasticnet,0.28604392777411247,,,,,,,,,,,,,,
24,0.9244963092378624,0.0023322936450373777,0.3876385817438993,0.4652036732955843,1.795024803428354,COMPLETE,rango,elasticnet,0.13525311691375844,,,,,,,,,,,,,,
25,0.8554844920887019,0.05817939906774313,0.5176074424744004,0.6436003497874065,2.3358320324146398,COMPLETE,rango,elasticnet,0.23402755691875038,,,,,,,,,,,,,,
26,0.6669979140989349,0.2175530200763664,0.8174772203074974,0.9769729101540529,3.74677280695631,COMPLETE,rango,elasticnet,0.44153150516257467,,,,,,,,,,,,,,
27,0.9335689928762574,0.011977340060393974,0.3460942731325452,0.43635952764226055,1.5916743109733673,COMPLETE,rango,elasticnet,0.1224669698565806,,,,,,,,,,,,,,
28,0.8646225929693067,0.8227935175570817,0.5261335293722733,0.6229198070828793,2.415703776014838,COMPLETE,rango,elasticnet,0.2624872918692854,,,,,,,,,,,,,,
29,0.9221226064888555,0.004984412921310163,0.37600591010204926,0.4724596767495519,1.7315989931907805,COMPLETE,rango,elasticnet,0.16202822220168922,,,,,,,,,,,,,,
30,0.917699544442304,0.0009210546312701873,0.4085913813951199,0.4856911211264461,1.9140064479195127,COMPLETE,rango,elasticnet,0.10177235762369843,,,,,,,,,,,,,,
31,0.9347961480084142,0.011913327527919097,0.35377742687899666,0.43231038779536307,1.6193929703641519,COMPLETE,rango,elasticnet,0.31713354576066966,,,,,,,,,,,,,,
32,0.9128882655110154,0.014066063340830846,0.4345537724774483,0.49968622262143,1.9817528071484243,COMPLETE,rango,elasticnet,0.569270414785088,,,,,,,,,,,,,,
33,0.9094938992267452,0.04093043370259932,0.41573521402609376,0.5093284927553269,1.8810701818765867,COMPLETE,rango,elasticnet,0.20693444701291552,,,,,,,,,,,,,,
34,0.9269905853289067,0.008736819689547147,0.3756062044993288,0.4574551044630231,1.7181548684527117,COMPLETE,rango,elasticnet,0.42792736743722753,,,,,,,,,,,,,,
35,0.8815583369399497,0.022623789298651865,0.4900557980185897,0.5826547523155451,2.2408658103967656,COMPLETE,rango,elasticnet,0.8266345896679277,,,,,,,,,,,,,,
36,0.8037953104591269,0.07074893880927634,0.6109533302077282,0.7499179281854904,2.766006039869846,COMPLETE,rango,elasticnet,0.26937002177989905,,,,,,,,,,,,,,
37,0.6923361827524426,0.18941320560081523,0.7606392466291433,0.9390684650889703,3.4532767194095175,COMPLETE,rango,elasticnet,0.18444382702138815,,,,,,,,,,,,,,
38,0.9007270174017483,0.0004969696217041703,0.4292982608738446,0.5334264909542559,2.028151281966176,COMPLETE,rango,elasticnet,0.3642003977699868,,,,,,,,,,,,,,
39,0.9151190157222557,0.0034057023595345528,0.39610714558794474,0.49324676793332595,1.8203526846444797,COMPLETE,rango,elasticnet,0.5144257748160687,,,,,,,,,,,,,,
40,0.789795720113155,0.6937871522753615,0.6277679100062961,0.7762110514653257,2.8097948404846793,COMPLETE,rango,elasticnet,0.09716250156612438,,,,,,,,,,,,,,
41,0.9373249392599831,0.017717633438624193,0.35532919196923085,0.42384437751656107,1.6244390917585845,COMPLETE,rango,elasticnet,0.2973676540957364,,,,,,,,,,,,,,
42,0.9209855385498337,0.02848272374821834,0.40473086050725665,0.47589630941445105,1.8419144642249137,COMPLETE,rango,elasticnet,0.2841415376074909,,,,,,,,,,,,,,
43,0.920465810814733,0.005152408451369281,0.3796024144516193,0.47745887857439123,1.7464881583292013,COMPLETE,rango,elasticnet,0.1974630709350801,,,,,,,,,,,,,,
44,0.9252116155210284,0.008274285001920052,0.38204700699122096,0.46299480777660307,1.7468068298281698,COMPLETE,rango,elasticnet,0.4703242590257075,,,,,,,,,,,,,,
45,0.7793119177045613,0.06160670637406026,0.6656527366199703,0.7953320522455323,3.0333011327642563,COMPLETE,rango,elasticnet,0.391384996488916,,,,,,,,,,,,,,
46,0.647786404026315,0.1288241889728203,0.8522369426973372,1.0047594576951178,3.9191586527428575,COMPLETE,rango,elasticnet,0.3377874895957238,,,,,,,,,,,,,,
47,0.9217392848765564,0.001543422895204263,0.3998279821237623,0.47362100027297416,1.8605493087085714,COMPLETE,rango,elasticnet,0.2532805228605689,,,,,,,,,,,,,,
48,0.9076887464253494,0.016035158987207487,0.4467094725415525,0.5143827180819196,2.036008394633213,COMPLETE,rango,elasticnet,0.5823659038961531,,,,,,,,,,,,,,
49,0.9354763521656848,0.0337687398489738,0.3518590702413324,0.4300495531635693,1.5948368722776556,COMPLETE,rango,elasticnet,0.08668872521426578,,,,,,,,,,,,,,
50,0.9141852392380981,0.0033938535027910085,0.40053301346112935,0.49595245307232716,1.8409545965065912,COMPLETE,rango,elasticnet,0.6633382965271019,,,,,,,,,,,,,,
51,0.9198856511003564,0.019928368135001574,0.41653530940756917,0.4791971190536377,1.8996452745186847,COMPLETE,rango,elasticnet,0.40329706259347103,,,,,,,,,,,,,,
52,0.9243183146742104,0.008146032126310734,0.3728873298460235,0.4657516927398769,1.7094592793862435,COMPLETE,rango,elasticnet,0.3194607552024102,,,,,,,,,,,,,,
53,0.8737475924100417,0.045871524175303255,0.48846341673508115,0.6015599007710145,2.2148392683926095,COMPLETE,rango,elasticnet,0.2988139475180971,,,,,,,,,,,,,,
54,0.9352954560134601,0.02410646688209871,0.3620509226215723,0.4306519668755756,1.6488919416808263,COMPLETE,rango,elasticnet,0.23242790387152243,,,,,,,,,,,,,,
55,0.9389626276826916,0.014357965299672018,0.33439282839570694,0.41827023375287187,1.5346930119635276,COMPLETE,rango,elasticnet,0.1751010312089631,,,,,,,,,,,,,,
56,-4.95066887726339,9.574738509612205,3.8185793286002885,4.129922833500958,16.231248361116286,COMPLETE,rango,elasticnet,0.17223220343579845,,,,,,,,,,,,,,
57,0.9313722217895458,0.011070475328749815,0.3518876956218515,0.4435157165170492,1.618249838123824,COMPLETE,rango,elasticnet,0.1269710466347155,,,,,,,,,,,,,,
58,0.9255554445858234,0.005144279523449244,0.3694339061163604,0.4619293050297812,1.7040199417682695,COMPLETE,rango,elasticnet,0.0547494695064801,,,,,,,,,,,,,,
59,0.9229870448080943,0.0020242410400197895,0.39509609515954636,0.4698302106911168,1.8314280092699642,COMPLETE,rango,elasticnet,0.2288171369595649,,,,,,,,,,,,,,
60,0.9241618419616645,0.006150214582058274,0.37211435805819487,0.46623291749452483,1.7134833828298195,COMPLETE,rango,elasticnet,0.10392401851249354,,,,,,,,,,,,,,
61,0.933193148775165,0.01655657728531256,0.3738573176315043,0.43759217371257453,1.708144101822549,COMPLETE,rango,elasticnet,0.3592471980837932,,,,,,,,,,,,,,
62,0.9336583382092998,0.03097514003650973,0.36313883243290285,0.436065991487483,1.647901172197313,COMPLETE,rango,elasticnet,0.15729148157035955,,,,,,,,,,,,,,
63,0.9355487122921426,0.012233462298474402,0.3487629639624578,0.4298083457113888,1.5972286094661947,COMPLETE,rango,elasticnet,0.2908874491827266,,,,,,,,,,,,,,
64,0.8030637564202856,0.0819226412598882,0.6025843828572068,0.7513146712227691,2.717768647381621,COMPLETE,rango,elasticnet,0.20264447256549373,,,,,,,,,,,,,,
65,0.9420822859178364,0.01861429792718013,0.3237442347205046,0.40744102054896575,1.4854390745681108,COMPLETE,rango,elasticnet,0.13498737632709482,,,,,,,,,,,,,,
66,0.9281514230957187,0.03979342689910736,0.3715797950021675,0.4538038018124954,1.6798670262608677,COMPLETE,rango,elasticnet,0.08334566438995582,,,,,,,,,,,,,,
67,0.9015319030338426,0.05225409943277465,0.4258574884843249,0.5312596318615792,1.9187895571270301,COMPLETE,rango,elasticnet,0.13415901428740618,,,,,,,,,,,,,,
68,0.9390113250688833,0.024527548485346613,0.34509994599943844,0.41810334639655283,1.5716127881752726,COMPLETE,rango,elasticnet,0.17722904429264033,,,,,,,,,,,,,,
69,0.7455105113354018,0.13314643360232067,0.6803545939162644,0.8540709873795382,3.074093470604168,COMPLETE,rango,elasticnet,0.17265505323987934,,,,,,,,,,,,,,
70,0.9281771685152017,0.009497630950207106,0.36088166851725123,0.45372248902556356,1.6598799531547324,COMPLETE,rango,elasticnet,0.10960778098453249,,,,,,,,,,,,,,
71,0.9387945444003615,0.016732523675533007,0.325467332980422,0.41884574918803547,1.4983366279531356,COMPLETE,rango,elasticnet,0.05288845471260814,,,,,,,,,,,,,,
72,0.9417366345561857,0.023521836520074845,0.32299639002468417,0.4086550105107104,1.479391764357692,COMPLETE,rango,elasticnet,0.07039414559864042,,,,,,,,,,,,,,
73,0.9401437415025121,0.027319087747708727,0.3330436837535473,0.41420356059404395,1.5195701932049912,COMPLETE,rango,elasticnet,0.050578171069532205,,,,,,,,,,,,,,
74,0.9409504883161406,0.026517314588081556,0.33069438386010613,0.41140275903516027,1.509609271092883,COMPLETE,rango,elasticnet,0.06749245412395555,,,,,,,,,,,,,,
75,0.9400501245800322,0.02820488458079946,0.3373615749921178,0.41452734722524576,1.5358273891373362,COMPLETE,rango,elasticnet,0.08950588093656661,,,,,,,,,,,,,,
76,0.9413808098741665,0.02565502933022047,0.32887992025317797,0.40990097530325464,1.5023449836565959,COMPLETE,rango,elasticnet,0.07526120109318302,,,,,,,,,,,,,,
77,0.8551786785407822,0.07973048324710386,0.5021730070332814,0.644280960796628,2.24895629234357,COMPLETE,rango,elasticnet,0.07607086711438443,,,,,,,,,,,,,,
78,0.9106123029276142,0.051109500521963995,0.40709809873693525,0.5061717685138084,1.8335258749772674,COMPLETE,rango,elasticnet,0.07673836095268992,,,,,,,,,,,,,,
79,0.8024122051711567,0.10042546351571442,0.5864555900854138,0.7525564837643147,2.63103459275117,COMPLETE,rango,elasticnet,0.11161301299554771,,,,,,,,,,,,,,
0,0.25262732555059386,,1.2466899985658655,1.4636176975992268,5.717651750702595,COMPLETE,rango,random_forest,,16.0,0.4514121162875837,9.0,15.0,462.0,,,,,,,,,
1,0.1346614149581884,,1.3229177856950822,1.574896722640522,6.058820216634608,COMPLETE,rango,random_forest,,2.0,0.8102471755674295,11.0,15.0,309.0,,,,,,,,,
2,0.19212122926573927,,1.2997396460797617,1.5217108691010663,5.95426156260587,COMPLETE,rango,random_forest,,16.0,0.4681862286846154,10.0,6.0,214.0,,,,,,,,,
3,0.32745892509243724,,1.1967618060490528,1.3884122969696748,5.490872142691857,COMPLETE,rango,random_forest,,6.0,0.5392989411287272,7.0,11.0,328.0,,,,,,,,,
4,0.47781741059223926,,1.0649717165225547,1.2234049642429063,4.889951270035114,COMPLETE,rango,random_forest,,4.0,0.6464454897410734,4.0,10.0,628.0,,,,,,,,,
5,0.3164854411318946,,1.1908865127206403,1.3996934471640836,5.466107748858306,COMPLETE,rango,random_forest,,4.0,0.3801927682679985,7.0,15.0,750.0,,,,,,,,,
6,0.17818067614734967,,1.3065420859622028,1.5347838445601065,5.984936881103778,COMPLETE,rango,random_forest,,4.0,0.9776608214984636,1.0,23.0,625.0,,,,,,,,,
7,0.2643857675178962,,1.248738661896801,1.4520584762147681,5.72555317633305,COMPLETE,rango,random_forest,,6.0,0.6360991209307408,2.0,17.0,766.0,,,,,,,,,
8,0.1951273214307968,,1.2909401989427787,1.5188771107911445,5.917003945545443,COMPLETE,rango,random_forest,,9.0,0.518206988040011,1.0,22.0,285.0,,,,,,,,,
9,0.32242048728396444,,1.2032617358454927,1.3936033375656587,5.519895893228507,COMPLETE,rango,random_forest,,6.0,0.47015539609159257,7.0,14.0,664.0,,,,,,,,,
10,0.5293715880847412,,1.0058705547330815,1.1614435745905927,4.620148310688501,COMPLETE,rango,random_forest,,11.0,0.7660575266039114,4.0,2.0,869.0,,,,,,,,,
11,0.5303330012969061,,1.0050100715827492,1.1602566529957103,4.616261768590059,COMPLETE,rango,random_forest,,11.0,0.7684132788054852,4.0,3.0,837.0,,,,,,,,,
12,0.5291234830540962,,1.0058857726059398,1.1617496781092747,4.620941533098197,COMPLETE,rango,random_forest,,12.0,0.8225913410012512,4.0,2.0,895.0,,,,,,,,,
13,0.5312010920750283,,1.0029631618666326,1.1591838993823886,4.6068287596637845,COMPLETE,rango,random_forest,,12.0,0.78841749279502,4.0,2.0,875.0,,,,,,,,,
14,0.4706105117913981,,1.0695280187686984,1.231818440966795,4.912534780284558,COMPLETE,rango,random_forest,,13.0,0.9443669502411463,5.0,6.0,787.0,,,,,,,,,
15,0.6112636920022722,,0.9045910901667296,1.0555689274243076,4.154487890083748,COMPLETE,rango,random_forest,,10.0,0.7516484120952661,3.0,6.0,489.0,,,,,,,,,
16,0.6690234392405241,,0.8245083149995756,0.9739971005997914,3.78221399703023,COMPLETE,rango,random_forest,,9.0,0.8805173511780156,2.0,6.0,485.0,,,,,,,,,
17,0.6132524340194179,,0.9020517449898259,1.0528653645895798,4.141777672701654,COMPLETE,rango,random_forest,,9.0,0.9016762305707818,2.0,8.0,469.0,,,,,,,,,
18,0.5867406465823302,,0.9361699749299822,1.088354533395879,4.299504577267202,COMPLETE,rango,random_forest,,8.0,0.8869319565848858,1.0,9.0,434.0,,,,,,,,,
19,0.6148088031778413,,0.8993098309990296,1.0507447318655676,4.129893779242086,COMPLETE,rango,random_forest,,14.0,0.9071223472995299,2.0,8.0,546.0,,,,,,,,,
20,0.39314649682422464,,1.1423571528186072,1.3188669229443528,5.243731486970812,COMPLETE,rango,random_forest,,14.0,0.8783817639485592,6.0,12.0,564.0,,,,,,,,,
21,0.6085699810479019,,0.9091105036726093,1.0592198454818018,4.175369559722209,COMPLETE,rango,random_forest,,8.0,0.9087724188771082,2.0,8.0,398.0,,,,,,,,,
22,0.619783372955332,,0.8946500650268061,1.0439377370728011,4.107809224059246,COMPLETE,rango,random_forest,,8.0,0.9924325317153065,2.0,8.0,551.0,,,,,,,,,
23,0.6187224279503833,,0.8936665645177536,1.0453932086370472,4.106595361589531,COMPLETE,rango,random_forest,,14.0,0.9843440290140927,3.0,5.0,544.0,,,,,,,,,
24,0.6172447925035072,,0.8950160031561636,1.0474169525471282,4.112675274299932,COMPLETE,rango,random_forest,,7.0,0.9912960782598422,3.0,5.0,571.0,,,,,,,,,
