number,value,params_alpha,user_attrs_mae_valid,user_attrs_rmse_valid,user_attrs_smape_valid,state,nivel,familia,params_l1_ratio,params_max_depth,params_max_features,params_min_samples_leaf,params_min_samples_split,params_n_estimators,params_l2_regularization,params_learning_rate,params_max_iter,params_max_leaf_nodes,params_colsample_bytree,params_min_child_weight,params_reg_alpha,params_reg_lambda,params_subsample
25,0.6198482092956346,,0.8931778337750517,1.0438487246739434,4.104889806548828,COMPLETE,rango,random_forest,,10.0,0.9886998957606722,3.0,4.0,379.0,,,,,,,,,
26,0.4851508576428183,,1.0538847955526838,1.2147839393418418,4.8419639559979535,COMPLETE,rango,random_forest,,10.0,0.8473644263989758,5.0,4.0,389.0,,,,,,,,,
27,0.6611682484275224,,0.8348764910671345,0.9854874434183034,3.828665009828758,COMPLETE,rango,random_forest,,8.0,0.9510451171977381,1.0,7.0,397.0,,,,,,,,,
28,0.24912681739398945,,1.2523591893841788,1.467041304510262,5.742350987272915,COMPLETE,rango,random_forest,,10.0,0.7128879901273959,1.0,18.0,368.0,,,,,,,,,
29,0.09832748584645412,,1.354221285438738,1.6076202212172928,6.195425017439167,COMPLETE,rango,random_forest,,7.0,0.8538983814589426,12.0,4.0,490.0,,,,,,,,,
30,0.22885647917139673,,1.2691351061429064,1.4867113317924565,5.817771484029379,COMPLETE,rango,random_forest,,9.0,0.9396829990244323,9.0,10.0,230.0,,,,,,,,,
31,0.6489306502376755,,0.8523721318672377,1.0031260348302045,3.9125021570729204,COMPLETE,rango,random_forest,,8.0,0.9498890553711634,2.0,7.0,406.0,,,,,,,,,
32,0.5986319534919843,,0.9194372048582472,1.0725818459760397,4.2233535568161,COMPLETE,rango,random_forest,,7.0,0.946576511750161,3.0,7.0,439.0,,,,,,,,,
33,0.6989349050572982,,0.7834822385954971,0.9289433885746582,3.589672758657451,COMPLETE,rango,random_forest,,11.0,0.9419330348654991,1.0,4.0,341.0,,,,,,,,,
34,0.500559133791098,,1.0338756140005516,1.196467984866345,4.751016912322517,COMPLETE,rango,random_forest,,11.0,0.9367188714358338,1.0,11.0,280.0,,,,,,,,,
35,0.6809570771360854,,0.8118926439086268,0.9562767620406302,3.7220808636968172,COMPLETE,rango,random_forest,,5.0,0.8281859165647217,1.0,6.0,325.0,,,,,,,,,
36,0.20113277041713118,,1.2869216714929372,1.5132000529120386,5.898168353188939,COMPLETE,rango,random_forest,,2.0,0.8158985794313875,1.0,5.0,332.0,,,,,,,,,
37,0.5641901851311881,,0.9656962086037348,1.117654440794023,4.436185896955994,COMPLETE,rango,random_forest,,5.0,0.8557514906902558,1.0,10.0,239.0,,,,,,,,,
38,0.17684574661824404,,1.3043333238136408,1.5360298586671022,5.9752655687513165,COMPLETE,rango,random_forest,,2.0,0.7164070181197275,10.0,3.0,340.0,,,,,,,,,
39,0.2623769953051286,,1.2411897149366642,1.454039722641148,5.6923382003006715,COMPLETE,rango,random_forest,,3.0,0.6758993397410644,8.0,7.0,279.0,,,,,,,,,
40,0.6644269634258444,,0.8315193263750338,0.9807370303905001,3.816841249111716,COMPLETE,rango,random_forest,,5.0,0.8287692457972965,2.0,6.0,315.0,,,,,,,,,
41,0.6627797898790975,,0.8334473789913805,0.9831410771992098,3.8260711793009516,COMPLETE,rango,random_forest,,5.0,0.8197816731397356,2.0,6.0,310.0,,,,,,,,,
42,0.6762360992153104,,0.8122823756383154,0.9633259437425059,3.7300183679772996,COMPLETE,rango,random_forest,,5.0,0.8044100943402683,2.0,5.0,202.0,,,,,,,,,
43,0.5914512288869069,,0.928389782777284,1.0821338913488157,4.261548037578032,COMPLETE,rango,random_forest,,5.0,0.6101610610490289,3.0,3.0,211.0,,,,,,,,,
44,0.5531903861567973,,0.9771190493225895,1.1316712927307806,4.48823564815246,COMPLETE,rango,random_forest,,3.0,0.7383588927922156,2.0,5.0,256.0,,,,,,,,,
45,0.20365474433454123,,1.287248169803288,1.5108096258147807,5.898794352895458,COMPLETE,rango,random_forest,,4.0,0.8650724775967706,5.0,21.0,307.0,,,,,,,,,
46,0.5859005135268058,,0.9344919134737147,1.0894602535349176,4.291696747479217,COMPLETE,rango,random_forest,,6.0,0.7952878376509893,1.0,9.0,203.0,,,,,,,,,
47,0.5364434763235195,,0.9982684070927696,1.152684340829277,4.584251345526761,COMPLETE,rango,random_forest,,3.0,0.7835633248616268,2.0,4.0,256.0,,,,,,,,,
48,0.27048197234802795,,1.233989379678038,1.446029186928394,5.660130103014885,COMPLETE,rango,random_forest,,5.0,0.8343287436689036,4.0,16.0,348.0,,,,,,,,,
49,0.5926150048573418,,0.9240087248819653,1.0805915301545772,4.246558384915587,COMPLETE,rango,random_forest,,6.0,0.6804359747975751,3.0,2.0,299.0,,,,,,,,,
50,0.3697270865106086,,1.1604501248553254,1.3440745763686035,5.327457975919119,COMPLETE,rango,random_forest,,15.0,0.9031206280683195,6.0,13.0,650.0,,,,,,,,,
51,0.6535679133366672,,0.8456906314577288,0.9964788825236419,3.884365174670041,COMPLETE,rango,random_forest,,5.0,0.8147927907127176,2.0,6.0,319.0,,,,,,,,,
52,0.6816247011945815,,0.8093004558297388,0.9552756934211877,3.7157357361261614,COMPLETE,rango,random_forest,,4.0,0.38177910197907494,1.0,6.0,268.0,,,,,,,,,
53,0.6045616848890968,,0.9141986378645355,1.0646293093442885,4.199724083555112,COMPLETE,rango,random_forest,,4.0,0.41165320692918195,1.0,9.0,251.0,,,,,,,,,
54,0.5463968474422276,,0.9847334690556475,1.1402421126427735,4.521109711494115,COMPLETE,rango,random_forest,,3.0,0.5534974192632293,1.0,3.0,356.0,,,,,,,,,
55,0.6702289028361785,,0.8243646251362351,0.9722217647999,3.787384379090846,COMPLETE,rango,random_forest,,7.0,0.3517341748302329,2.0,6.0,276.0,,,,,,,,,
56,0.7100814304673091,,0.7663667454517752,0.9115847710837094,3.515214179113292,COMPLETE,rango,random_forest,,12.0,0.3618077827775713,1.0,5.0,276.0,,,,,,,,,
57,0.706974833168313,,0.7692574928967135,0.916455760980606,3.5310490062930833,COMPLETE,rango,random_forest,,13.0,0.3660675109806942,1.0,5.0,280.0,,,,,,,,,
58,0.7092509177550532,,0.7640205384786183,0.9128895190418774,3.5086118128258197,COMPLETE,rango,random_forest,,12.0,0.42731830122068976,1.0,4.0,201.0,,,,,,,,,
59,0.7246418271146635,,0.7469103156897068,0.8883989371463293,3.4253791458500897,COMPLETE,rango,random_forest,,12.0,0.42378782910002366,1.0,2.0,226.0,,,,,,,,,
60,0.7296790402602192,,0.7320372891696041,0.8802355512292056,3.3588648072050553,COMPLETE,rango,random_forest,,12.0,0.44000108374681796,1.0,2.0,228.0,,,,,,,,,
61,0.7307508212085249,,0.7314499072886058,0.8784888189713921,3.356620276417057,COMPLETE,rango,random_forest,,12.0,0.4353253347331183,1.0,2.0,236.0,,,,,,,,,
62,0.7306715207143477,,0.7312224010010987,0.878618177710865,3.3547549665736183,COMPLETE,rango,random_forest,,12.0,0.4486734880351148,1.0,2.0,232.0,,,,,,,,,
63,0.7298257687403854,,0.7315190753293743,0.8799966257020964,3.3559283722655526,COMPLETE,rango,random_forest,,13.0,0.4525636723004087,1.0,2.0,224.0,,,,,,,,,
64,0.721208485293367,,0.7459952840029239,0.8939203424494535,3.4192980763238436,COMPLETE,rango,random_forest,,12.0,0.45570047125901775,1.0,2.0,248.0,,,,,,,,,
65,0.7294574659523079,,0.7319879663242728,0.8805962292042852,3.3616523913577097,COMPLETE,rango,random_forest,,13.0,0.48786802455559436,1.0,2.0,230.0,,,,,,,,,
66,0.689715426799689,,0.78910651829319,0.9430595916661928,3.6248539342877812,COMPLETE,rango,random_forest,,13.0,0.4783225165028375,2.0,2.0,230.0,,,,,,,,,
67,0.7263578562230292,,0.7433899555348082,0.8856263645265108,3.4046671698242235,COMPLETE,rango,random_forest,,13.0,0.5036290377101804,1.0,2.0,230.0,,,,,,,,,
68,0.602608459203794,,0.9141234048303938,1.0672553824073412,4.202015657441364,COMPLETE,rango,random_forest,,15.0,0.4924101483821184,3.0,3.0,230.0,,,,,,,,,
69,0.6914596882452969,,0.7972429155026928,0.9404051561797004,3.657395769248227,COMPLETE,rango,random_forest,,13.0,0.5141377792143152,2.0,2.0,702.0,,,,,,,,,
70,0.7089974346618062,,0.7655213067886624,0.9132873735141729,3.5107672727656767,COMPLETE,rango,random_forest,,14.0,0.430622434756145,1.0,3.0,241.0,,,,,,,,,
71,0.730100300361114,,0.7303845089030114,0.8795494174306583,3.3506840340091872,COMPLETE,rango,random_forest,,12.0,0.4467273945966115,1.0,2.0,223.0,,,,,,,,,
72,0.7347195701952092,,0.7257198856691249,0.8719902940612874,3.327950081974032,COMPLETE,rango,random_forest,,13.0,0.39951077749227,1.0,2.0,231.0,,,,,,,,,
73,0.6900637798471421,,0.7931991444884405,0.9425300617303628,3.643196415265005,COMPLETE,rango,random_forest,,13.0,0.3947844902356902,2.0,3.0,222.0,,,,,,,,,
74,0.7188889724720694,,0.7514151747828994,0.8976312961527922,3.4442671128438502,COMPLETE,rango,random_forest,,13.0,0.4558103222486609,1.0,2.0,296.0,,,,,,,,,
75,0.7057682306305104,,0.775014003600385,0.9183406875358795,3.550822227466721,COMPLETE,rango,random_forest,,15.0,0.5563188288895089,1.0,2.0,255.0,,,,,,,,,
76,0.6899161815590797,,0.7995904161194656,0.942754461551956,3.6729177717463264,COMPLETE,rango,random_forest,,14.0,0.524438065937103,2.0,3.0,222.0,,,,,,,,,
77,0.7003332311921018,,0.7708113048843851,0.9267835938225565,3.5370073910779363,COMPLETE,rango,random_forest,,11.0,0.48693452085170635,1.0,4.0,263.0,,,,,,,,,
78,0.6089408624556805,,0.9026397263382197,1.0587179191756426,4.151258568667051,COMPLETE,rango,random_forest,,12.0,0.3996768885639774,3.0,3.0,215.0,,,,,,,,,
79,0.6840372709627611,,0.8025952389527107,0.9516493883303042,3.6867290099464456,COMPLETE,rango,random_forest,,11.0,0.44001806496095747,2.0,4.0,293.0,,,,,,,,,
0,0.29279656004422905,,1.116493018255367,1.4237417708967304,5.153725873357782,COMPLETE,rango,extra_trees,,18.0,0.4514121162875837,9.0,15.0,500.0,,,,,,,,,
1,0.07686351114232026,,1.3151549229207928,1.6266420819756553,6.02956664547435,COMPLETE,rango,extra_trees,,2.0,0.8102471755674295,11.0,15.0,324.0,,,,,,,,,
2,0.20534410859824226,,1.1839121574118598,1.5092062616803132,5.452464551872358,COMPLETE,rango,extra_trees,,18.0,0.4681862286846154,10.0,6.0,216.0,,,,,,,,,
3,0.4613471396435501,,1.014913064159687,1.2425490162528081,4.685535831598148,COMPLETE,rango,extra_trees,,7.0,0.5392989411287272,7.0,11.0,346.0,,,,,,,,,
4,0.5974351642618133,,0.9008185912180954,1.0741797546096452,4.152138791296369,COMPLETE,rango,extra_trees,,4.0,0.6464454897410734,4.0,10.0,690.0,,,,,,,,,
5,0.4027202845084965,,1.0255124041066037,1.3084222702864319,4.749315593050688,COMPLETE,rango,extra_trees,,5.0,0.3801927682679985,7.0,15.0,828.0,,,,,,,,,
6,0.3073926142798994,,1.1947481004701297,1.4089727826818446,5.481352491802078,COMPLETE,rango,extra_trees,,4.0,0.9776608214984636,1.0,23.0,686.0,,,,,,,,,
7,0.5265955787661067,,0.9672723308418283,1.1648639351218142,4.456652917559343,COMPLETE,rango,extra_trees,,7.0,0.6360991209307408,2.0,17.0,847.0,,,,,,,,,
8,0.3715796133141608,,1.0860931915418435,1.342097840218976,5.00712707047541,COMPLETE,rango,extra_trees,,10.0,0.518206988040011,1.0,22.0,297.0,,,,,,,,,
9,0.4398265421439117,,1.0183965806222761,1.2671274764476785,4.707729776911361,COMPLETE,rango,extra_trees,,7.0,0.47015539609159257,7.0,14.0,730.0,,,,,,,,,
10,0.6324087809891189,,0.8756859429060975,1.026459004542952,4.027157124445358,COMPLETE,rango,extra_trees,,12.0,0.7660575266039114,4.0,2.0,965.0,,,,,,,,,
11,0.6322984006981363,,0.876199931619421,1.0266131055300356,4.029381369125992,COMPLETE,rango,extra_trees,,13.0,0.7684132788054852,4.0,3.0,928.0,,,,,,,,,
12,0.6364747117647784,,0.8686459656120493,1.0207663816978991,3.9959695450439794,COMPLETE,rango,extra_trees,,14.0,0.8225913410012512,4.0,2.0,994.0,,,,,,,,,
13,0.62963308927776,,0.8826788313202149,1.0303271267159424,4.056298176109049,COMPLETE,rango,extra_trees,,14.0,0.8852734205822993,4.0,2.0,976.0,,,,,,,,,
14,0.5613782651157853,,0.9641805317685276,1.1212542929255835,4.437385647882791,COMPLETE,rango,extra_trees,,14.0,0.7579679144163672,5.0,6.0,977.0,,,,,,,,,
15,0.7541844459147561,,0.7024026790109332,0.8393898714387182,3.216179542205724,COMPLETE,rango,extra_trees,,12.0,0.9316052292349586,3.0,6.0,530.0,,,,,,,,,
16,0.778620187478499,,0.6591458353644102,0.7965775313485046,3.010767168128824,COMPLETE,rango,extra_trees,,10.0,0.9976932101031815,2.0,6.0,526.0,,,,,,,,,
17,0.7623709800687013,,0.6844318507003853,0.8252941811682364,3.129043619508366,COMPLETE,rango,extra_trees,,10.0,0.9974110430847887,2.0,8.0,508.0,,,,,,,,,
18,0.7515584126103646,,0.7058811442208026,0.843861537180219,3.2318431645088608,COMPLETE,rango,extra_trees,,10.0,0.9706664697203916,1.0,9.0,467.0,,,,,,,,,
19,0.7654904123000263,,0.6786029650423635,0.8198593355215865,3.1073315411770546,COMPLETE,rango,extra_trees,,10.0,0.8832389430971903,2.0,8.0,596.0,,,,,,,,,
20,0.5290553890381096,,0.9931692602253173,1.1618336760774581,4.568866628491608,COMPLETE,rango,extra_trees,,16.0,0.8879456736074703,6.0,12.0,616.0,,,,,,,,,
21,0.7619602402041862,,0.685349308813688,0.8260071304223557,3.132720336904133,COMPLETE,rango,extra_trees,,10.0,0.991134899441861,2.0,8.0,427.0,,,,,,,,,
22,0.7635496791914244,,0.6858469743299795,0.8232448043109033,3.1365786817459296,COMPLETE,rango,extra_trees,,9.0,0.888593485214784,2.0,8.0,601.0,,,,,,,,,
23,0.7516056153164596,,0.7078224368709553,0.843781368556437,3.2402209049368706,COMPLETE,rango,extra_trees,,8.0,0.8971063020353869,3.0,5.0,593.0,,,,,,,,,
24,0.7588863695181425,,0.6907166369261402,0.8313232481702774,3.1677844287015864,COMPLETE,rango,extra_trees,,9.0,0.8535044460825535,3.0,4.0,619.0,,,,,,,,,
25,0.7597914740254404,,0.6891149601691724,0.8297614495331008,3.1622312837450166,COMPLETE,rango,extra_trees,,12.0,0.7185535533463597,2.0,8.0,404.0,,,,,,,,,
26,0.5425325337112468,,0.9724491847560333,1.1450887595471195,4.476196289212344,COMPLETE,rango,extra_trees,,8.0,0.9316969600651129,6.0,12.0,561.0,,,,,,,,,
27,0.43919665220307524,,1.0758889867523829,1.2678396903118199,4.944318911890198,COMPLETE,rango,extra_trees,,11.0,0.9317774235442604,5.0,18.0,783.0,,,,,,,,,
28,0.7318078850689294,,0.7346334420621787,0.8767626632741231,3.370022874397274,COMPLETE,rango,extra_trees,,6.0,0.8372110458567313,1.0,10.0,654.0,,,,,,,,,
29,0.13934385167761398,,1.237324233161611,1.5706299782115132,5.688614889230333,COMPLETE,rango,extra_trees,,16.0,0.5979971705242768,12.0,7.0,463.0,,,,,,,,,
30,0.3612284025995076,,1.116100279918231,1.3531060731408497,5.137015806262797,COMPLETE,rango,extra_trees,,9.0,0.6952619708304101,9.0,4.0,553.0,,,,,,,,,
31,0.7600441783139422,,0.6897565855995076,0.8293248716619672,3.1567883954677454,COMPLETE,rango,extra_trees,,11.0,0.9541739646596017,2.0,8.0,505.0,,,,,,,,,
32,0.6805479220959372,,0.8052850364264061,0.9568897518065659,3.695807918621314,COMPLETE,rango,extra_trees,,9.0,0.8581372462400065,3.0,10.0,389.0,,,,,,,,,
33,0.7767088474349165,,0.6633526307919828,0.8000088703130247,3.0287437793326624,COMPLETE,rango,extra_trees,,11.0,0.9988433171942422,2.0,7.0,489.0,,,,,,,,,
34,0.7512184037694762,,0.7078385048289356,0.8444387800763241,3.239943869069112,COMPLETE,rango,extra_trees,,11.0,0.906077949753681,3.0,5.0,583.0,,,,,,,,,
35,0.7879140761891487,,0.6398512824236741,0.7796774385963905,2.9351641795765646,COMPLETE,rango,extra_trees,,8.0,0.8051548931481591,1.0,7.0,449.0,,,,,,,,,
36,0.16504850639834245,,1.2611698678330623,1.5469976986462106,5.789115388245804,COMPLETE,rango,extra_trees,,2.0,0.7915477449647271,9.0,6.0,274.0,,,,,,,,,
37,0.6737349484002438,,0.8179769250889684,0.9670397426145498,3.7546994130126246,COMPLETE,rango,extra_trees,,8.0,0.9513322040316121,1.0,11.0,342.0,,,,,,,,,
38,0.7956373174656998,,0.6334917965233914,0.7653495691244027,2.9020413659126283,COMPLETE,rango,extra_trees,,6.0,0.802228927476041,1.0,4.0,466.0,,,,,,,,,
39,0.750112348403613,,0.7068135342068359,0.8463138388599413,3.238464952244587,COMPLETE,rango,extra_trees,,4.0,0.7315373028271325,1.0,4.0,200.0,,,,,,,,,
40,0.7859572522644191,,0.6541420873432474,0.7832660510758986,3.00162659064608,COMPLETE,rango,extra_trees,,5.0,0.6501018302528077,1.0,3.0,448.0,,,,,,,,,
41,0.8009358877321155,,0.6320590257216331,0.7553626912281425,2.899712280025178,COMPLETE,rango,extra_trees,,6.0,0.6448093699024936,1.0,3.0,450.0,,,,,,,,,
42,0.7999059318731628,,0.6241599582636297,0.757314289853945,2.8742110763240936,COMPLETE,rango,extra_trees,,5.0,0.5930705106604844,1.0,3.0,371.0,,,,,,,,,
43,0.8078946450514031,,0.6085584187006686,0.7420425004239029,2.804486419496901,COMPLETE,rango,extra_trees,,5.0,0.6101610610490289,1.0,3.0,257.0,,,,,,,,,
44,0.8094302773177207,,0.6093471267749627,0.7390707176540309,2.804913494438713,COMPLETE,rango,extra_trees,,6.0,0.5987985411688118,1.0,3.0,250.0,,,,,,,,,
45,0.6240905306903154,,0.8533529375825225,1.0380079449152806,3.9486715661585765,COMPLETE,rango,extra_trees,,3.0,0.5737508258706012,1.0,3.0,253.0,,,,,,,,,
46,0.22258800727956873,,1.1769886193582157,1.492741691658781,5.420554981077924,COMPLETE,rango,extra_trees,,6.0,0.5082344351359627,10.0,2.0,310.0,,,,,,,,,
47,0.7982151052197217,,0.6154982605689693,0.7605072717534811,2.8343375498320706,COMPLETE,rango,extra_trees,,5.0,0.6013956759026725,1.0,4.0,369.0,,,,,,,,,
48,0.4057448914615569,,1.0671082655322444,1.3051051595269647,4.919602495738741,COMPLETE,rango,extra_trees,,5.0,0.6201105217737055,8.0,5.0,371.0,,,,,,,,,
49,0.5844997997703953,,0.8835358849074972,1.091301276923144,4.087732880486531,COMPLETE,rango,extra_trees,,3.0,0.5517877885714705,3.0,2.0,246.0,,,,,,,,,
50,0.7279804905143039,,0.7193941241805436,0.8829966811599638,3.33808541915115,COMPLETE,rango,extra_trees,,4.0,0.407285979252046,1.0,3.0,349.0,,,,,,,,,
51,0.8037202492773717,,0.6246114124703187,0.7500613609022129,2.8685923827958435,COMPLETE,rango,extra_trees,,6.0,0.6655588882245952,1.0,4.0,290.0,,,,,,,,,
52,0.809908163715598,,0.6059866295100389,0.7381434624256878,2.7782902137759224,COMPLETE,rango,extra_trees,,7.0,0.6585812341217925,2.0,3.0,289.0,,,,,,,,,
53,0.8132135595732446,,0.5985377416986732,0.7316977466917504,2.748481852009825,COMPLETE,rango,extra_trees,,7.0,0.6619293116871768,2.0,3.0,288.0,,,,,,,,,
54,0.44886443374601337,,1.0397512417783124,1.2568639325251567,4.7907175112475855,COMPLETE,rango,extra_trees,,7.0,0.6685476857124886,2.0,21.0,236.0,,,,,,,,,
55,0.8066550072085555,,0.6070734575511795,0.7444328158434365,2.780969007711169,COMPLETE,rango,extra_trees,,7.0,0.6977676846757908,2.0,2.0,288.0,,,,,,,,,
56,0.7736460351919408,,0.6713267986700222,0.8054769142957322,3.0846279758666353,COMPLETE,rango,extra_trees,,7.0,0.6817704987201705,3.0,2.0,293.0,,,,,,,,,
57,0.6397277398471957,,0.8508142904344419,1.016188923341672,3.9215248015821094,COMPLETE,rango,extra_trees,,6.0,0.7033861426383213,4.0,5.0,222.0,,,,,,,,,
58,0.5770988981359506,,0.9307341539738915,1.1009775237291433,4.287728167468693,COMPLETE,rango,extra_trees,,7.0,0.7390883486344028,5.0,2.0,279.0,,,,,,,,,
59,0.7628905496505498,,0.685442729101396,0.8243914454710737,3.155515680558172,COMPLETE,rango,extra_trees,,4.0,0.6651431863822761,2.0,5.0,311.0,,,,,,,,,
60,0.8066163419608618,,0.6082992040430139,0.7445072481830072,2.789248283503146,COMPLETE,rango,extra_trees,,7.0,0.6224782360025917,2.0,4.0,326.0,,,,,,,,,
61,0.8061646219978131,,0.6085449664133487,0.7453762787549415,2.7899304484717518,COMPLETE,rango,extra_trees,,7.0,0.6217554158416239,2.0,4.0,265.0,,,,,,,,,
62,0.7508977071272409,,0.7053856412189385,0.8449828747137131,3.240331058201498,COMPLETE,rango,extra_trees,,7.0,0.6231588382599174,3.0,2.0,200.0,,,,,,,,,
63,0.5534771680700072,,0.9217373645532775,1.1313080564198776,4.256332079471718,COMPLETE,rango,extra_trees,,8.0,0.5596525498935306,2.0,16.0,331.0,,,,,,,,,
64,0.8024464710598231,,0.6158864871836178,0.7524912263560567,2.84062792538752,COMPLETE,rango,extra_trees,,7.0,0.5034891803206216,2.0,3.0,260.0,,,,,,,,,
65,0.7378851777699624,,0.7127408190820079,0.8667719228292768,3.2945625355335717,COMPLETE,rango,extra_trees,,5.0,0.5331137315000789,3.0,6.0,229.0,,,,,,,,,
66,0.7910952235775026,,0.6414447362472131,0.7738080253661842,2.950701154357525,COMPLETE,rango,extra_trees,,8.0,0.5817932634690465,2.0,5.0,324.0,,,,,,,,,
67,0.6542790392356956,,0.8306965709641463,0.9954556141953009,3.834689274484611,COMPLETE,rango,extra_trees,,9.0,0.6169696862124677,4.0,3.0,258.0,,,,,,,,,
68,0.8030591025748298,,0.6142446313378614,0.7513235484148201,2.814897225156549,COMPLETE,rango,extra_trees,,6.0,0.6937438003247592,2.0,4.0,397.0,,,,,,,,,
69,0.7623970343662492,,0.6909331171492004,0.8252489361691273,3.178292191814014,COMPLETE,rango,extra_trees,,8.0,0.6458729963174642,3.0,2.0,275.0,,,,,,,,,
70,0.3266430363544517,,1.1558442740547608,1.3892542132838688,5.312054789651263,COMPLETE,rango,extra_trees,,7.0,0.7171257122399897,2.0,24.0,315.0,,,,,,,,,
71,0.8030340257872951,,0.6266011054396641,0.7513713804840387,2.8772737755975615,COMPLETE,rango,extra_trees,,6.0,0.6706882568017798,1.0,4.0,293.0,,,,,,,,,
72,0.7999540535956862,,0.6227849374792297,0.7572232190395165,2.858123505041628,COMPLETE,rango,extra_trees,,5.0,0.6198216661585835,2.0,4.0,348.0,,,,,,,,,
73,0.7978011105701346,,0.6309092201736112,0.7612870244148711,2.8927382261645533,COMPLETE,rango,extra_trees,,6.0,0.6596081377458285,1.0,5.0,223.0,,,,,,,,,
74,0.7892130192345554,,0.6416288462606157,0.7772861624113081,2.947573815974945,COMPLETE,rango,extra_trees,,7.0,0.6344609109090665,2.0,6.0,289.0,,,,,,,,,
75,0.7517056721018232,,0.7053300402074515,0.8436114078805733,3.2383454402661416,COMPLETE,rango,extra_trees,,9.0,0.7604267844460799,3.0,3.0,420.0,,,,,,,,,
76,0.757060908748389,,0.6870382245613453,0.8344642702540508,3.17178221377623,COMPLETE,rango,extra_trees,,4.0,0.6014497113889181,1.0,4.0,265.0,,,,,,,,,
77,0.4387555222204703,,1.0540180534411445,1.2683382359808357,4.851187679770765,COMPLETE,rango,extra_trees,,6.0,0.6838449225363648,2.0,19.0,242.0,,,,,,,,,
78,0.7919704544061755,,0.6327781993254792,0.7721853446733266,2.9037613959227113,COMPLETE,rango,extra_trees,,7.0,0.7169951110357501,1.0,7.0,869.0,,,,,,,,,
79,0.6052928023830422,,0.8745548110978015,1.0636446687652468,4.037730789145607,COMPLETE,rango,extra_trees,,8.0,0.567694460528284,2.0,14.0,303.0,,,,,,,,,
0,-0.22843624225890413,,1.7013552728842138,1.8764429072670146,7.623114472555435,COMPLETE,rango,hist_gradient_boosting,,,,32.0,,,1.2363188277052228e-05,0.021642251106469404,671.0,49.0,,,,,
1,-2.212404561726943,,2.6164147171551835,3.0344093062597874,11.494972451602523,COMPLETE,rango,hist_gradient_boosting,,,,32.0,,,0.090470719575684,0.009204496040276266,134.0,57.0,,,,,
2,0.24253598607446214,,1.1325967274572197,1.4734657560802082,5.227173424024403,COMPLETE,rango,hist_gradient_boosting,,,,14.0,,,1.8740223688836324e-05,0.005419290634672375,682.0,55.0,,,,,
