number,value,params_alpha,user_attrs_mae_valid,user_attrs_rmse_valid,user_attrs_smape_valid,state,nivel,familia,params_l1_ratio,params_max_depth,params_max_features,params_min_samples_leaf,params_min_samples_split,params_n_estimators,params_l2_regularization,params_learning_rate,params_max_iter,params_max_leaf_nodes,params_colsample_bytree,params_min_child_weight,params_reg_alpha,params_reg_lambda,params_subsample
0,0.7282065601956986,0.041858227295469716,1.3362378639106087,1.8648396344952756,7.404592581583702,COMPLETE,banco_rango,ridge,,,,,,,,,,,,,,,
1,0.6301946001714112,451.85609510240965,1.7775327073581142,2.17524725885656,9.526575300307309,COMPLETE,banco_rango,ridge,,,,,,,,,,,,,,,
2,0.6335563148577832,13.3032451015229,1.784439980120591,2.1653376478425574,9.629746295489445,COMPLETE,banco_rango,ridge,,,,,,,,,,,,,,,
3,0.7030236631759732,1.55099139875943,1.5370339941975188,1.9493190582522508,8.353970883828762,COMPLETE,banco_rango,ridge,,,,,,,,,,,,,,,
4,0.7278208110848112,0.0012363188277052211,1.3262291208637158,1.8661625236170454,7.3484088418905715,COMPLETE,banco_rango,ridge,,,,,,,,,,,,,,,
5,0.7278208049555035,0.0012358382772306934,1.3262290026411279,1.866162544629461,7.348408165385301,COMPLETE,banco_rango,ridge,,,,,,,,,,,,,,,
6,0.7278082111781157,0.00025502648504032837,1.325987362837094,1.8662057179583376,7.347024984034537,COMPLETE,banco_rango,ridge,,,,,,,,,,,,,,,
7,0.6172887770536952,115.67327199145953,1.8451415335710992,2.212878681487021,9.87043144781716,COMPLETE,banco_rango,ridge,,,,,,,,,,,,,,,
8,0.7018750671607967,1.6136341713591311,1.5422378756027522,1.9530850475118746,8.379871591483244,COMPLETE,banco_rango,ridge,,,,,,,,,,,,,,,
9,0.6425792555575073,9.047071957568372,1.7555984855308824,2.1385129444579905,9.483399055620128,COMPLETE,banco_rango,ridge,,,,,,,,,,,,,,,
10,0.7282062823637174,0.04181541491912686,1.3362275616016035,1.8648405876307854,7.4045357624741275,COMPLETE,banco_rango,ridge,,,,,,,,,,,,,,,
11,0.7282192083311012,0.04384978187324618,1.3367201813896883,1.8647962430531717,7.407245120850736,COMPLETE,banco_rango,ridge,,,,,,,,,,,,,,,
12,0.7281184739598727,0.029837668744492403,1.3332983727276155,1.8651418003545608,7.388322536501018,COMPLETE,banco_rango,ridge,,,,,,,,,,,,,,,
13,0.7283172528103361,0.06379392055618104,1.34156275871788,1.864459851604099,7.433541771102544,COMPLETE,banco_rango,ridge,,,,,,,,,,,,,,,
14,0.7278364900779739,0.21008469056904142,1.3733894143146985,1.8661087723163783,7.597321580760092,COMPLETE,banco_rango,ridge,,,,,,,,,,,,,,,
15,0.7279559220942794,0.012704388363708415,1.3290239194364517,1.865699280262684,7.36436117856667,COMPLETE,banco_rango,ridge,,,,,,,,,,,,,,,
16,0.7278812778649713,0.006139092984144988,1.3274267266374977,1.8659552206499672,7.355250918737603,COMPLETE,banco_rango,ridge,,,,,,,,,,,,,,,
17,0.7237515671121311,0.49615244270868225,1.4203749710042262,1.8800608999032205,7.817584419872251,COMPLETE,banco_rango,ridge,,,,,,,,,,,,,,,
18,0.7269757710404792,0.290074872452448,1.388179075140827,1.8690572341617036,7.669041011138536,COMPLETE,banco_rango,ridge,,,,,,,,,,,,,,,
19,0.7278065116998607,0.00012366224519985973,1.3259549464691098,1.8662115439443088,7.346839360303835,COMPLETE,banco_rango,ridge,,,,,,,,,,,,,,,
20,0.7278306425660653,0.002011210892130489,1.3264195407925417,1.866128819152672,7.34949820490897,COMPLETE,banco_rango,ridge,,,,,,,,,,,,,,,
21,0.7283405716585059,0.07100665143404737,1.3432732772041416,1.864379835501477,7.442740594525675,COMPLETE,banco_rango,ridge,,,,,,,,,,,,,,,
22,0.7282990162724188,0.1372578996602582,1.3582451123534443,1.8645224259165485,7.521244927800555,COMPLETE,banco_rango,ridge,,,,,,,,,,,,,,,
23,0.7282928665934099,0.13889578970070995,1.3585993244377774,1.8645435265938188,7.523059309853664,COMPLETE,banco_rango,ridge,,,,,,,,,,,,,,,
24,0.7067846187939784,1.3519877006953445,1.5193113103467484,1.9369364861483758,8.265519452053082,COMPLETE,banco_rango,ridge,,,,,,,,,,,,,,,
25,0.641588882150254,9.38556279184201,1.7587626394963478,2.1414736864942143,9.499771403632225,COMPLETE,banco_rango,ridge,,,,,,,,,,,,,,,
26,0.7278767986488504,0.005764181459666433,1.3273357460776267,1.8659705778849374,7.354731908160588,COMPLETE,banco_rango,ridge,,,,,,,,,,,,,,,
27,0.7283279325597339,0.12856052499818846,1.3563458990283537,1.8644232056266306,7.511489870498609,COMPLETE,banco_rango,ridge,,,,,,,,,,,,,,,
28,0.727980235338706,0.014988154768036352,1.3295824467069772,1.865615907346551,7.367531466764434,COMPLETE,banco_rango,ridge,,,,,,,,,,,,,,,
29,0.7192348677346657,0.7314483768834978,1.4511156942698171,1.8953682099004914,7.953121543203467,COMPLETE,banco_rango,ridge,,,,,,,,,,,,,,,
30,0.7283760521823961,0.09682958666982558,1.349209881309543,1.8642580813372296,7.474340535877179,COMPLETE,banco_rango,ridge,,,,,,,,,,,,,,,
31,0.7283691831578831,0.08534463254746077,1.3465833554246742,1.8642816535472713,7.460435035190281,COMPLETE,banco_rango,ridge,,,,,,,,,,,,,,,
32,0.6786671453524119,3.1818304826239054,1.6346699454517366,2.027680721150468,8.839809468268342,COMPLETE,banco_rango,ridge,,,,,,,,,,,,,,,
33,0.7283759276949667,0.09530894945521887,1.348862134185687,1.8642585085393806,7.472506858589237,COMPLETE,banco_rango,ridge,,,,,,,,,,,,,,,
34,0.7280127774903221,0.018175615628601788,1.3303755553058063,1.865504310728487,7.3720017878176725,COMPLETE,banco_rango,ridge,,,,,,,,,,,,,,,
35,0.7278613513067533,0.004486200582577573,1.3270248736339196,1.8660235389640891,7.352957534130702,COMPLETE,banco_rango,ridge,,,,,,,,,,,,,,,
36,0.7283688576733476,0.0850774233442325,1.3465227329747167,1.8642827704946654,7.460112243107737,COMPLETE,banco_rango,ridge,,,,,,,,,,,,,,,
37,0.6668956404148387,937.8118632537149,1.6075231437210502,2.0644870557254,8.699545879567486,COMPLETE,banco_rango,ridge,,,,,,,,,,,,,,,
38,0.6185241779414916,84.91274168473777,1.841467248356493,2.2093041821279495,9.860788376399823,COMPLETE,banco_rango,ridge,,,,,,,,,,,,,,,
39,0.725145184912952,0.41506532065955487,1.4086012709644604,1.8753126392108028,7.764278575293335,COMPLETE,banco_rango,ridge,,,,,,,,,,,,,,,
40,0.7154781677573536,0.9167518069315904,1.4738020727926993,1.908006299571558,8.052942624435778,COMPLETE,banco_rango,ridge,,,,,,,,,,,,,,,
41,0.7283721967527341,0.08821459339832627,1.3472328479021778,1.864271311927642,7.463889815532395,COMPLETE,banco_rango,ridge,,,,,,,,,,,,,,,
42,0.682587510249105,2.8633306053644683,1.6203416361358536,2.0152735814856078,8.769040140415001,COMPLETE,banco_rango,ridge,,,,,,,,,,,,,,,
43,0.7283381540441001,0.07016053354432558,1.3430742242363423,1.864388131443104,7.441672044264651,COMPLETE,banco_rango,ridge,,,,,,,,,,,,,,,
44,0.7280904636338372,0.02651650469198194,1.332469248323954,1.8652378750772236,7.383712378945423,COMPLETE,banco_rango,ridge,,,,,,,,,,,,,,,
45,0.7279540798022663,0.19591706709904716,1.3705280217791629,1.8657055975423875,7.583179974608075,COMPLETE,banco_rango,ridge,,,,,,,,,,,,,,,
46,0.7278120126271974,0.0005497138385725181,1.3260600367756592,1.8661926861346851,7.347441073860307,COMPLETE,banco_rango,ridge,,,,,,,,,,,,,,,
47,0.7279253080633938,0.009935402263961545,1.32835017056101,1.8658042540026736,7.360519182633151,COMPLETE,banco_rango,ridge,,,,,,,,,,,,,,,
48,0.7283393375652725,0.07057109511953079,1.3431708634710562,1.8643840702448473,7.442190883367427,COMPLETE,banco_rango,ridge,,,,,,,,,,,,,,,
49,0.7278349379174727,0.00235235530876822,1.3265032366727898,1.8661140935591092,7.349976840771516,COMPLETE,banco_rango,ridge,,,,,,,,,,,,,,,
50,0.7281349433107598,0.0318862559767176,1.3338060814934083,1.8650853085796137,7.391141004373833,COMPLETE,banco_rango,ridge,,,,,,,,,,,,,,,
51,0.7283483638884363,0.07396147448122399,1.3439651111107018,1.8643530965426574,7.4464505346349394,COMPLETE,banco_rango,ridge,,,,,,,,,,,,,,,
52,0.7269553442405989,0.29169623829874175,1.3884647577116183,1.869127151297179,7.670401831557429,COMPLETE,banco_rango,ridge,,,,,,,,,,,,,,,
53,0.7283753411689088,0.1006364474323527,1.3500749691562255,1.8642605213131278,7.4788957032111085,COMPLETE,banco_rango,ridge,,,,,,,,,,,,,,,
54,0.7228578098859736,0.5450941229002418,1.4273026996336473,1.8830997607793623,7.848572300521477,COMPLETE,banco_rango,ridge,,,,,,,,,,,,,,,
55,0.7283248814203231,0.129577512267475,1.356569505705051,1.864433675232878,7.512640774179946,COMPLETE,banco_rango,ridge,,,,,,,,,,,,,,,
56,0.7280583845020494,0.022932290831297487,1.3315706358900745,1.8653478996238353,7.37869929388065,COMPLETE,banco_rango,ridge,,,,,,,,,,,,,,,
57,0.7282061328685054,0.041792394508070096,1.3362220215180025,1.8648411004916106,7.404505207307619,COMPLETE,banco_rango,ridge,,,,,,,,,,,,,,,
58,0.7274018164713222,0.2539906042930451,1.3817746866680383,1.8675983632922555,7.638265510477543,COMPLETE,banco_rango,ridge,,,,,,,,,,,,,,,
59,0.7279415159065783,0.01138724067072669,1.3287040942226216,1.8657486789822102,7.362538246062325,COMPLETE,banco_rango,ridge,,,,,,,,,,,,,,,
60,0.7283727553670281,0.10500413360303046,1.3510615122178458,1.8642693949494724,7.484075568826885,COMPLETE,banco_rango,ridge,,,,,,,,,,,,,,,
61,0.7283665366639908,0.11075381795787541,1.3523713776573323,1.8642907353555316,7.49090852748607,COMPLETE,banco_rango,ridge,,,,,,,,,,,,,,,
62,0.7282232786239985,0.04450935154288685,1.3368804566601882,1.8647822790506472,7.408124402642706,COMPLETE,banco_rango,ridge,,,,,,,,,,,,,,,
63,0.7280403300045508,0.18443581533007564,1.3682004286234173,1.8654098198267552,7.571586390859912,COMPLETE,banco_rango,ridge,,,,,,,,,,,,,,,
64,0.7253677390358068,0.40133738539087926,1.4065003158814733,1.8745532508788563,7.754656249491671,COMPLETE,banco_rango,ridge,,,,,,,,,,,,,,,
65,0.7283745055308308,0.09137446022963387,1.3479591779570022,1.8642633889575593,7.467737011831012,COMPLETE,banco_rango,ridge,,,,,,,,,,,,,,,
66,0.7132323017041362,1.0271763288224307,1.4863231747195313,1.9155218979687598,8.107595617595905,COMPLETE,banco_rango,ridge,,,,,,,,,,,,,,,
67,0.6888191547229561,2.409824823890234,1.5970072626286647,1.9953929522623786,8.653142937133557,COMPLETE,banco_rango,ridge,,,,,,,,,,,,,,,
68,0.7281934816784006,0.03988327429910271,1.3357613899058045,1.8648845013692565,7.40196323140603,COMPLETE,banco_rango,ridge,,,,,,,,,,,,,,,
69,0.728034227261906,0.0203673814735203,1.3309266204366679,1.8654307494965734,7.375093800887653,COMPLETE,banco_rango,ridge,,,,,,,,,,,,,,,
70,0.7205771515509832,0.6639145115085032,1.4428386574776255,1.890832087336254,7.917041832203433,COMPLETE,banco_rango,ridge,,,,,,,,,,,,,,,
71,0.7283759385836114,0.09537888534345038,1.3488781551141533,1.8642584711729415,7.47259136990894,COMPLETE,banco_rango,ridge,,,,,,,,,,,,,,,
72,0.7279520910387893,0.19616942986722233,1.3705796992989803,1.8657124170535337,7.583436139253243,COMPLETE,banco_rango,ridge,,,,,,,,,,,,,,,
73,0.7283759827031613,0.0980495062226596,1.34948795152586,1.864258319768372,7.475805735314007,COMPLETE,banco_rango,ridge,,,,,,,,,,,,,,,
74,0.7283618667973502,0.11386579059941096,1.3530730715994272,1.864306760538123,7.494560575906154,COMPLETE,banco_rango,ridge,,,,,,,,,,,,,,,
75,0.728261977384838,0.05133110132155932,1.3385362417023232,1.8646495095254119,7.4171712059485335,COMPLETE,banco_rango,ridge,,,,,,,,,,,,,,,
76,0.7273409007724181,0.2594626975342761,1.3827721398952844,1.8678070215143574,7.643086353681689,COMPLETE,banco_rango,ridge,,,,,,,,,,,,,,,
77,0.726056720320793,0.3568143803187707,1.3994208330337723,1.8722003897279582,7.721962192330323,COMPLETE,banco_rango,ridge,,,,,,,,,,,,,,,
78,0.7279101498813529,0.008604906247031259,1.328024536099689,1.8658562283454927,7.358659858041304,COMPLETE,banco_rango,ridge,,,,,,,,,,,,,,,
79,0.7281419460612334,0.16911707057696665,1.3650264813849706,1.8650612878185542,7.5556735566592605,COMPLETE,banco_rango,ridge,,,,,,,,,,,,,,,
0,0.6135519966231107,0.0074593432857265485,1.8494049071421568,2.223655677999336,9.934686794785879,COMPLETE,banco_rango,elasticnet,0.9056428757689245,,,,,,,,,,,,,,
1,0.755556136430557,0.4570563099801455,1.2788106841981204,1.7685265154319683,7.113264450994085,COMPLETE,banco_rango,elasticnet,0.588792635777333,,,,,,,,,,,,,,
2,0.7134718528007014,0.0006026889128682511,1.4807560611874988,1.9147216662095639,8.092712211860267,COMPLETE,banco_rango,elasticnet,0.19039506830258235,,,,,,,,,,,,,,
3,0.7230836275069783,0.00019517224641449495,1.3705920583914837,1.882332422243039,7.605409294699177,COMPLETE,banco_rango,elasticnet,0.8295585311974416,,,,,,,,,,,,,,
4,0.6803143103524538,0.10129197956845731,1.6263442097921315,2.0224770580035267,8.73700515544477,COMPLETE,banco_rango,elasticnet,0.6872653200164409,,,,,,,,,,,,,,
5,0.7242366894850902,0.00012674255898937226,1.3501116012328434,1.878409378541565,7.480437117748346,COMPLETE,banco_rango,elasticnet,0.9229188669457948,,,,,,,,,,,,,,
6,0.6800372884470052,1.452824663751602,1.3113662044187404,2.0233531515294523,7.473062152849949,COMPLETE,banco_rango,elasticnet,0.24110519961044852,,,,,,,,,,,,,,
7,0.7069284624391041,0.0008111941985431928,1.5150129108220731,1.9364613231774268,8.247798618707721,COMPLETE,banco_rango,elasticnet,0.21506405886809044,,,,,,,,,,,,,,
8,0.6543259070588592,0.0033205591037519565,1.7173608011515422,2.1030782010480205,9.251063283446378,COMPLETE,banco_rango,elasticnet,0.522280788469014,,,,,,,,,,,,,,
9,0.6162005712864221,0.01444525102276306,1.8419482724293808,2.2160225114121697,9.909417561351564,COMPLETE,banco_rango,elasticnet,0.3121062261782377,,,,,,,,,,,,,,
10,-1.3047712063410883,7.103285457179474,4.189388628511777,5.430451204624667,19.80343847685457,COMPLETE,banco_rango,elasticnet,0.4759945893092017,,,,,,,,,,,,,,
11,0.7313131682851193,0.20960471251555565,1.4275370836383026,1.8541514154093048,7.772947262612892,COMPLETE,banco_rango,elasticnet,0.6828431216897579,,,,,,,,,,,,,,
12,0.7162444539683537,0.1816907233289534,1.4880441104985445,1.9054352056990904,8.064571094877762,COMPLETE,banco_rango,elasticnet,0.6510365335515285,,,,,,,,,,,,,,
13,0.7579829308896397,0.44226372714201145,1.2728528342538783,1.759725812336222,7.083050010995429,COMPLETE,banco_rango,elasticnet,0.6291650957589493,,,,,,,,,,,,,,
14,0.6254889471567172,1.428194787517146,1.4336732847422908,2.189043166185888,8.130603170009215,COMPLETE,banco_rango,elasticnet,0.489452520708032,,,,,,,,,,,,,,
15,0.7333699664843707,0.8507524751012389,1.2637852345363199,1.8470410154602934,7.147756412071285,COMPLETE,banco_rango,elasticnet,0.37595959555084624,,,,,,,,,,,,,,
16,0.636287577196296,0.057695662501743815,1.775957133463796,2.157252958760487,9.509798853892946,COMPLETE,banco_rango,elasticnet,0.6080469065665594,,,,,,,,,,,,,,
17,-1.4580065445901313,8.976047333858538,4.340307839367625,5.608071258445114,20.370723676710416,COMPLETE,banco_rango,elasticnet,0.7574672937766331,,,,,,,,,,,,,,
18,0.7543401512793103,0.5217386775032781,1.2684893175591334,1.7729198230940075,7.086189061250618,COMPLETE,banco_rango,elasticnet,0.5610129783564191,,,,,,,,,,,,,,
19,0.6138825307885863,0.025227842470588565,1.8497873270392284,2.222704513292503,9.9333497532536,COMPLETE,banco_rango,elasticnet,0.3988347836575648,,,,,,,,,,,,,,
20,0.5340086868840733,3.1258320059313456,1.5613683275080608,2.441804648969701,8.726618801060628,COMPLETE,banco_rango,elasticnet,0.07373127596522683,,,,,,,,,,,,,,
21,0.7535477092086937,0.5611556908732882,1.2623172493930261,1.7757770362009095,7.0716832520784365,COMPLETE,banco_rango,elasticnet,0.5559094941576241,,,,,,,,,,,,,,
22,0.7617584879860593,0.3204888885341094,1.2818579538869834,1.7459456657045493,7.093637159920315,COMPLETE,banco_rango,elasticnet,0.7716777675044197,,,,,,,,,,,,,,
23,0.7636680279490697,0.34119751887957883,1.2690020548186884,1.7389345860035141,7.038478390589396,COMPLETE,banco_rango,elasticnet,0.7745905763554192,,,,,,,,,,,,,,
24,0.7421695241053428,0.19474890515443438,1.3851450363723343,1.816306474201842,7.573406750751925,COMPLETE,banco_rango,elasticnet,0.7898302795545006,,,,,,,,,,,,,,
25,0.043342836829689535,2.28305042846392,2.5614439231603203,3.4986473519009325,13.26886034132463,COMPLETE,banco_rango,elasticnet,0.7501556029747337,,,,,,,,,,,,,,
26,0.6582176332752157,0.0556982478198321,1.7055026635307655,2.0912060769055847,9.138878770610555,COMPLETE,banco_rango,elasticnet,0.8249478886581657,,,,,,,,,,,,,,
27,0.7521627880763305,0.2761515974037503,1.3320572217270876,1.7807594728185971,7.320178715039857,COMPLETE,banco_rango,elasticnet,0.711372747465416,,,,,,,,,,,,,,
28,0.7026938657489594,0.10315550205989327,1.544083563210056,1.9504011344089884,8.332829486035006,COMPLETE,banco_rango,elasticnet,0.8402600473841814,,,,,,,,,,,,,,
29,0.62403456002984,0.005624635486389264,1.8177419765063585,2.1932895445371647,9.73718006829029,COMPLETE,banco_rango,elasticnet,0.9477926967277843,,,,,,,,,,,,,,
30,-1.2735725494096992,4.4048542855550465,4.158087517237588,5.393571177770473,19.68506651080257,COMPLETE,banco_rango,elasticnet,0.8603501396805833,,,,,,,,,,,,,,
31,0.7572237397339491,0.4465727115046801,1.2748501468475746,1.7624837215358868,7.093034547175872,COMPLETE,banco_rango,elasticnet,0.616586340996607,,,,,,,,,,,,,,
32,0.6872241697104173,1.046672083548534,1.3350689544002905,2.000500197963451,7.6195024058182685,COMPLETE,banco_rango,elasticnet,0.6431257443280766,,,,,,,,,,,,,,
33,0.7610720797709069,0.34288494683457116,1.2799760013526085,1.7484590175250976,7.0872114364381495,COMPLETE,banco_rango,elasticnet,0.7386324297735314,,,,,,,,,,,,,,
34,0.6797207729321311,0.0891474572640944,1.6294006317396792,2.024353681183331,8.751707987620891,COMPLETE,banco_rango,elasticnet,0.7477700976978026,,,,,,,,,,,,,,
35,0.6230021956500438,0.032957300904203186,1.816501295679179,2.196298759642335,9.737744478438861,COMPLETE,banco_rango,elasticnet,0.8800313638981144,,,,,,,,,,,,,,
36,0.7610171801060546,0.5291359442578967,1.2409303220340167,1.7486598820799732,6.979946013598835,COMPLETE,banco_rango,elasticnet,0.6957995671880137,,,,,,,,,,,,,,
37,0.16985601995880717,1.9911343080356754,2.3658796768756942,3.2591077373440323,12.424760005354344,COMPLETE,banco_rango,elasticnet,0.7950085335117868,,,,,,,,,,,,,,
38,0.7042378142325021,0.1291021955734959,1.5368894791181855,1.945330202041469,8.301162728584861,COMPLETE,banco_rango,elasticnet,0.7318018104819971,,,,,,,,,,,,,,
39,0.7700274109782804,0.31030273974289446,1.2424494394668246,1.7153788185944137,6.923333206287497,COMPLETE,banco_rango,elasticnet,0.9057455791052701,,,,,,,,,,,,,,
40,0.6625166435354346,0.053331474925185404,1.691901885854687,2.078012643959003,9.07024952725773,COMPLETE,banco_rango,elasticnet,0.8981746497519667,,,,,,,,,,,,,,
41,0.7349517957325407,0.7570497672146775,1.2578806436626517,1.8415539183327436,7.192800249725987,COMPLETE,banco_rango,elasticnet,0.7956311028844698,,,,,,,,,,,,,,
42,0.761064820612969,0.41756412817686506,1.2658645803571884,1.7484855783467463,7.045068047294832,COMPLETE,banco_rango,elasticnet,0.683848918664441,,,,,,,,,,,,,,
43,0.7709613374342444,0.3349572116358537,1.2338086713320917,1.711892169466394,6.889100640016876,COMPLETE,banco_rango,elasticnet,0.8919603398867373,,,,,,,,,,,,,,
44,0.7669316018530309,0.2669762153259911,1.263450022585147,1.726886130719659,7.013015706375132,COMPLETE,banco_rango,elasticnet,0.9286401626579227,,,,,,,,,,,,,,
45,0.7487421937663274,0.15561956282585326,1.3570540352349003,1.7930061849508132,7.439159723386688,COMPLETE,banco_rango,elasticnet,0.9472771123168303,,,,,,,,,,,,,,
46,0.5944739360725508,0.01390370157542227,1.8920779100408052,2.2778828878604984,10.201449555290816,COMPLETE,banco_rango,elasticnet,0.9078852151102389,,,,,,,,,,,,,,
47,0.687165680123408,0.001543422895204263,1.5798001230300025,2.00068723760875,8.579677834025357,COMPLETE,banco_rango,elasticnet,0.8623914338438061,,,,,,,,,,,,,,
48,0.5380162000292577,1.1858466897469422,1.6872148140188121,2.4312822488645787,9.35939527912477,COMPLETE,banco_rango,elasticnet,0.9197205022182808,,,,,,,,,,,,,,
49,0.7611134524252283,0.282962751830892,1.2919669469796025,1.7483076297713134,7.137273883090713,COMPLETE,banco_rango,elasticnet,0.815676966065162,,,,,,,,,,,,,,
50,0.6849436806852355,0.07351159710602007,1.612411192046039,2.0077799055592047,8.663244182204163,COMPLETE,banco_rango,elasticnet,0.8893035919412087,,,,,,,,,,,,,,
51,0.7538953108344694,0.227558994184426,1.3316999558888707,1.7745242972089186,7.31977987900129,COMPLETE,banco_rango,elasticnet,0.8240968857333155,,,,,,,,,,,,,,
52,0.7248912855784281,0.7947295054055766,1.2780530523793632,1.876178606798179,7.310935495757612,COMPLETE,banco_rango,elasticnet,0.8102427657032555,,,,,,,,,,,,,,
53,0.7653685229582458,0.2911254554840176,1.2698697666605414,1.7326671562393143,7.039479792434035,COMPLETE,banco_rango,elasticnet,0.8614839626172015,,,,,,,,,,,,,,
54,0.6180179960222267,0.030550333335047017,1.8318374863748585,2.210769463857335,9.823773250841834,COMPLETE,banco_rango,elasticnet,0.8584582584782727,,,,,,,,,,,,,,
55,0.734523388700502,0.13570237783721623,1.4180562988828382,1.843041602643086,7.728271495669345,COMPLETE,banco_rango,elasticnet,0.919858419303723,,,,,,,,,,,,,,
56,0.43775325867262016,1.542169086136384,1.8706581203227564,2.682164928070784,10.216124451818372,COMPLETE,banco_rango,elasticnet,0.7651963566765096,,,,,,,,,,,,,,
57,0.7659637617603824,0.2891125142157874,1.267018257218873,1.7304679507502227,7.027038885765606,COMPLETE,banco_rango,elasticnet,0.8734823944694996,,,,,,,,,,,,,,
58,0.7186611354832051,0.7196458285945251,1.2849984721195313,1.897303775931577,7.364233305144236,COMPLETE,banco_rango,elasticnet,0.942875092808859,,,,,,,,,,,,,,
59,0.7183542443633222,0.00038495659641857245,1.4063822387324136,1.8983383059116214,7.777406600901984,COMPLETE,banco_rango,elasticnet,0.8758993038244003,,,,,,,,,,,,,,
60,0.7540594616966999,0.2147176542921171,1.3318860894434057,1.77393239812138,7.32234257474325,COMPLETE,banco_rango,elasticnet,0.8553554548078802,,,,,,,,,,,,,,
61,0.7583583812515238,0.2849278451224393,1.3042852848459177,1.7583603174710205,7.192961708984025,COMPLETE,banco_rango,elasticnet,0.7761670283839729,,,,,,,,,,,,,,
