number,value,params_alpha,user_attrs_mae_valid,user_attrs_rmse_valid,user_attrs_smape_valid,state,nivel,familia,params_l1_ratio,params_max_depth,params_max_features,params_min_samples_leaf,params_min_samples_split,params_n_estimators,params_l2_regularization,params_learning_rate,params_max_iter,params_max_leaf_nodes,params_colsample_bytree,params_min_child_weight,params_reg_alpha,params_reg_lambda,params_subsample
56,0.7127168653987204,,1.2733983961987787,1.9390758713659881,7.20333556060386,COMPLETE,banco,extra_trees,,13.0,0.6219156758652307,1.0,23.0,438.0,,,,,,,,,
57,0.6452787905926454,,1.3153395943790016,2.154682652515593,7.4465565020167945,COMPLETE,banco,extra_trees,,15.0,0.6611195975372011,2.0,21.0,360.0,,,,,,,,,
58,0.36123749185310494,,1.5475587123037717,2.891408448439396,8.489788489691529,COMPLETE,banco,extra_trees,,11.0,0.59205392286592,3.0,24.0,474.0,,,,,,,,,
59,0.718691777853478,,1.250041213442048,1.9188054790866624,7.095977262700871,COMPLETE,banco,extra_trees,,14.0,0.5601975745269343,1.0,22.0,567.0,,,,,,,,,
60,0.35960041892903927,,1.531487432726264,2.8951112468089035,8.423682326220536,COMPLETE,banco,extra_trees,,12.0,0.7090775934379144,6.0,20.0,308.0,,,,,,,,,
61,0.7162938127113092,,1.2554885362083894,1.9269663934533576,7.122357563707568,COMPLETE,banco,extra_trees,,12.0,0.7880022771525501,1.0,24.0,802.0,,,,,,,,,
62,0.7005100113133166,,1.2838556701237487,1.979843634577533,7.262401810960268,COMPLETE,banco,extra_trees,,10.0,0.6365051837880125,1.0,21.0,418.0,,,,,,,,,
63,0.6373835115465156,,1.3280859747915927,2.1785298293638617,7.5155569312038875,COMPLETE,banco,extra_trees,,13.0,0.7461261933355814,2.0,23.0,538.0,,,,,,,,,
64,0.7022360792463238,,1.2630197937192418,1.9741301168901446,7.1639053322777855,COMPLETE,banco,extra_trees,,14.0,0.507256184050466,1.0,12.0,481.0,,,,,,,,,
65,0.6439368617782628,,1.3277823285150008,2.1587544435627017,7.4939232537584095,COMPLETE,banco,extra_trees,,9.0,0.8282076665401739,2.0,6.0,870.0,,,,,,,,,
66,0.7264767293490326,,1.2436919069036807,1.8920685954137684,7.056912147836021,COMPLETE,banco,extra_trees,,12.0,0.5524159683205396,1.0,22.0,707.0,,,,,,,,,
67,0.3068468779216573,,1.6277006097095348,3.0119955698800647,8.901014517594236,COMPLETE,banco,extra_trees,,11.0,0.5511872889983549,12.0,19.0,615.0,,,,,,,,,
68,0.35282896205271086,,1.5394397527185166,2.9103771614105494,8.454334894286388,COMPLETE,banco,extra_trees,,8.0,0.6204133438088598,4.0,23.0,724.0,,,,,,,,,
69,0.6271853160471985,,1.3386410551109782,2.208951810648053,7.571505600579102,COMPLETE,banco,extra_trees,,13.0,0.44721931124832226,2.0,22.0,700.0,,,,,,,,,
70,0.7139368082484823,,1.256170161776815,1.9349543652022343,7.141359937762444,COMPLETE,banco,extra_trees,,10.0,0.485255643276304,1.0,21.0,652.0,,,,,,,,,
71,0.7228990920686018,,1.2524832620922053,1.904402361265583,7.102929582461455,COMPLETE,banco,extra_trees,,12.0,0.6768800784472685,1.0,24.0,770.0,,,,,,,,,
72,0.7137751119072937,,1.2712452386610293,1.9355011514540439,7.197891771277646,COMPLETE,banco,extra_trees,,12.0,0.5343173195850554,1.0,24.0,786.0,,,,,,,,,
73,0.6277524247168342,,1.3320094617718412,2.2072710929446844,7.528223523952435,COMPLETE,banco,extra_trees,,15.0,0.669592446679211,2.0,24.0,708.0,,,,,,,,,
74,0.7058669721128197,,1.2812632065583591,1.9620570622509657,7.247337653120724,COMPLETE,banco,extra_trees,,13.0,0.5699278256473624,1.0,22.0,582.0,,,,,,,,,
75,0.714341446884683,,1.262735758154862,1.9335853768303664,7.158637844227106,COMPLETE,banco,extra_trees,,11.0,0.6512794359472778,1.0,23.0,755.0,,,,,,,,,
76,0.6302302313731991,,1.339139081130943,2.199912653311002,7.568181111247424,COMPLETE,banco,extra_trees,,12.0,0.5886013258117507,2.0,23.0,671.0,,,,,,,,,
77,0.7160288926696268,,1.2560968837246933,1.9278658678454317,7.117651567626313,COMPLETE,banco,extra_trees,,13.0,0.6053196006778027,1.0,20.0,388.0,,,,,,,,,
78,0.38057215383905396,,1.5073729684228943,2.8473122684962737,8.347024401399649,COMPLETE,banco,extra_trees,,4.0,0.9745714978568489,3.0,24.0,340.0,,,,,,,,,
79,0.625917337462655,,1.3419138868382177,2.212705050818538,7.5625155265939075,COMPLETE,banco,extra_trees,,14.0,0.5184848097704275,2.0,10.0,285.0,,,,,,,,,
0,0.46125146473338197,,1.586035868117611,2.6554173474606926,8.70802465741357,COMPLETE,banco,hist_gradient_boosting,,,,32.0,,,1.2363188277052228e-05,0.021642251106469404,671.0,49.0,,,,,
1,0.13788208260021806,,1.9555740110202542,3.359101079270215,10.46510742022592,COMPLETE,banco,hist_gradient_boosting,,,,32.0,,,0.090470719575684,0.009204496040276266,134.0,57.0,,,,,
2,0.5067205540498481,,1.4399065513078737,2.540892238893429,8.043598688402025,COMPLETE,banco,hist_gradient_boosting,,,,14.0,,,1.8740223688836324e-05,0.005419290634672375,682.0,55.0,,,,,
3,0.3910516991663605,,1.601387782500098,2.8231239630913514,8.78402131842211,COMPLETE,banco,hist_gradient_boosting,,,,24.0,,,0.00010929592787219404,0.01024634005770867,282.0,37.0,,,,,
4,0.42518252124263756,,1.5817750877672772,2.7428668118090354,8.68712506925081,COMPLETE,banco,hist_gradient_boosting,,,,21.0,,,0.0015577217702693043,0.05476331374316277,183.0,24.0,,,,,
5,0.4543469693485842,,1.6402183471750706,2.6723788302301457,8.97341735745215,COMPLETE,banco,hist_gradient_boosting,,,,32.0,,,2.1142332035497158e-06,0.10788483727948411,220.0,37.0,,,,,
6,0.36526409444762364,,1.7674284728853185,2.88228067511045,9.570653315358705,COMPLETE,banco,hist_gradient_boosting,,,,48.0,,,5.746775499181867,0.053848112391315636,202.0,11.0,,,,,
7,0.4335596403053601,,1.7458132292755077,2.722806833207565,9.474860320555397,COMPLETE,banco,hist_gradient_boosting,,,,36.0,,,0.0012052231254145623,0.11814432092118202,283.0,13.0,,,,,
8,0.33444460327213255,,1.6716072811761458,2.9514256110368007,9.12848155500921,COMPLETE,banco,hist_gradient_boosting,,,,46.0,,,6.478282331897332e-05,0.008059522363804595,397.0,9.0,,,,,
9,0.4659652015816188,,1.5621282238975,2.6437751459536165,8.613445342385758,COMPLETE,banco,hist_gradient_boosting,,,,30.0,,,1.967801053211497e-05,0.0667690954439529,287.0,37.0,,,,,
10,0.5660044071266443,,1.5007832093943374,2.3833202147485775,8.340075958877282,COMPLETE,banco,hist_gradient_boosting,,,,6.0,,,0.036565023379591846,0.022639291620412304,660.0,63.0,,,,,
11,0.5730239550006273,,1.4585182769136518,2.3639674478575263,8.162698313508027,COMPLETE,banco,hist_gradient_boosting,,,,6.0,,,0.1475158931424759,0.022687615652227402,691.0,63.0,,,,,
12,0.5879966016487217,,1.4301414828660683,2.322149285311554,8.022725924534733,COMPLETE,banco,hist_gradient_boosting,,,,6.0,,,0.14174738765779735,0.02256508822740643,566.0,63.0,,,,,
13,0.6190117670087154,,1.3163251478610483,2.2330349383048897,7.457551239138368,COMPLETE,banco,hist_gradient_boosting,,,,5.0,,,1.331411893520304,0.026059578182190117,544.0,64.0,,,,,
14,0.4693049984929831,,1.6074683124640181,2.635495235742088,8.812865168190697,COMPLETE,banco,hist_gradient_boosting,,,,14.0,,,5.937513315185792,0.03362649631348126,543.0,47.0,,,,,
15,0.4315264961993741,,1.777433748036129,2.7276889888948603,9.686345501808379,COMPLETE,banco,hist_gradient_boosting,,,,13.0,,,0.7403373814704578,0.21860300184408024,538.0,47.0,,,,,
16,0.5915937926977994,,1.375899442213559,2.311989748260111,7.734874152165849,COMPLETE,banco,hist_gradient_boosting,,,,10.0,,,0.010807884533589544,0.017975715859247992,529.0,55.0,,,,,
17,0.4895047360760676,,1.563944332697885,2.584851486162653,8.648420640862023,COMPLETE,banco,hist_gradient_boosting,,,,19.0,,,0.014263083313636996,0.014373300896344164,452.0,53.0,,,,,
18,0.5721132397250012,,1.4320308246694193,2.366487208052713,7.991731225632441,COMPLETE,banco,hist_gradient_boosting,,,,10.0,,,0.9370907086987901,0.032188396820085924,434.0,29.0,,,,,
19,0.4797617154419903,,1.589164476023114,2.6094014019200693,8.751791904876114,COMPLETE,banco,hist_gradient_boosting,,,,18.0,,,0.0037162023060960045,0.01604697246632342,607.0,42.0,,,,,
20,0.5799471423355612,,1.3574409085307544,2.3447238915774555,7.63847290291343,COMPLETE,banco,hist_gradient_boosting,,,,10.0,,,0.8811139862613117,0.014204680611021026,474.0,58.0,,,,,
21,0.6007896112752675,,1.3960640325302538,2.285812767439089,7.824318978084523,COMPLETE,banco,hist_gradient_boosting,,,,5.0,,,0.2642306115638735,0.03777350260671331,564.0,64.0,,,,,
22,0.6020725172050736,,1.4254490863148976,2.2821369581505646,7.958681233550331,COMPLETE,banco,hist_gradient_boosting,,,,5.0,,,0.014974234266575858,0.03743851735878044,501.0,59.0,,,,,
23,0.5929532056860317,,1.4197456486926485,2.3081387188343294,7.931315600587912,COMPLETE,banco,hist_gradient_boosting,,,,5.0,,,0.49883387615144614,0.04826838515337241,385.0,60.0,,,,,
24,0.3959205813817688,,1.8611836431182052,2.811815085074451,10.041857434037533,COMPLETE,banco,hist_gradient_boosting,,,,41.0,,,2.281457021011254,0.08130925892764573,601.0,51.0,,,,,
25,0.5912817100632703,,1.3869667045277891,2.312872930312892,7.778750333028681,COMPLETE,banco,hist_gradient_boosting,,,,10.0,,,0.03453516885262706,0.03396912786624764,495.0,64.0,,,,,
26,0.4268237715485027,,1.6181738240444736,2.7389482209926554,8.866668423592431,COMPLETE,banco,hist_gradient_boosting,,,,25.0,,,0.21137460950408404,0.04171953582749722,342.0,59.0,,,,,
27,0.44094129667357884,,1.630968549501291,2.705007311629351,8.919419684998061,COMPLETE,banco,hist_gradient_boosting,,,,16.0,,,0.004917276057429243,0.029941380316266003,606.0,44.0,,,,,
28,0.5175059235857784,,1.5172988488497499,2.512960891468675,8.395597340167162,COMPLETE,banco,hist_gradient_boosting,,,,8.0,,,0.000542179448184824,0.07127144792678386,505.0,21.0,,,,,
29,0.5107057712064123,,1.597005884522537,2.5306074575892494,8.837191790289141,COMPLETE,banco,hist_gradient_boosting,,,,13.0,,,0.03991765456855322,0.026686466160196824,645.0,51.0,,,,,
30,0.36582181856161466,,1.7819807990315049,2.8810141084196834,9.662872497965429,COMPLETE,banco,hist_gradient_boosting,,,,22.0,,,2.8889075510944133,0.12798810845602746,576.0,42.0,,,,,
31,0.5739347637256889,,1.4759979345498022,2.361444740005426,8.231709287733532,COMPLETE,banco,hist_gradient_boosting,,,,6.0,,,0.23136907196186465,0.04279639871163158,374.0,58.0,,,,,
32,0.604556152851792,,1.3814686528200766,2.275003914126891,7.758119807906352,COMPLETE,banco,hist_gradient_boosting,,,,5.0,,,0.46389067574531684,0.0396486447908779,425.0,61.0,,,,,
33,0.5121907043152801,,1.5057407333748816,2.5267645365138853,8.345717614329239,COMPLETE,banco,hist_gradient_boosting,,,,9.0,,,2.1450635818927566,0.03751127669785936,466.0,60.0,,,,,
34,0.5400733106232519,,1.4700416478764915,2.4534885922697924,8.210744446391745,COMPLETE,banco,hist_gradient_boosting,,,,12.0,,,0.46769927683354984,0.011517635323440068,427.0,56.0,,,,,
35,0.5902351359857865,,1.4640819068831352,2.315832236681522,8.149082437705621,COMPLETE,banco,hist_gradient_boosting,,,,5.0,,,0.06875698339202417,0.026437399814887574,497.0,54.0,,,,,
36,0.45749612496762204,,1.634567953771415,2.664656052157948,8.936065304162934,COMPLETE,banco,hist_gradient_boosting,,,,16.0,,,0.013152961311830073,0.054449584496786885,338.0,61.0,,,,,
37,0.5520125754800034,,1.4442778417159663,2.421434068409908,8.089358793754498,COMPLETE,banco,hist_gradient_boosting,,,,8.0,,,0.07860356493064076,0.06578697664247964,105.0,49.0,,,,,
38,0.5168185733721268,,1.4578211577433824,2.5147502082347,8.137162211990573,COMPLETE,banco,hist_gradient_boosting,,,,12.0,,,1.605249738539513,0.007166542131408417,577.0,31.0,,,,,
39,0.4069324743284011,,1.7597934551696188,2.7860686216236084,9.527090482357638,COMPLETE,banco,hist_gradient_boosting,,,,16.0,,,8.646565714783037,0.08974737373023352,636.0,56.0,,,,,
40,0.5135535987917652,,1.5189296872230353,2.523232293297452,8.449001337357315,COMPLETE,banco,hist_gradient_boosting,,,,8.0,,,0.00037698082167732564,0.04550379299127544,417.0,64.0,,,,,
41,0.5785870667127462,,1.498361826264244,2.348516776839539,8.321734954391754,COMPLETE,banco,hist_gradient_boosting,,,,7.0,,,0.4365471810048017,0.04850686854879328,383.0,61.0,,,,,
42,0.6054212903475826,,1.395771531963003,2.272513966607661,7.838165041760038,COMPLETE,banco,hist_gradient_boosting,,,,5.0,,,0.3420054062301693,0.05573940308317466,346.0,60.0,,,,,
43,0.5963435047697461,,1.4431506447121472,2.2985063582227863,8.042890372814806,COMPLETE,banco,hist_gradient_boosting,,,,5.0,,,0.2733093397960715,0.05796239742694889,237.0,57.0,,,,,
44,0.5698249176750425,,1.4068770573152487,2.3728067118008034,7.865868821899625,COMPLETE,banco,hist_gradient_boosting,,,,8.0,,,4.17147884284779,0.01807187808999319,337.0,62.0,,,,,
45,0.43698924981267806,,1.668865650186759,2.71455146980416,9.096760318658713,COMPLETE,banco,hist_gradient_boosting,,,,37.0,,,1.5546630089237374,0.028316006211238778,528.0,52.0,,,,,
46,0.5736772631347498,,1.4348320836362294,2.362158224135134,8.020938740642874,COMPLETE,banco,hist_gradient_boosting,,,,11.0,,,0.10589560239536726,0.03924598449213195,292.0,64.0,,,,,
47,0.6117733404977824,,1.4298737587791641,2.2541479347203173,7.993153157134923,COMPLETE,banco,hist_gradient_boosting,,,,5.0,,,0.02353720868692,0.021356372856427972,453.0,59.0,,,,,
48,0.5157510081545532,,1.4964868353483636,2.517526782866737,8.314377196528339,COMPLETE,banco,hist_gradient_boosting,,,,14.0,,,0.001658427305071985,0.021925169997516793,440.0,54.0,,,,,
49,0.4427712726282871,,1.6405109499936117,2.7005765105695807,9.010670726034101,COMPLETE,banco,hist_gradient_boosting,,,,30.0,,,0.014748625149186411,0.13662814483473482,407.0,49.0,,,,,
50,0.3571459902248547,,1.757362756985765,2.9006539179904562,9.517364868311915,COMPLETE,banco,hist_gradient_boosting,,,,50.0,,,0.0288465291950078,0.018628158344330303,358.0,16.0,,,,,
51,0.5935739459200723,,1.4425264679938221,2.3063781089514706,8.047196674516384,COMPLETE,banco,hist_gradient_boosting,,,,5.0,,,0.0057223562779568655,0.02672155620313871,473.0,59.0,,,,,
52,0.5836719557208885,,1.4745532070934415,2.334304837759335,8.216155568745407,COMPLETE,banco,hist_gradient_boosting,,,,7.0,,,2.199056981490417e-06,0.034783058347851385,552.0,61.0,,,,,
53,0.5744674585716265,,1.4755173232445888,2.359968061356945,8.233531656853543,COMPLETE,banco,hist_gradient_boosting,,,,7.0,,,0.357402378503235,0.020205945110550644,516.0,57.0,,,,,
54,0.5729342545038114,,1.40174521803508,2.3642157497484595,7.859445302853382,COMPLETE,banco,hist_gradient_boosting,,,,9.0,,,0.05961999632989876,0.025124781059600646,496.0,62.0,,,,,
55,0.6277252052840525,,1.322246589048975,2.2073517913465976,7.456099256413787,COMPLETE,banco,hist_gradient_boosting,,,,5.0,,,1.1835387046439154,0.056161009417129225,461.0,59.0,,,,,
56,0.5598432743011688,,1.4896181146382865,2.4001777645220708,8.28440450638613,COMPLETE,banco,hist_gradient_boosting,,,,11.0,,,0.022071658332379562,0.06041681853718292,304.0,54.0,,,,,
57,0.575888532290522,,1.4455041423024324,2.356024187653108,8.072947953912617,COMPLETE,banco,hist_gradient_boosting,,,,7.0,,,0.9205529835730293,0.07775596619610615,460.0,58.0,,,,,
58,0.5486904561721688,,1.452185716796631,2.4303957423900466,8.087721082490663,COMPLETE,banco,hist_gradient_boosting,,,,9.0,,,0.1382445942724836,0.09276725829343699,402.0,32.0,,,,,
59,0.5986614735757239,,1.3625369655997446,2.2918973517218864,7.684220967996648,COMPLETE,banco,hist_gradient_boosting,,,,5.0,,,5.397602348592003,0.051094998287718504,444.0,47.0,,,,,
60,0.5848904536584858,,1.3053989587236283,2.3308863437258998,7.382534520586999,COMPLETE,banco,hist_gradient_boosting,,,,11.0,,,0.007241737331632387,0.012223149727273086,251.0,56.0,,,,,
61,0.6135717434195203,,1.3122783882212268,2.2489208698437326,7.412091276562445,COMPLETE,banco,hist_gradient_boosting,,,,5.0,,,1.214843001984219,0.03694453729792867,553.0,64.0,,,,,
62,0.613482917079857,,1.3366457220443544,2.249179329114403,7.553884074406195,COMPLETE,banco,hist_gradient_boosting,,,,7.0,,,3.9295476431524854,0.03219413812602352,475.0,60.0,,,,,
63,0.5801696597946817,,1.4025876424157586,2.3441027660357947,7.8709192740494,COMPLETE,banco,hist_gradient_boosting,,,,7.0,,,9.859271964885968,0.032104038649857364,483.0,62.0,,,,,
64,0.5489735007499141,,1.429897389655335,2.42963349590329,7.984627303684995,COMPLETE,banco,hist_gradient_boosting,,,,9.0,,,1.2191833652537554,0.02327921545948027,546.0,60.0,,,,,
65,0.5870916127873582,,1.416882297903877,2.3246982527292426,7.963785412329381,COMPLETE,banco,hist_gradient_boosting,,,,6.0,,,3.2646754539688976,0.029895915684417344,424.0,64.0,,,,,
66,0.582537314853629,,1.3867387062924144,2.33748357573526,7.783083690255535,COMPLETE,banco,hist_gradient_boosting,,,,10.0,,,0.600503724603295,0.06240135423305509,458.0,59.0,,,,,
67,0.41156126132169313,,1.6955962649608933,2.7751749381083255,9.223460262953001,COMPLETE,banco,hist_gradient_boosting,,,,44.0,,,0.7484309064106855,0.041708732276353716,319.0,61.0,,,,,
68,0.50457792830432,,1.4462392964615445,2.546404613363422,8.088833317093478,COMPLETE,banco,hist_gradient_boosting,,,,13.0,,,2.231209054494202,0.014645748442421147,364.0,55.0,,,,,
69,0.6089406036629029,,1.394922003538207,2.2623568019909976,7.850468949718032,COMPLETE,banco,hist_gradient_boosting,,,,6.0,,,5.711490080547903,0.04513901866408212,162.0,62.0,,,,,
70,0.6082595783984104,,1.3119109537655782,2.2643258787476603,7.452492250529616,COMPLETE,banco,hist_gradient_boosting,,,,7.0,,,4.804163495663693,0.04756577800410115,164.0,63.0,,,,,
71,0.585256611125204,,1.3788017468858849,2.329858109449298,7.770098039417363,COMPLETE,banco,hist_gradient_boosting,,,,7.0,,,5.269988060280214,0.046246584211843994,197.0,63.0,,,,,
72,0.5836251881366521,,1.4112768140158425,2.3344359443878098,7.9514330514227405,COMPLETE,banco,hist_gradient_boosting,,,,6.0,,,1.331932840877669,0.05348054183322657,174.0,58.0,,,,,
73,0.5527308962429196,,1.4340000375983595,2.419491977991852,7.997431173440124,COMPLETE,banco,hist_gradient_boosting,,,,9.0,,,2.953123017062303,0.06988528174657847,171.0,62.0,,,,,
74,0.5754023535616606,,1.3462009910634434,2.357374210995538,7.58317158660033,COMPLETE,banco,hist_gradient_boosting,,,,8.0,,,3.6888227348376326,0.03168932810885245,149.0,64.0,,,,,
75,0.5780240505222967,,1.4117877882636378,2.350085086115428,7.937842889737776,COMPLETE,banco,hist_gradient_boosting,,,,6.0,,,7.253303285642026,0.03553895861005576,106.0,60.0,,,,,
76,-0.2578542133264998,,2.6392054492280934,4.057466018858644,13.373988039683116,COMPLETE,banco,hist_gradient_boosting,,,,25.0,,,2.1929821025148977,0.005209376445531141,125.0,57.0,,,,,
77,0.5213374172304686,,1.4952602860009911,2.502963271559633,8.317915389027696,COMPLETE,banco,hist_gradient_boosting,,,,12.0,,,1.224846035451644,0.04346417103822873,257.0,63.0,,,,,
78,0.45949785341495286,,1.607764987111515,2.659735490819348,8.80720937337786,COMPLETE,banco,hist_gradient_boosting,,,,15.0,,,5.318469617841942,0.02440653856632212,595.0,53.0,,,,,
79,0.5984101896876546,,1.36574107207938,2.292614734580011,7.6796461627351915,COMPLETE,banco,hist_gradient_boosting,,,,5.0,,,0.7684860200448672,0.020067379076764525,517.0,26.0,,,,,
0,0.5792889914604618,,1.507427458337687,2.3465600629670296,8.391814952188538,COMPLETE,banco,xgboost,,10.0,,,,431.0,,0.08762050559064072,,,0.6202083881990965,3.96389588638785,3.3323645788192616e-08,0.6245760287469893,0.8193963178886665
1,0.6161386016598469,,1.3595030451617731,2.2414391714992217,7.704060401285072,COMPLETE,banco,xgboost,,8.0,,,,601.0,,0.005419290634672375,,,0.9245991883601898,5.034443102887247,4.329370014459266e-07,4.4734294104626844e-07,0.9864594334728974
2,0.5500955145386306,,1.5504050457648653,2.426609527453542,8.61241380772777,COMPLETE,banco,xgboost,,6.0,,,,378.0,,0.027091411597666194,,,0.8253338026250707,3.6503833523887947,4.258943089524393e-06,1.9826980964985924e-05,0.6810531130891189
3,0.6542653989540046,,1.3455142735864827,2.127213888422806,7.987445067197964,COMPLETE,banco,xgboost,,9.0,,,,492.0,,0.010919676461591487,,,0.8165865559879191,1.8825578416799567,0.0029369981104377003,3.425445902633376e-07,0.7814054972861253
4,0.7213999939783251,,1.2753930210830777,1.9095467600805243,7.318389987593112,COMPLETE,banco,xgboost,,10.0,,,,198.0,,0.21854952340652511,,,0.6870761961280168,2.8557701661212933,0.014391207615728067,9.148975058772307e-05,0.9137788066524075
5,0.3769584105095434,,1.4742394510863446,2.855605802780785,8.25092407626586,COMPLETE,banco,xgboost,,6.0,,,,241.0,,0.005719987374645638,,,0.6664509917200077,13.587923402725657,6.388511557344611e-06,0.0004793052550782129,0.959194180935452
6,0.39047343854079886,,1.8321377406979558,2.824464071974603,9.92873759439784,COMPLETE,banco,xgboost,,3.0,,,,560.0,,0.22195513835256983,,,0.9727745237038852,18.001719658125328,0.002404915432737351,1.9809253750493907,0.8988097705125015
7,0.3251605995066359,,1.6466865910194297,2.971939418955395,9.050969740179196,COMPLETE,banco,xgboost,,3.0,,,,216.0,,0.0059677388712406935,,,0.724904780360267,6.155631603704022,0.28749982347407854,1.6247252885719427e-05,0.696398648843469
8,0.4246379724403734,,1.4266837684914875,2.7441657208683092,7.9718828903242,COMPLETE,banco,xgboost,,6.0,,,,360.0,,0.008677528234927538,,,0.5835477896558969,19.75085179540983,0.08916674715636537,6.143857495033091e-07,0.9109886413393178
9,0.6849803464865429,,1.4103727244894786,2.0305260319491434,7.960663349321089,COMPLETE,banco,xgboost,,9.0,,,,154.0,,0.07941443105985017,,,0.8970716560086756,2.4068483829477167,1.683416412018213e-05,1.1036250149900698e-07,0.8780532256184443
10,0.510605430350903,,1.7043717747358222,2.5308669234540244,9.429926560114346,COMPLETE,banco,xgboost,,8.0,,,,859.0,,0.22191388349996413,,,0.7287440843640081,9.670223902207146,4.3444691085504035,0.012278672550406745,0.5580828440266691
11,0.5630844803369812,,1.4902468507551612,2.3913242758619453,8.32030267866604,COMPLETE,banco,xgboost,,10.0,,,,175.0,,0.08333367975219191,,,0.8674270384667826,8.783253732509461,7.15524708993688e-05,1.4615543668400673e-08,0.8566038007580604
12,0.6402728795334283,,1.390788870949659,2.169833088152022,8.214265233239864,COMPLETE,banco,xgboost,,8.0,,,,158.0,,0.09659421086355419,,,0.7530779145630436,1.16229242229498,0.00021759093455646087,0.0033529882127447696,0.8987737406605343
13,0.5858938953788989,,1.4896127842580147,2.328067420634734,8.371232923734775,COMPLETE,banco,xgboost,,10.0,,,,304.0,,0.040796523104162846,,,0.8989992821446072,6.865278724133808,0.012583585642702967,1.0900459440590258e-08,0.7066387572518074
