number,value,params_alpha,user_attrs_mae_valid,user_attrs_rmse_valid,user_attrs_smape_valid,state,nivel,familia,params_l1_ratio,params_max_depth,params_max_features,params_min_samples_leaf,params_min_samples_split,params_n_estimators,params_l2_regularization,params_learning_rate,params_max_iter,params_max_leaf_nodes,params_colsample_bytree,params_min_child_weight,params_reg_alpha,params_reg_lambda,params_subsample
27,-2.7830030726503567,,1.1688487962206224,1.2486600354335469,5.0263142760377075,COMPLETE,total,hist_gradient_boosting,,,,5.0,,,0.022506578851519354,0.025175592293475484,597.0,42.0,,,,,
28,-55.54659400486208,,4.784698558927988,4.8275756760213575,19.072838712120735,COMPLETE,total,hist_gradient_boosting,,,,12.0,,,0.016006672322427116,0.026864311611551242,586.0,60.0,,,,,
29,-55.54659400486208,,4.784698558927988,4.8275756760213575,19.072838712120735,COMPLETE,total,hist_gradient_boosting,,,,17.0,,,0.003735234658382664,0.012789576454318627,519.0,19.0,,,,,
30,-55.54659400486208,,4.784698558927988,4.8275756760213575,19.072838712120735,COMPLETE,total,hist_gradient_boosting,,,,8.0,,,0.17983337822774023,0.005912542088529924,359.0,52.0,,,,,
31,-2.103334397355054,,1.0738891953282426,1.1309415303481993,4.623496020462947,COMPLETE,total,hist_gradient_boosting,,,,6.0,,,0.038250935317788094,0.02098197079343345,650.0,43.0,,,,,
32,-3.9866608532024372,,1.357125482575503,1.433609205963223,5.81411409271678,COMPLETE,total,hist_gradient_boosting,,,,5.0,,,0.049708215502086116,0.019036775872850225,654.0,40.0,,,,,
33,-55.54659400486208,,4.784698558927988,4.8275756760213575,19.072838712120735,COMPLETE,total,hist_gradient_boosting,,,,8.0,,,0.023720902157228087,0.03635602623576134,588.0,33.0,,,,,
34,-55.54659400486208,,4.784698558927988,4.8275756760213575,19.072838712120735,COMPLETE,total,hist_gradient_boosting,,,,12.0,,,0.1419444975348742,0.010686436366796915,635.0,27.0,,,,,
35,-55.54659400486208,,4.784698558927988,4.8275756760213575,19.072838712120735,COMPLETE,total,hist_gradient_boosting,,,,15.0,,,1.6350952906370217,0.025628060766943236,533.0,42.0,,,,,
36,-14.60700055530777,,2.4326745466377524,2.536212202961192,10.109328215098746,COMPLETE,total,hist_gradient_boosting,,,,7.0,,,0.004070943853562506,0.045788201229331325,486.0,51.0,,,,,
37,-55.54659400486208,,4.784698558927988,4.8275756760213575,19.072838712120735,COMPLETE,total,hist_gradient_boosting,,,,21.0,,,0.0010035114525271268,0.007472322768984768,105.0,35.0,,,,,
38,-55.54659400486208,,4.784698558927988,4.8275756760213575,19.072838712120735,COMPLETE,total,hist_gradient_boosting,,,,10.0,,,0.07415794397482282,0.01540773277822988,693.0,39.0,,,,,
39,-55.54659400486208,,4.784698558927988,4.8275756760213575,19.072838712120735,COMPLETE,total,hist_gradient_boosting,,,,35.0,,,0.23719005536675689,0.0656849006268615,586.0,58.0,,,,,
40,-55.54659400486208,,4.784698558927988,4.8275756760213575,19.072838712120735,COMPLETE,total,hist_gradient_boosting,,,,24.0,,,0.025568974979771272,0.011571834536849188,463.0,27.0,,,,,
41,-15.957019328837884,,2.5198692702446284,2.643629701105742,10.431994481049596,COMPLETE,total,hist_gradient_boosting,,,,7.0,,,0.0004264315225074256,0.02209275165360701,656.0,48.0,,,,,
42,-2.546975135415027,,1.1298332019552983,1.2090797204429635,4.862917211050749,COMPLETE,total,hist_gradient_boosting,,,,5.0,,,5.099870192866305e-05,0.022866788121879738,662.0,46.0,,,,,
43,-1.7269518838398743,,0.9539294484962522,1.0601433718351974,4.118864376065482,COMPLETE,total,hist_gradient_boosting,,,,5.0,,,5.8288516534425926e-06,0.03206539480429942,664.0,39.0,,,,,
44,-55.54659400486208,,4.784698558927988,4.8275756760213575,19.072838712120735,COMPLETE,total,hist_gradient_boosting,,,,13.0,,,6.721532445756038e-06,0.0320169739736238,670.0,39.0,,,,,
45,-55.54659400486208,,4.784698558927988,4.8275756760213575,19.072838712120735,COMPLETE,total,hist_gradient_boosting,,,,9.0,,,5.322235480080729e-06,0.04604524045514818,643.0,45.0,,,,,
46,-15.753340050006024,,2.510578760703005,2.627704753715159,10.400899388798015,COMPLETE,total,hist_gradient_boosting,,,,7.0,,,7.872472427877404e-05,0.019344394105637784,694.0,50.0,,,,,
47,-55.54659400486208,,4.784698558927988,4.8275756760213575,19.072838712120735,COMPLETE,total,hist_gradient_boosting,,,,16.0,,,1.6094481302354842e-05,0.023360224850187527,611.0,35.0,,,,,
48,-55.54659400486208,,4.784698558927988,4.8275756760213575,19.072838712120735,COMPLETE,total,hist_gradient_boosting,,,,10.0,,,4.5778253434098e-05,0.040351105621639634,670.0,45.0,,,,,
49,-1.2007291000491311,,0.8552816954225856,0.9523775687741499,3.70120976038538,COMPLETE,total,hist_gradient_boosting,,,,5.0,,,3.1382390588842112e-06,0.05711083791183982,559.0,40.0,,,,,
50,-55.54659400486208,,4.784698558927988,4.8275756760213575,19.072838712120735,COMPLETE,total,hist_gradient_boosting,,,,28.0,,,2.776571295085005e-06,0.059444614201592416,597.0,42.0,,,,,
51,-1.2483326484720498,,0.863618958728401,0.9626228100927857,3.7373675924422707,COMPLETE,total,hist_gradient_boosting,,,,5.0,,,2.9801743245344368e-05,0.08147770225048538,559.0,54.0,,,,,
52,-1.9652162959540576,,1.0244847672989745,1.105488054247335,4.408723501109049,COMPLETE,total,hist_gradient_boosting,,,,6.0,,,2.494711783750316e-05,0.08936870393717113,562.0,38.0,,,,,
53,-27.698483970532866,,3.152306651844393,3.4391834525778533,12.873828186631156,COMPLETE,total,hist_gradient_boosting,,,,7.0,,,3.007060373069296e-05,0.14491603698317665,564.0,54.0,,,,,
54,-55.54659400486208,,4.784698558927988,4.8275756760213575,19.072838712120735,COMPLETE,total,hist_gradient_boosting,,,,9.0,,,0.00015837274525971865,0.09908675210480378,633.0,37.0,,,,,
55,-55.54659400486208,,4.784698558927988,4.8275756760213575,19.072838712120735,COMPLETE,total,hist_gradient_boosting,,,,44.0,,,8.33510567707865e-06,0.07853815110906766,512.0,40.0,,,,,
56,-2.887198991182503,,1.1822988781541028,1.2657392616449596,5.064698268691592,COMPLETE,total,hist_gradient_boosting,,,,6.0,,,2.8577334197214806e-06,0.1684082778168214,545.0,47.0,,,,,
57,-55.54659400486208,,4.784698558927988,4.8275756760213575,19.072838712120735,COMPLETE,total,hist_gradient_boosting,,,,11.0,,,3.086061047261288e-05,0.12422731184956666,672.0,44.0,,,,,
58,-55.54659400486208,,4.784698558927988,4.8275756760213575,19.072838712120735,COMPLETE,total,hist_gradient_boosting,,,,14.0,,,0.0001650516227769747,0.07621516184389132,239.0,49.0,,,,,
59,-1.8062521680130397,,0.9946488723784673,1.0754474938247862,4.288464098562188,COMPLETE,total,hist_gradient_boosting,,,,6.0,,,1.2924444053909142e-05,0.05234675082140683,626.0,34.0,,,,,
60,-55.54659400486208,,4.784698558927988,4.8275756760213575,19.072838712120735,COMPLETE,total,hist_gradient_boosting,,,,8.0,,,1.2816188629117392e-05,0.052615228262419086,571.0,33.0,,,,,
61,-1.769020241967973,,0.9721961335574948,1.0682894270509051,4.191851526532234,COMPLETE,total,hist_gradient_boosting,,,,6.0,,,4.430262618183581e-06,0.09080892364964531,644.0,36.0,,,,,
62,-2.250571617456633,,1.0692624443069523,1.1574593150036105,4.594888280109052,COMPLETE,total,hist_gradient_boosting,,,,6.0,,,4.015965628816873e-06,0.09192641485947937,619.0,36.0,,,,,
63,-55.54659400486208,,4.784698558927988,4.8275756760213575,19.072838712120735,COMPLETE,total,hist_gradient_boosting,,,,10.0,,,1.3895066109821646e-06,0.07131254680116199,640.0,38.0,,,,,
64,-2.8154082378985232,,1.1678709264292326,1.2539966359701908,5.001768666156132,COMPLETE,total,hist_gradient_boosting,,,,6.0,,,8.028200620246673e-06,0.112104084632334,700.0,28.0,,,,,
65,-55.54659400486208,,4.784698558927988,4.8275756760213575,19.072838712120735,COMPLETE,total,hist_gradient_boosting,,,,8.0,,,2.541760728964805e-05,0.061402482323854105,614.0,34.0,,,,,
66,-55.54659400486208,,4.784698558927988,4.8275756760213575,19.072838712120735,COMPLETE,total,hist_gradient_boosting,,,,11.0,,,1.0573090946547055e-05,0.05237683981262189,575.0,31.0,,,,,
67,-55.54659400486208,,4.784698558927988,4.8275756760213575,19.072838712120735,COMPLETE,total,hist_gradient_boosting,,,,9.0,,,1.9746405262490935e-05,0.08088789266575877,547.0,41.0,,,,,
68,-55.54659400486208,,4.784698558927988,4.8275756760213575,19.072838712120735,COMPLETE,total,hist_gradient_boosting,,,,13.0,,,1.8741024508025014e-06,0.12501980284703124,507.0,37.0,,,,,
69,-2.321763029582411,,1.0827328431402836,1.1700655387234806,4.650549298868405,COMPLETE,total,hist_gradient_boosting,,,,6.0,,,4.479826648050905e-06,0.09349772588646106,605.0,35.0,,,,,
70,-55.54659400486208,,4.784698558927988,4.8275756760213575,19.072838712120735,COMPLETE,total,hist_gradient_boosting,,,,50.0,,,2.8645876763471622e-06,0.04237175049572175,528.0,60.0,,,,,
71,-2.3253178420051683,,1.0820029004913632,1.1706914490120992,4.6480814839267035,COMPLETE,total,hist_gradient_boosting,,,,6.0,,,4.581182384108052e-06,0.09406547690145152,625.0,36.0,,,,,
72,-1.8247795901946353,,0.9723517843046423,1.078991810061314,4.196471707392341,COMPLETE,total,hist_gradient_boosting,,,,5.0,,,1.10292606565166e-06,0.03246025139245271,648.0,38.0,,,,,
73,-1.9500614662968512,,0.9945962085516532,1.10265943357274,4.2890704469920955,COMPLETE,total,hist_gradient_boosting,,,,5.0,,,1.045464213836181e-06,0.03224438459265973,683.0,39.0,,,,,
74,-1.6173598394425963,,0.9259574538565053,1.0386221543440788,3.9996459013046706,COMPLETE,total,hist_gradient_boosting,,,,5.0,,,1.2667146067131326e-06,0.033006848816899664,682.0,39.0,,,,,
75,-2.3252661752471186,,1.0689821929691312,1.1706823542323412,4.6044749086118175,COMPLETE,total,hist_gradient_boosting,,,,5.0,,,1.276320338856955e-06,0.03137608751275949,675.0,30.0,,,,,
76,-55.54659400486208,,4.784698558927988,4.8275756760213575,19.072838712120735,COMPLETE,total,hist_gradient_boosting,,,,8.0,,,2.109491190648781e-06,0.03456239190799071,681.0,33.0,,,,,
77,-13.883221480427435,,2.341760899292162,2.4767053211604235,9.756008608149848,COMPLETE,total,hist_gradient_boosting,,,,7.0,,,1.2384250349664833e-06,0.02933672545699656,646.0,40.0,,,,,
78,-55.54659400486208,,4.784698558927988,4.8275756760213575,19.072838712120735,COMPLETE,total,hist_gradient_boosting,,,,9.0,,,2.070100514408591e-06,0.057969462157661154,684.0,22.0,,,,,
79,-1.4469854751904014,,0.8886044453929655,1.0042493530960017,3.8411525928082537,COMPLETE,total,hist_gradient_boosting,,,,5.0,,,3.335708864376811e-06,0.04825850022146012,655.0,39.0,,,,,
0,-2.883442902006715,,1.2032241095622869,1.2651275900306407,5.172213307389609,COMPLETE,total,xgboost,,10.0,,,,431.0,,0.08762050559064072,,,0.6202083881990965,3.96389588638785,3.3323645788192616e-08,0.6245760287469893,0.8193963178886665
1,-13.138204383885341,,2.389065034143179,2.413920665368465,10.00361963158774,COMPLETE,total,xgboost,,8.0,,,,601.0,,0.005419290634672375,,,0.9245991883601898,5.034443102887247,4.329370014459266e-07,4.4734294104626844e-07,0.9864594334728974
2,-3.0951125727738615,,1.2656147549073389,1.2991484733701104,5.428662466756242,COMPLETE,total,xgboost,,6.0,,,,378.0,,0.027091411597666194,,,0.8253338026250707,3.6503833523887947,4.258943089524393e-06,1.9826980964985924e-05,0.6810531130891189
3,-2.845738794786948,,1.0981336503744614,1.2589710875004256,4.753532161799196,COMPLETE,total,xgboost,,9.0,,,,492.0,,0.010919676461591487,,,0.8165865559879191,1.8825578416799567,0.0029369981104377003,3.425445902633376e-07,0.7814054972861253
4,-2.663908800241384,,1.0705371766806138,1.2288480718520804,4.634930721220371,COMPLETE,total,xgboost,,10.0,,,,198.0,,0.21854952340652511,,,0.6870761961280168,2.8557701661212933,0.014391207615728067,9.148975058772307e-05,0.9137788066524075
5,-55.77226280960966,,4.794408089868276,4.837199142075905,19.107778411244126,COMPLETE,total,xgboost,,6.0,,,,241.0,,0.005719987374645638,,,0.6664509917200077,13.587923402725657,6.388511557344611e-06,0.0004793052550782129,0.959194180935452
6,-55.54657587244559,,4.784697777978628,4.827574902008162,19.072835901335385,COMPLETE,total,xgboost,,3.0,,,,560.0,,0.22195513835256983,,,0.9727745237038852,18.001719658125328,0.002404915432737351,1.9809253750493907,0.8988097705125015
7,-56.30737761819537,,4.8173534939210105,4.859942519546755,19.190293723217323,COMPLETE,total,xgboost,,3.0,,,,216.0,,0.0059677388712406935,,,0.724904780360267,6.155631603704022,0.28749982347407854,1.6247252885719427e-05,0.696398648843469
8,-55.54657587244559,,4.784697777978628,4.827574902008162,19.072835901335385,COMPLETE,total,xgboost,,6.0,,,,360.0,,0.008677528234927538,,,0.5835477896558969,19.75085179540983,0.08916674715636537,6.143857495033091e-07,0.9109886413393178
9,-2.991053926833902,,1.1518271038453272,1.2825362910703524,4.976346954984353,COMPLETE,total,xgboost,,9.0,,,,154.0,,0.07941443105985017,,,0.8970716560086756,2.4068483829477167,1.683416412018213e-05,1.1036250149900698e-07,0.8780532256184443
10,-63.44514274203689,,5.113579995385854,5.153721662751675,20.248850320919775,COMPLETE,total,xgboost,,8.0,,,,859.0,,0.22191388349996413,,,0.7287440843640081,9.670223902207146,4.3444691085504035,0.012278672550406745,0.5580828440266691
11,-60.203761532004165,,4.981242425195425,5.0224419067294646,19.777481975350454,COMPLETE,total,xgboost,,10.0,,,,709.0,,0.020256699544981695,,,0.8064638949990226,9.252769163371816,0.003138292940780035,0.0005658280468655436,0.7841199934470785
12,-2.3765257329633487,,1.0253791083415837,1.179670982666971,4.4478369169804575,COMPLETE,total,xgboost,,8.0,,,,682.0,,0.014209533776572537,,,0.7372785143038614,1.2439898367051514,0.0012033886068193284,2.492439910643839e-08,0.7080489480079079
13,-2.127166299391004,,0.9654495785157374,1.1352757297900715,4.195499691486066,COMPLETE,total,xgboost,,8.0,,,,727.0,,0.04288665608050182,,,0.690877781257382,1.0568281355350313,0.00018558521666905788,1.0875606743304423e-08,0.7042596797198424
14,-18.319323328932253,,2.7723855246623845,2.8217713544950644,11.517754894065106,COMPLETE,total,xgboost,,7.0,,,,750.0,,0.0528706864191937,,,0.5559131420730139,6.765479716882602,0.00014422243561457965,1.0349948297536779e-08,0.6895167521975207
15,-55.4661822722907,,4.78123403286144,4.824141942863826,19.060368364154545,COMPLETE,total,xgboost,,5.0,,,,683.0,,0.017365175754042148,,,0.7535468407949238,13.521543491370505,0.000260284128698369,1.0516994259765494e-08,0.6168627783130675
16,-62.46347147559697,,5.073865182153432,5.1143185757805885,20.107650776954866,COMPLETE,total,xgboost,,8.0,,,,854.0,,0.03916510924022461,,,0.669638712601036,7.072909784933061,4.893427412932517e-05,2.9878977504993186e-06,0.7273777676227156
17,-2.1448905461524235,,1.0131116777182114,1.1384884588043827,4.394378647520181,COMPLETE,total,xgboost,,4.0,,,,780.0,,0.013561393393908909,,,0.6353229066559677,1.5171615014327422,7.38953524298536e-07,5.8545411910321655e-08,0.6300158311536647
18,-58.48288240334737,,4.909533745996206,4.951329943659687,19.521031097750647,COMPLETE,total,xgboost,,4.0,,,,793.0,,0.03240238590159582,,,0.6275308032491651,12.920976705684385,2.1219899323605756e-08,0.010993417108982812,0.6253404460996047
19,-64.82608320136742,,5.168931252710073,5.208646359962291,20.4452732927792,COMPLETE,total,xgboost,,2.0,,,,899.0,,0.073124947633298,,,0.6189085546269046,7.6329753792567,5.092203661890027e-07,4.107672466398843e-06,0.5504284167483631
20,-57.06415209434432,,4.849618203393667,4.891926341084125,19.30619544485143,COMPLETE,total,xgboost,,5.0,,,,613.0,,0.12589121357479055,,,0.6854637219963702,11.877996092515318,9.051815199319725e-07,7.939388038837153e-08,0.6202075630681019
21,-2.568257819860568,,1.0469086239258936,1.2127016766656948,4.538434098186443,COMPLETE,total,xgboost,,7.0,,,,661.0,,0.013811760592816141,,,0.7834714243689794,1.0733398437350108,0.0005300404626924974,4.241144998359599e-08,0.7440930221910595
22,-2.330653778378824,,1.0205147335450342,1.1716303413903424,4.426767777052074,COMPLETE,total,xgboost,,7.0,,,,800.0,,0.02282370701344421,,,0.7117544939920389,1.1221708270981186,0.04232897887688121,1.0049931857391557e-08,0.6499757613833145
23,-29.59256759481008,,3.494727697920848,3.5508622841952797,14.307758980589913,COMPLETE,total,xgboost,,7.0,,,,788.0,,0.022252607452283933,,,0.6395975250883164,4.811434958243994,8.981376878969309,1.4805025368384747e-07,0.6504438367814873
24,-3.0112173000906894,,1.2264874050538233,1.2857719874862001,5.2682783798800905,COMPLETE,total,xgboost,,5.0,,,,796.0,,0.04563601781271395,,,0.7122900358576018,3.1272642770198305,0.0376001081231063,2.0861699425295155e-06,0.5837214545553119
25,-9.606959765835065,,2.0676898230632634,2.0908425305792346,8.71123752083252,COMPLETE,total,xgboost,,4.0,,,,744.0,,0.025396362044686677,,,0.5847019762868085,5.133606098622547,2.0457084614992622e-07,1.0209017941552559e-08,0.6602028401194608
26,-55.54657587244559,,4.784697777978628,4.827574902008162,19.072835901335385,COMPLETE,total,xgboost,,9.0,,,,831.0,,0.009132983103548865,,,0.8496184946384313,15.421035153741844,0.5868618816715159,9.822035421596696e-07,0.5939155929190026
27,-2.643138013934669,,1.0628464291016748,1.225359936742969,4.605482711162613,COMPLETE,total,xgboost,,7.0,,,,621.0,,0.05460631956739847,,,0.7681704503414213,1.2640536054013172,5.970826690614986e-05,9.94474744377665e-08,0.7481097910720439
28,-59.40897370673121,,4.9482529232423,4.989724802058873,19.659592613588206,COMPLETE,total,xgboost,,4.0,,,,739.0,,0.03459721567228509,,,0.6521431481939838,7.982741623426802,0.009146169398353906,3.707084918678788e-08,0.826331909600536
29,-8.849462246844464,,1.9911053249756983,2.014800847411519,8.413884026916234,COMPLETE,total,xgboost,,2.0,,,,516.0,,0.01691144235817007,,,0.6037344802370028,4.121390570594826,1.5326999674611956,0.009327579955292353,0.6507679794821821
30,-2.9998042429079375,,1.1993248531739404,1.2839414904895434,5.170340336737259,COMPLETE,total,xgboost,,5.0,,,,895.0,,0.06435488073339836,,,0.5516720383778431,2.7066234521786416,1.292139886896667e-07,0.151926542270183,0.8301044709509533
31,-2.4314525338739332,,1.0358781088909002,1.1892272793813867,4.491896281179984,COMPLETE,total,xgboost,,8.0,,,,664.0,,0.012275862998980836,,,0.7026422901274215,1.3721597748018006,0.0006602933259299275,2.863580078725849e-08,0.7181011771001897
32,-5.178450619960582,,1.5782117117961736,1.5957529461443436,6.723682562942522,COMPLETE,total,xgboost,,8.0,,,,705.0,,0.01456830004746795,,,0.7336707367858502,4.074079093694933,0.07671535159777206,2.5590957608778826e-07,0.7017488671871251
33,-10.125167203174646,,2.107169078739533,2.1413079940003694,8.86754180885338,COMPLETE,total,xgboost,,9.0,,,,572.0,,0.029009698014209297,,,0.7466723210740333,5.229819534964483,1.6466022283993607e-06,2.5643541227294228e-08,0.6655129281190681
34,-2.4216809241498556,,1.0118280320883286,1.1875328147985216,4.390898259930416,COMPLETE,total,xgboost,,7.0,,,,803.0,,0.009421860369329564,,,0.7814682435801872,1.02305164143007,0.0009031434495168771,1.118460744931853e-05,0.75828418050793
35,-3.745875630706407,,1.3126496543010564,1.3985694629645657,5.646524693168942,COMPLETE,total,xgboost,,8.0,,,,480.0,,0.0076941533533427895,,,0.6963213416406336,2.5218042064092834,8.444848561518772e-08,5.534329544165445e-07,0.7933012595433027
36,-2.6436352027500947,,1.159467942468374,1.2254435479688566,5.002315586451358,COMPLETE,total,xgboost,,9.0,,,,754.0,,0.01989749070074123,,,0.669701790867877,2.278163904768843,3.902491221020578e-06,2.2716114245077616e-07,0.6364963220777361
37,-8.085829721641835,,1.9115653901815903,1.9351211589411148,8.091322124959047,COMPLETE,total,xgboost,,6.0,,,,641.0,,0.016365790322761493,,,0.8620069357466299,4.041473228318053,0.010489253320770659,4.273764876606117e-05,0.5960360865954776
38,-3.8780984204938136,,1.3796751568238428,1.4179180924988843,5.909206506286221,COMPLETE,total,xgboost,,6.0,,,,426.0,,0.02470032632614546,,,0.6505155752247482,3.5828415639113853,1.0491591910252657e-05,4.330174845704036e-08,0.6764280101529138
39,-6.879482383867002,,1.698747562321076,1.8020826664062564,7.177074289040678,COMPLETE,total,xgboost,,7.0,,,,716.0,,0.09532878607607774,,,0.9909303721297127,5.973594369490337,0.0020491460961781656,0.0001592578707819559,0.7244265815402688
40,-2.467236470613102,,1.030255245121369,1.1954119583513494,4.467920205639677,COMPLETE,total,xgboost,,10.0,,,,575.0,,0.011798982876902822,,,0.804522158939696,1.916376952019995,1.1944608158769602e-08,2.0981955486978817e-08,0.6995347533623186
41,-2.754948299797529,,1.0791793733358872,1.2440213843105972,4.674024634841644,COMPLETE,total,xgboost,,7.0,,,,820.0,,0.006702951948372532,,,0.783073166764477,1.1388235435038168,0.0008087248531076864,7.409805128304408e-06,0.76605301651441
42,-4.474141846748471,,1.466923323226024,1.5020482659791263,6.273285724778209,COMPLETE,total,xgboost,,8.0,,,,783.0,,0.011604159908601499,,,0.7611082665384578,3.2199686213845764,3.251847889599234e-05,1.1350648939181227e-06,0.7538168041702435
43,-2.7654426817391267,,1.0681377321005356,1.245758575543973,4.6278720953387,COMPLETE,total,xgboost,,7.0,,,,835.0,,0.009277312959703774,,,0.8318490778312129,1.9676183272389605,0.003998218713564662,0.001189864496274418,0.8059679649406655
44,-3.9467980855959155,,1.334093021305451,1.4278676587736518,5.736517931597624,COMPLETE,total,xgboost,,8.0,,,,306.0,,0.01023904183798995,,,0.7237255181607375,2.1141823410664444,0.00013686580690875846,1.6030954115470347e-05,0.850612768831328
45,-5.8354101855346565,,1.64308508927827,1.6784490226428606,7.002055446058623,COMPLETE,total,xgboost,,3.0,,,,862.0,,0.006596580761731726,,,0.6760198868834028,3.1542678210508925,0.0012292771784949928,3.156739155410775e-07,0.679905501832095
46,-2.740434499181784,,1.0431714921713364,1.2416148319549258,4.522920850609366,COMPLETE,total,xgboost,,6.0,,,,768.0,,0.0077890012803723775,,,0.7391726992233554,1.0680891229016958,0.03522464428275703,7.678355119317773e-08,0.9598723647044165
47,-55.54657587244559,,4.784697777978628,4.827574902008162,19.072835901335385,COMPLETE,total,xgboost,,7.0,,,,820.0,,0.020546844412068804,,,0.7094162382089126,15.285145066674437,0.11623052954807826,8.886225713978979,0.7102134261890242
48,-3.5190052638748703,,1.345034208846141,1.3647317284408322,5.754919459880123,COMPLETE,total,xgboost,,9.0,,,,692.0,,0.04273938032249543,,,0.9027612108957155,4.266402817468885,0.00012801931015310938,1.8604751930587603e-08,0.7331288276940402
